===instance1===
[ORCH 14:03:54] starting workers
[ORCH 14:03:54] MIP cmd: /home/hungle/RCP_bench/.venv39/bin/python /home/hungle/RCP_bench/src/hybrid_mip_cplex_worker.py --inst instances/instance1.txt --state-file logs/shared_state.json --threads 1 --quiet
[ORCH 14:03:54] SAT cmd: /home/hungle/RCP_bench/.venv39/bin/python /home/hungle/RCP_bench/src/hybrid_sat_reuse_var_certifier_worker.py --inst instances/instance1.txt --state-file logs/shared_state.json --solver g42 --poll 0.5
[SAT-COUNT 14:03:54] built F1 | vars=2578 | clauses=5997
[MIP-CPLEX 14:03:55] start optimize | threads=1 | time_limit=3599.54s
[MIP-CPLEX 14:03:55] OPTIMAL by MIP | obj=550.000000 | solve=0.12s | total=0.22s
[ORCH 14:03:55] current global_ub=550 from MIP
[ORCH 14:03:55] OPTIMAL found: 550 by MIP

================================================================================
FINAL HYBRID STATE
================================================================================
best_source: MIP
deadline_ts: 1774944234.5591695
global_lb: None
global_ub: 550
instance: instances/instance1.txt
mip_objval: 550.0
mip_solve_time_sec: 0.12279885899988585
mip_status: OPTIMAL
mip_status_raw: integer optimal solution
mip_total_time_sec: 0.21809273100006976
optimal_cost: 550
sat_solver_time_sec: 0.0
sat_status: STOPPED_OPTIMAL
sat_total_time_sec: 0.5233916209999734
status: OPTIMAL
total_runtime_sec: 1.0198647940001138
updated_at: 1774940635.5761108
================================================================================

===instance2===
[ORCH 14:03:55] starting workers
[ORCH 14:03:55] MIP cmd: /home/hungle/RCP_bench/.venv39/bin/python /home/hungle/RCP_bench/src/hybrid_mip_cplex_worker.py --inst instances/instance2.txt --state-file logs/shared_state.json --threads 1 --quiet
[ORCH 14:03:55] SAT cmd: /home/hungle/RCP_bench/.venv39/bin/python /home/hungle/RCP_bench/src/hybrid_sat_reuse_var_certifier_worker.py --inst instances/instance2.txt --state-file logs/shared_state.json --solver g42 --poll 0.5
[MIP-CPLEX 14:03:56] start optimize | threads=1 | time_limit=3599.70s
[MIP-CPLEX 14:03:57] OPTIMAL by MIP | obj=1100.000000 | solve=1.00s | total=1.09s
[ORCH 14:03:57] current global_ub=1100 from MIP
[ORCH 14:03:57] OPTIMAL found: 1100 by MIP

================================================================================
FINAL HYBRID STATE
================================================================================
best_source: MIP
deadline_ts: 1774944235.675492
global_lb: None
global_ub: 1100
instance: instances/instance2.txt
mip_objval: 1100.0
mip_solve_time_sec: 1.0042454849999558
mip_status: OPTIMAL
mip_status_raw: integer optimal solution
mip_total_time_sec: 1.0922629240001243
optimal_cost: 1100
sat_status: None
status: OPTIMAL
total_runtime_sec: 1.5159728520000044
updated_at: 1774940637.1896005
================================================================================

===instance3===
[ORCH 14:03:57] starting workers
[ORCH 14:03:57] MIP cmd: /home/hungle/RCP_bench/.venv39/bin/python /home/hungle/RCP_bench/src/hybrid_mip_cplex_worker.py --inst instances/instance3.txt --state-file logs/shared_state.json --threads 1 --quiet
[ORCH 14:03:57] SAT cmd: /home/hungle/RCP_bench/.venv39/bin/python /home/hungle/RCP_bench/src/hybrid_sat_reuse_var_certifier_worker.py --inst instances/instance3.txt --state-file logs/shared_state.json --solver g42 --poll 0.5
[MIP-CPLEX 14:03:57] start optimize | threads=1 | time_limit=3599.77s
[MIP-CPLEX 14:04:00] OPTIMAL by MIP | obj=1200.000000 | solve=2.97s | total=3.11s
[ORCH 14:04:00] current global_ub=1200 from MIP
[ORCH 14:04:00] OPTIMAL found: 1200 by MIP

================================================================================
FINAL HYBRID STATE
================================================================================
best_source: MIP
deadline_ts: 1774944237.249303
global_lb: None
global_ub: 1200
instance: instances/instance3.txt
mip_objval: 1200.0
mip_solve_time_sec: 2.97248971099998
mip_status: OPTIMAL
mip_status_raw: integer optimal solution
mip_total_time_sec: 3.1071302200000446
optimal_cost: 1200
sat_status: None
status: OPTIMAL
total_runtime_sec: 3.522490198000014
updated_at: 1774940640.7688718
================================================================================

===instance4===
[ORCH 14:04:00] starting workers
[ORCH 14:04:00] MIP cmd: /home/hungle/RCP_bench/.venv39/bin/python /home/hungle/RCP_bench/src/hybrid_mip_cplex_worker.py --inst instances/instance4.txt --state-file logs/shared_state.json --threads 1 --quiet
[ORCH 14:04:00] SAT cmd: /home/hungle/RCP_bench/.venv39/bin/python /home/hungle/RCP_bench/src/hybrid_sat_reuse_var_certifier_worker.py --inst instances/instance4.txt --state-file logs/shared_state.json --solver g42 --poll 0.5
[SAT-COUNT 14:04:01] built F1 | vars=21881 | clauses=52573
[MIP-CPLEX 14:04:01] start optimize | threads=1 | time_limit=3599.75s
[MIP-CPLEX 14:04:02] OPTIMAL by MIP | obj=1150.000000 | solve=1.02s | total=1.18s
[ORCH 14:04:02] current global_ub=1150 from MIP
[ORCH 14:04:02] OPTIMAL found: 1150 by MIP

================================================================================
FINAL HYBRID STATE
================================================================================
best_source: MIP
deadline_ts: 1774944240.828105
global_lb: None
global_ub: 1150
instance: instances/instance4.txt
mip_objval: 1150.0
mip_solve_time_sec: 1.0233992379999108
mip_status: OPTIMAL
mip_status_raw: integer optimal solution
mip_total_time_sec: 1.1758892610000657
optimal_cost: 1150
sat_solver_time_sec: 0.0
sat_status: STOPPED_OPTIMAL
sat_total_time_sec: 1.2601930820001144
status: OPTIMAL
total_runtime_sec: 1.517461312000023
updated_at: 1774940642.342949
================================================================================

===instance5===
[ORCH 14:04:02] starting workers
[ORCH 14:04:02] MIP cmd: /home/hungle/RCP_bench/.venv39/bin/python /home/hungle/RCP_bench/src/hybrid_mip_cplex_worker.py --inst instances/instance5.txt --state-file logs/shared_state.json --threads 1 --quiet
[ORCH 14:04:02] SAT cmd: /home/hungle/RCP_bench/.venv39/bin/python /home/hungle/RCP_bench/src/hybrid_sat_reuse_var_certifier_worker.py --inst instances/instance5.txt --state-file logs/shared_state.json --solver g42 --poll 0.5
[MIP-CPLEX 14:04:02] start optimize | threads=1 | time_limit=3599.80s
[SAT-COUNT 14:04:02] built F1 | vars=5714 | clauses=13116
[MIP-CPLEX 14:04:02] OPTIMAL by MIP | obj=700.000000 | solve=0.24s | total=0.30s
[ORCH 14:04:02] current global_ub=700 from MIP
[ORCH 14:04:02] OPTIMAL found: 700 by MIP

================================================================================
FINAL HYBRID STATE
================================================================================
best_source: MIP
deadline_ts: 1774944242.3912036
global_lb: None
global_ub: 700
instance: instances/instance5.txt
mip_objval: 700.0
mip_solve_time_sec: 0.23752780800009532
mip_status: OPTIMAL
mip_status_raw: integer optimal solution
mip_total_time_sec: 0.2980182670000886
optimal_cost: 700
sat_status: None
status: OPTIMAL
total_runtime_sec: 0.5133079750000888
updated_at: 1774940642.9029794
================================================================================

===instance6===
[ORCH 14:04:02] starting workers
[ORCH 14:04:02] MIP cmd: /home/hungle/RCP_bench/.venv39/bin/python /home/hungle/RCP_bench/src/hybrid_mip_cplex_worker.py --inst instances/instance6.txt --state-file logs/shared_state.json --threads 1 --quiet
[ORCH 14:04:02] SAT cmd: /home/hungle/RCP_bench/.venv39/bin/python /home/hungle/RCP_bench/src/hybrid_sat_reuse_var_certifier_worker.py --inst instances/instance6.txt --state-file logs/shared_state.json --solver g42 --poll 0.5
[SAT-COUNT 14:04:03] built F1 | vars=6527 | clauses=14941
[MIP-CPLEX 14:04:03] start optimize | threads=1 | time_limit=3599.75s
[MIP-CPLEX 14:04:03] OPTIMAL by MIP | obj=650.000000 | solve=0.27s | total=0.34s
[ORCH 14:04:03] current global_ub=650 from MIP
[ORCH 14:04:03] OPTIMAL found: 650 by MIP

================================================================================
FINAL HYBRID STATE
================================================================================
best_source: MIP
deadline_ts: 1774944242.9816272
global_lb: None
global_ub: 650
instance: instances/instance6.txt
mip_objval: 650.0
mip_solve_time_sec: 0.2680418600000394
mip_status: OPTIMAL
mip_status_raw: integer optimal solution
mip_total_time_sec: 0.34111335900001905
optimal_cost: 650
sat_solver_time_sec: 0.0
sat_status: STOPPED_OPTIMAL
sat_total_time_sec: 0.6291423449999911
status: OPTIMAL
total_runtime_sec: 1.0175306629998886
updated_at: 1774940643.9950933
================================================================================

===instance7===
[ORCH 14:04:04] starting workers
[ORCH 14:04:04] MIP cmd: /home/hungle/RCP_bench/.venv39/bin/python /home/hungle/RCP_bench/src/hybrid_mip_cplex_worker.py --inst instances/instance7.txt --state-file logs/shared_state.json --threads 1 --quiet
[ORCH 14:04:04] SAT cmd: /home/hungle/RCP_bench/.venv39/bin/python /home/hungle/RCP_bench/src/hybrid_sat_reuse_var_certifier_worker.py --inst instances/instance7.txt --state-file logs/shared_state.json --solver g42 --poll 0.5
[MIP-CPLEX 14:04:04] start optimize | threads=1 | time_limit=3599.75s
[MIP-CPLEX 14:04:04] OPTIMAL by MIP | obj=850.000000 | solve=0.46s | total=0.54s
[ORCH 14:04:05] current global_ub=850 from MIP
[ORCH 14:04:05] OPTIMAL found: 850 by MIP

================================================================================
FINAL HYBRID STATE
================================================================================
best_source: MIP
deadline_ts: 1774944244.0629165
global_lb: None
global_ub: 850
instance: instances/instance7.txt
mip_objval: 850.0
mip_solve_time_sec: 0.4603844979999394
mip_status: OPTIMAL
mip_status_raw: integer optimal solution
mip_total_time_sec: 0.5435448050000105
optimal_cost: 850
sat_status: None
status: OPTIMAL
total_runtime_sec: 1.014434252000001
updated_at: 1774940645.0757804
================================================================================

===instance8===
[ORCH 14:04:05] starting workers
[ORCH 14:04:05] MIP cmd: /home/hungle/RCP_bench/.venv39/bin/python /home/hungle/RCP_bench/src/hybrid_mip_cplex_worker.py --inst instances/instance8.txt --state-file logs/shared_state.json --threads 1 --quiet
[ORCH 14:04:05] SAT cmd: /home/hungle/RCP_bench/.venv39/bin/python /home/hungle/RCP_bench/src/hybrid_sat_reuse_var_certifier_worker.py --inst instances/instance8.txt --state-file logs/shared_state.json --solver g42 --poll 0.5
[MIP-CPLEX 14:04:05] start optimize | threads=1 | time_limit=3599.70s
[MIP-CPLEX 14:04:09] OPTIMAL by MIP | obj=900.000000 | solve=3.48s | total=3.61s
[ORCH 14:04:09] current global_ub=900 from MIP
[ORCH 14:04:09] OPTIMAL found: 900 by MIP

================================================================================
FINAL HYBRID STATE
================================================================================
best_source: MIP
deadline_ts: 1774944245.1488783
global_lb: None
global_ub: 900
instance: instances/instance8.txt
mip_objval: 900.0
mip_solve_time_sec: 3.48178490600003
mip_status: OPTIMAL
mip_status_raw: integer optimal solution
mip_total_time_sec: 3.6071637919999375
optimal_cost: 900
sat_status: None
status: OPTIMAL
total_runtime_sec: 4.024201491999975
updated_at: 1774940649.1699898
================================================================================

===instance9===
[ORCH 14:04:09] starting workers
[ORCH 14:04:09] MIP cmd: /home/hungle/RCP_bench/.venv39/bin/python /home/hungle/RCP_bench/src/hybrid_mip_cplex_worker.py --inst instances/instance9.txt --state-file logs/shared_state.json --threads 1 --quiet
[ORCH 14:04:09] SAT cmd: /home/hungle/RCP_bench/.venv39/bin/python /home/hungle/RCP_bench/src/hybrid_sat_reuse_var_certifier_worker.py --inst instances/instance9.txt --state-file logs/shared_state.json --solver g42 --poll 0.5
[SAT-COUNT 14:04:09] built F1 | vars=9791 | clauses=23005
[MIP-CPLEX 14:04:09] start optimize | threads=1 | time_limit=3599.75s
[MIP-CPLEX 14:04:10] OPTIMAL by MIP | obj=1000.000000 | solve=0.41s | total=0.50s
[ORCH 14:04:10] current global_ub=1000 from MIP
[ORCH 14:04:10] OPTIMAL found: 1000 by MIP

================================================================================
FINAL HYBRID STATE
================================================================================
best_source: MIP
deadline_ts: 1774944249.2388856
global_lb: None
global_ub: 1000
instance: instances/instance9.txt
mip_objval: 1000.0
mip_solve_time_sec: 0.4130652399999235
mip_status: OPTIMAL
mip_status_raw: integer optimal solution
mip_total_time_sec: 0.503202310000006
optimal_cost: 1000
sat_status: None
status: OPTIMAL
total_runtime_sec: 1.0127500950000012
updated_at: 1774940650.2492416
================================================================================

===instance10===
[ORCH 14:04:10] starting workers
[ORCH 14:04:10] MIP cmd: /home/hungle/RCP_bench/.venv39/bin/python /home/hungle/RCP_bench/src/hybrid_mip_cplex_worker.py --inst instances/instance10.txt --state-file logs/shared_state.json --threads 1 --quiet
[ORCH 14:04:10] SAT cmd: /home/hungle/RCP_bench/.venv39/bin/python /home/hungle/RCP_bench/src/hybrid_sat_reuse_var_certifier_worker.py --inst instances/instance10.txt --state-file logs/shared_state.json --solver g42 --poll 0.5
[MIP-CPLEX 14:04:10] start optimize | threads=1 | time_limit=3599.76s
[MIP-CPLEX 14:04:14] OPTIMAL by MIP | obj=1650.000000 | solve=3.54s | total=3.67s
[ORCH 14:04:14] current global_ub=1650 from MIP
[ORCH 14:04:14] OPTIMAL found: 1650 by MIP

================================================================================
FINAL HYBRID STATE
================================================================================
best_source: MIP
deadline_ts: 1774944250.306592
global_lb: None
global_ub: 1650
instance: instances/instance10.txt
mip_objval: 1650.0
mip_solve_time_sec: 3.5356260809999185
mip_status: OPTIMAL
mip_status_raw: integer optimal solution
mip_total_time_sec: 3.6689660259999073
optimal_cost: 1650
sat_status: None
status: OPTIMAL
total_runtime_sec: 4.01856504400007
updated_at: 1774940654.3237123
================================================================================

===instance11===
[ORCH 14:04:14] starting workers
[ORCH 14:04:14] MIP cmd: /home/hungle/RCP_bench/.venv39/bin/python /home/hungle/RCP_bench/src/hybrid_mip_cplex_worker.py --inst instances/instance11.txt --state-file logs/shared_state.json --threads 1 --quiet
[ORCH 14:04:14] SAT cmd: /home/hungle/RCP_bench/.venv39/bin/python /home/hungle/RCP_bench/src/hybrid_sat_reuse_var_certifier_worker.py --inst instances/instance11.txt --state-file logs/shared_state.json --solver g42 --poll 0.5
[MIP-CPLEX 14:04:15] start optimize | threads=1 | time_limit=3599.67s
[SAT-COUNT 14:04:24] built F1 | vars=68113 | clauses=171765
[MIP-CPLEX 14:05:30] OPTIMAL by MIP | obj=2250.000000 | solve=75.36s | total=75.73s
[ORCH 14:05:30] current global_ub=2250 from MIP
[ORCH 14:05:30] OPTIMAL found: 2250 by MIP

================================================================================
FINAL HYBRID STATE
================================================================================
best_source: MIP
deadline_ts: 1774944254.419375
global_lb: None
global_ub: 2250
instance: instances/instance11.txt
mip_objval: 2250.0
mip_solve_time_sec: 75.3629138020001
mip_status: OPTIMAL
mip_status_raw: integer optimal solution
mip_total_time_sec: 75.73440776500001
optimal_cost: 2250
sat_status: None
status: OPTIMAL
total_runtime_sec: 76.23794661400007
updated_at: 1774940730.654236
================================================================================

===instance12===
[ORCH 14:05:30] starting workers
[ORCH 14:05:30] MIP cmd: /home/hungle/RCP_bench/.venv39/bin/python /home/hungle/RCP_bench/src/hybrid_mip_cplex_worker.py --inst instances/instance12.txt --state-file logs/shared_state.json --threads 1 --quiet
[ORCH 14:05:30] SAT cmd: /home/hungle/RCP_bench/.venv39/bin/python /home/hungle/RCP_bench/src/hybrid_sat_reuse_var_certifier_worker.py --inst instances/instance12.txt --state-file logs/shared_state.json --solver g42 --poll 0.5
[MIP-CPLEX 14:05:31] start optimize | threads=1 | time_limit=3599.77s
[MIP-CPLEX 14:06:53] OPTIMAL by MIP | obj=2400.000000 | solve=82.00s | total=82.38s
[ORCH 14:06:53] current global_ub=2400 from MIP
[ORCH 14:06:53] OPTIMAL found: 2400 by MIP

================================================================================
FINAL HYBRID STATE
================================================================================
best_source: MIP
deadline_ts: 1774944330.705127
global_lb: None
global_ub: 2400
instance: instances/instance12.txt
mip_objval: 2400.0
mip_solve_time_sec: 82.00460642899998
mip_status: OPTIMAL
mip_status_raw: integer optimal solution
mip_total_time_sec: 82.38247436699999
optimal_cost: 2400
sat_status: None
status: OPTIMAL
total_runtime_sec: 82.71993986099983
updated_at: 1774940813.4240015
================================================================================

