=== run3 instance1 ===
[ORCH 18:30:53] starting workers
[ORCH 18:30:53] MIP cmd: /home/hungle/RCP_bench/.venv39/bin/python /home/hungle/RCP_bench/src/hybrid_mip_cplex_worker.py --inst instances/instance1.txt --state-file logs/shared_state.json --threads 1 --quiet
[ORCH 18:30:53] SAT cmd: /home/hungle/RCP_bench/.venv39/bin/python /home/hungle/RCP_bench/src/hybrid_sat_certifier_worker.py --inst instances/instance1.txt --state-file logs/shared_state.json --solver g42 --poll 0.5
[SAT 18:30:53] built F1 | vars=2578 | clauses=5997
[MIP-CPLEX 18:30:54] start optimize | threads=1 | time_limit=3599.77s
[MIP-CPLEX 18:30:54] OPTIMAL by MIP | obj=550.000000 | solve=0.07s | total=0.11s
[ORCH 18:30:54] current global_ub=550 from MIP
[ORCH 18:30:54] OPTIMAL found: 550 by MIP

================================================================================
FINAL HYBRID STATE
================================================================================
best_source: MIP
deadline_ts: 1774528253.7440085
global_lb: None
global_ub: 550
instance: instances/instance1.txt
mip_objval: 550.0
mip_solve_time_sec: 0.06729124999992564
mip_status: OPTIMAL
mip_status_raw: integer optimal solution
mip_total_time_sec: 0.10895926500006681
optimal_cost: 550
sat_status: None
status: OPTIMAL
total_runtime_sec: 0.5114816379999638
updated_at: 1774524654.2537606
================================================================================

=== run3 instance2 ===
[ORCH 18:30:54] starting workers
[ORCH 18:30:54] MIP cmd: /home/hungle/RCP_bench/.venv39/bin/python /home/hungle/RCP_bench/src/hybrid_mip_cplex_worker.py --inst instances/instance2.txt --state-file logs/shared_state.json --threads 1 --quiet
[ORCH 18:30:54] SAT cmd: /home/hungle/RCP_bench/.venv39/bin/python /home/hungle/RCP_bench/src/hybrid_sat_certifier_worker.py --inst instances/instance2.txt --state-file logs/shared_state.json --solver g42 --poll 0.5
[MIP-CPLEX 18:30:54] start optimize | threads=1 | time_limit=3599.76s
[MIP-CPLEX 18:30:55] OPTIMAL by MIP | obj=1100.000000 | solve=1.06s | total=1.13s
[ORCH 18:30:55] current global_ub=1100 from MIP
[ORCH 18:30:55] OPTIMAL found: 1100 by MIP

================================================================================
FINAL HYBRID STATE
================================================================================
best_source: MIP
deadline_ts: 1774528254.300169
global_lb: None
global_ub: 1100
instance: instances/instance2.txt
mip_objval: 1100.0
mip_solve_time_sec: 1.0571917759999678
mip_status: OPTIMAL
mip_status_raw: integer optimal solution
mip_total_time_sec: 1.127391295999928
optimal_cost: 1100
sat_status: None
status: OPTIMAL
total_runtime_sec: 1.5552019699999846
updated_at: 1774524655.8540149
================================================================================

=== run3 instance3 ===
[ORCH 18:30:55] starting workers
[ORCH 18:30:55] MIP cmd: /home/hungle/RCP_bench/.venv39/bin/python /home/hungle/RCP_bench/src/hybrid_mip_cplex_worker.py --inst instances/instance3.txt --state-file logs/shared_state.json --threads 1 --quiet
[ORCH 18:30:55] SAT cmd: /home/hungle/RCP_bench/.venv39/bin/python /home/hungle/RCP_bench/src/hybrid_sat_certifier_worker.py --inst instances/instance3.txt --state-file logs/shared_state.json --solver g42 --poll 0.5
[MIP-CPLEX 18:30:56] start optimize | threads=1 | time_limit=3599.74s
[MIP-CPLEX 18:30:58] OPTIMAL by MIP | obj=1200.000000 | solve=2.19s | total=2.32s
[ORCH 18:30:58] current global_ub=1200 from MIP
[ORCH 18:30:58] OPTIMAL found: 1200 by MIP

================================================================================
FINAL HYBRID STATE
================================================================================
best_source: MIP
deadline_ts: 1774528255.9170628
global_lb: None
global_ub: 1200
instance: instances/instance3.txt
mip_objval: 1200.0
mip_solve_time_sec: 2.1903532410000253
mip_status: OPTIMAL
mip_status_raw: integer optimal solution
mip_total_time_sec: 2.3166817979999905
optimal_cost: 1200
sat_status: None
status: OPTIMAL
total_runtime_sec: 2.635163863999992
updated_at: 1774524658.549802
================================================================================

=== run3 instance4 ===
[ORCH 18:30:58] starting workers
[ORCH 18:30:58] MIP cmd: /home/hungle/RCP_bench/.venv39/bin/python /home/hungle/RCP_bench/src/hybrid_mip_cplex_worker.py --inst instances/instance4.txt --state-file logs/shared_state.json --threads 1 --quiet
[ORCH 18:30:58] SAT cmd: /home/hungle/RCP_bench/.venv39/bin/python /home/hungle/RCP_bench/src/hybrid_sat_certifier_worker.py --inst instances/instance4.txt --state-file logs/shared_state.json --solver g42 --poll 0.5
[MIP-CPLEX 18:30:58] start optimize | threads=1 | time_limit=3599.77s
[SAT 18:30:58] built F1 | vars=21881 | clauses=52573
[MIP-CPLEX 18:30:59] OPTIMAL by MIP | obj=1150.000000 | solve=0.83s | total=0.96s
[SAT 18:31:00] stop because global status=OPTIMAL
[ORCH 18:31:00] current global_ub=1150 from MIP
[ORCH 18:31:00] OPTIMAL found: 1150 by MIP

================================================================================
FINAL HYBRID STATE
================================================================================
best_source: MIP
deadline_ts: 1774528258.6085
global_lb: None
global_ub: 1150
instance: instances/instance4.txt
mip_objval: 1150.0
mip_solve_time_sec: 0.8342650309999726
mip_status: OPTIMAL
mip_status_raw: integer optimal solution
mip_total_time_sec: 0.9621344550000686
optimal_cost: 1150
sat_solver_time_sec: 0.0
sat_status: STOPPED_OPTIMAL
sat_total_time_sec: 1.250432055000033
status: OPTIMAL
total_runtime_sec: 1.5310891189999438
updated_at: 1774524660.1379182
================================================================================

=== run3 instance5 ===
[ORCH 18:31:00] starting workers
[ORCH 18:31:00] MIP cmd: /home/hungle/RCP_bench/.venv39/bin/python /home/hungle/RCP_bench/src/hybrid_mip_cplex_worker.py --inst instances/instance5.txt --state-file logs/shared_state.json --threads 1 --quiet
[ORCH 18:31:00] SAT cmd: /home/hungle/RCP_bench/.venv39/bin/python /home/hungle/RCP_bench/src/hybrid_sat_certifier_worker.py --inst instances/instance5.txt --state-file logs/shared_state.json --solver g42 --poll 0.5
[SAT 18:31:00] built F1 | vars=5714 | clauses=13116
[MIP-CPLEX 18:31:00] start optimize | threads=1 | time_limit=3599.76s
[MIP-CPLEX 18:31:00] OPTIMAL by MIP | obj=700.000000 | solve=0.18s | total=0.22s
[ORCH 18:31:00] current global_ub=700 from MIP
[ORCH 18:31:00] OPTIMAL found: 700 by MIP

================================================================================
FINAL HYBRID STATE
================================================================================
best_source: MIP
deadline_ts: 1774528260.1942914
global_lb: None
global_ub: 700
instance: instances/instance5.txt
mip_objval: 700.0
mip_solve_time_sec: 0.17556260300000304
mip_status: OPTIMAL
mip_status_raw: integer optimal solution
mip_total_time_sec: 0.22337907300004645
optimal_cost: 700
sat_status: None
status: OPTIMAL
total_runtime_sec: 0.5165561009999919
updated_at: 1774524660.708793
================================================================================

=== run3 instance6 ===
[ORCH 18:31:00] starting workers
[ORCH 18:31:00] MIP cmd: /home/hungle/RCP_bench/.venv39/bin/python /home/hungle/RCP_bench/src/hybrid_mip_cplex_worker.py --inst instances/instance6.txt --state-file logs/shared_state.json --threads 1 --quiet
[ORCH 18:31:00] SAT cmd: /home/hungle/RCP_bench/.venv39/bin/python /home/hungle/RCP_bench/src/hybrid_sat_certifier_worker.py --inst instances/instance6.txt --state-file logs/shared_state.json --solver g42 --poll 0.5
[SAT 18:31:01] built F1 | vars=6527 | clauses=14941
[MIP-CPLEX 18:31:01] start optimize | threads=1 | time_limit=3599.72s
[MIP-CPLEX 18:31:01] OPTIMAL by MIP | obj=650.000000 | solve=0.20s | total=0.27s
[SAT 18:31:01] stop because global status=OPTIMAL
[ORCH 18:31:01] current global_ub=650 from MIP
[ORCH 18:31:01] OPTIMAL found: 650 by MIP

================================================================================
FINAL HYBRID STATE
================================================================================
best_source: MIP
deadline_ts: 1774528260.7603955
global_lb: None
global_ub: 650
instance: instances/instance6.txt
mip_objval: 650.0
mip_solve_time_sec: 0.20409463399994365
mip_status: OPTIMAL
mip_status_raw: integer optimal solution
mip_total_time_sec: 0.26889626399997724
optimal_cost: 650
sat_solver_time_sec: 0.0
sat_status: STOPPED_OPTIMAL
sat_total_time_sec: 0.6192607839999482
status: OPTIMAL
total_runtime_sec: 1.0252755510000497
updated_at: 1774524661.7842822
================================================================================

=== run3 instance7 ===
[ORCH 18:31:01] starting workers
[ORCH 18:31:01] MIP cmd: /home/hungle/RCP_bench/.venv39/bin/python /home/hungle/RCP_bench/src/hybrid_mip_cplex_worker.py --inst instances/instance7.txt --state-file logs/shared_state.json --threads 1 --quiet
[ORCH 18:31:01] SAT cmd: /home/hungle/RCP_bench/.venv39/bin/python /home/hungle/RCP_bench/src/hybrid_sat_certifier_worker.py --inst instances/instance7.txt --state-file logs/shared_state.json --solver g42 --poll 0.5
[MIP-CPLEX 18:31:02] start optimize | threads=1 | time_limit=3599.78s
[MIP-CPLEX 18:31:02] OPTIMAL by MIP | obj=850.000000 | solve=0.35s | total=0.41s
[ORCH 18:31:02] current global_ub=850 from MIP
[ORCH 18:31:02] OPTIMAL found: 850 by MIP

================================================================================
FINAL HYBRID STATE
================================================================================
best_source: MIP
deadline_ts: 1774528261.8280966
global_lb: None
global_ub: 850
instance: instances/instance7.txt
mip_objval: 850.0
mip_solve_time_sec: 0.34806619099992986
mip_status: OPTIMAL
mip_status_raw: integer optimal solution
mip_total_time_sec: 0.40956762499990873
optimal_cost: 850
sat_status: None
status: OPTIMAL
total_runtime_sec: 1.0269356029999699
updated_at: 1774524662.8537655
================================================================================

=== run3 instance8 ===
[ORCH 18:31:02] starting workers
[ORCH 18:31:02] MIP cmd: /home/hungle/RCP_bench/.venv39/bin/python /home/hungle/RCP_bench/src/hybrid_mip_cplex_worker.py --inst instances/instance8.txt --state-file logs/shared_state.json --threads 1 --quiet
[ORCH 18:31:02] SAT cmd: /home/hungle/RCP_bench/.venv39/bin/python /home/hungle/RCP_bench/src/hybrid_sat_certifier_worker.py --inst instances/instance8.txt --state-file logs/shared_state.json --solver g42 --poll 0.5
[MIP-CPLEX 18:31:03] start optimize | threads=1 | time_limit=3599.75s
[MIP-CPLEX 18:31:05] OPTIMAL by MIP | obj=900.000000 | solve=2.68s | total=2.78s
[ORCH 18:31:05] current global_ub=900 from MIP
[ORCH 18:31:05] OPTIMAL found: 900 by MIP

================================================================================
FINAL HYBRID STATE
================================================================================
best_source: MIP
deadline_ts: 1774528262.9008932
global_lb: None
global_ub: 900
instance: instances/instance8.txt
mip_objval: 900.0
mip_solve_time_sec: 2.6783696989999726
mip_status: OPTIMAL
mip_status_raw: integer optimal solution
mip_total_time_sec: 2.7765214899999364
optimal_cost: 900
sat_status: None
status: OPTIMAL
total_runtime_sec: 3.0659211480000295
updated_at: 1774524665.965698
================================================================================

=== run3 instance9 ===
[ORCH 18:31:06] starting workers
[ORCH 18:31:06] MIP cmd: /home/hungle/RCP_bench/.venv39/bin/python /home/hungle/RCP_bench/src/hybrid_mip_cplex_worker.py --inst instances/instance9.txt --state-file logs/shared_state.json --threads 1 --quiet
[ORCH 18:31:06] SAT cmd: /home/hungle/RCP_bench/.venv39/bin/python /home/hungle/RCP_bench/src/hybrid_sat_certifier_worker.py --inst instances/instance9.txt --state-file logs/shared_state.json --solver g42 --poll 0.5
[SAT 18:31:06] built F1 | vars=9791 | clauses=23005
[MIP-CPLEX 18:31:06] start optimize | threads=1 | time_limit=3599.74s
[MIP-CPLEX 18:31:06] OPTIMAL by MIP | obj=1000.000000 | solve=0.48s | total=0.58s
[ORCH 18:31:07] current global_ub=1000 from MIP
[ORCH 18:31:07] OPTIMAL found: 1000 by MIP

================================================================================
FINAL HYBRID STATE
================================================================================
best_source: MIP
deadline_ts: 1774528266.025149
global_lb: None
global_ub: 1000
instance: instances/instance9.txt
mip_objval: 1000.0
mip_solve_time_sec: 0.481545335000078
mip_status: OPTIMAL
mip_status_raw: integer optimal solution
mip_total_time_sec: 0.5798570749999499
optimal_cost: 1000
sat_status: None
status: OPTIMAL
total_runtime_sec: 1.0217929639999284
updated_at: 1774524667.0452332
================================================================================

=== run3 instance10 ===
[ORCH 18:31:07] starting workers
[ORCH 18:31:07] MIP cmd: /home/hungle/RCP_bench/.venv39/bin/python /home/hungle/RCP_bench/src/hybrid_mip_cplex_worker.py --inst instances/instance10.txt --state-file logs/shared_state.json --threads 1 --quiet
[ORCH 18:31:07] SAT cmd: /home/hungle/RCP_bench/.venv39/bin/python /home/hungle/RCP_bench/src/hybrid_sat_certifier_worker.py --inst instances/instance10.txt --state-file logs/shared_state.json --solver g42 --poll 0.5
[MIP-CPLEX 18:31:07] start optimize | threads=1 | time_limit=3599.75s
[MIP-CPLEX 18:31:10] OPTIMAL by MIP | obj=1650.000000 | solve=2.73s | total=2.87s
[ORCH 18:31:10] current global_ub=1650 from MIP
[ORCH 18:31:10] OPTIMAL found: 1650 by MIP

================================================================================
FINAL HYBRID STATE
================================================================================
best_source: MIP
deadline_ts: 1774528267.1006267
global_lb: None
global_ub: 1650
instance: instances/instance10.txt
mip_objval: 1650.0
mip_solve_time_sec: 2.731792695000081
mip_status: OPTIMAL
mip_status_raw: integer optimal solution
mip_total_time_sec: 2.8700952589999815
optimal_cost: 1650
sat_status: None
status: OPTIMAL
total_runtime_sec: 3.5268704520000256
updated_at: 1774524670.6259522
================================================================================

=== run3 instance11 ===
[ORCH 18:31:10] starting workers
[ORCH 18:31:10] MIP cmd: /home/hungle/RCP_bench/.venv39/bin/python /home/hungle/RCP_bench/src/hybrid_mip_cplex_worker.py --inst instances/instance11.txt --state-file logs/shared_state.json --threads 1 --quiet
[ORCH 18:31:10] SAT cmd: /home/hungle/RCP_bench/.venv39/bin/python /home/hungle/RCP_bench/src/hybrid_sat_certifier_worker.py --inst instances/instance11.txt --state-file logs/shared_state.json --solver g42 --poll 0.5
[MIP-CPLEX 18:31:11] start optimize | threads=1 | time_limit=3599.76s
[SAT 18:31:16] built F1 | vars=68113 | clauses=171765
[MIP-CPLEX 18:32:08] OPTIMAL by MIP | obj=2250.000000 | solve=60.85s | total=61.05s
[SAT 18:32:08] stop because global status=OPTIMAL
[ORCH 18:32:08] current global_ub=2250 from MIP
[ORCH 18:32:08] OPTIMAL found: 2250 by MIP

================================================================================
FINAL HYBRID STATE
================================================================================
best_source: MIP
deadline_ts: 1774528270.6773632
global_lb: None
global_ub: 2250
instance: instances/instance11.txt
mip_objval: 2250.0
mip_solve_time_sec: 60.84594103100005
mip_status: OPTIMAL
mip_status_raw: integer optimal solution
mip_total_time_sec: 61.05468111599998
optimal_cost: 2250
sat_solver_time_sec: 0.0
sat_status: STOPPED_OPTIMAL
sat_total_time_sec: 61.509415977
status: OPTIMAL
total_runtime_sec: 61.69322126099996
updated_at: 1774524728.7319124
================================================================================

=== run3 instance12 ===
[ORCH 18:32:08] starting workers
[ORCH 18:32:08] MIP cmd: /home/hungle/RCP_bench/.venv39/bin/python /home/hungle/RCP_bench/src/hybrid_mip_cplex_worker.py --inst instances/instance12.txt --state-file logs/shared_state.json --threads 1 --quiet
[ORCH 18:32:08] SAT cmd: /home/hungle/RCP_bench/.venv39/bin/python /home/hungle/RCP_bench/src/hybrid_sat_certifier_worker.py --inst instances/instance12.txt --state-file logs/shared_state.json --solver g42 --poll 0.5
[MIP-CPLEX 18:32:09] start optimize | threads=1 | time_limit=3599.81s
[MIP-CPLEX 18:33:11] OPTIMAL by MIP | obj=2400.000000 | solve=66.48s | total=66.72s
[ORCH 18:33:12] current global_ub=2400 from MIP
[ORCH 18:33:12] OPTIMAL found: 2400 by MIP

================================================================================
FINAL HYBRID STATE
================================================================================
best_source: MIP
deadline_ts: 1774528328.781758
global_lb: None
global_ub: 2400
instance: instances/instance12.txt
mip_objval: 2400.0
mip_solve_time_sec: 66.48122957299995
mip_status: OPTIMAL
mip_status_raw: integer optimal solution
mip_total_time_sec: 66.72462518199995
optimal_cost: 2400
sat_status: None
status: OPTIMAL
total_runtime_sec: 67.09717001900003
updated_at: 1774524792.1600926
================================================================================

