=== run1 instance1 ===
[ORCH 14:11:39] starting workers
[ORCH 14:11:39] MIP cmd: /home/hungle/RCP_bench/.venv39/bin/python /home/hungle/RCP_bench/src/hybrid_mip_cplex_worker.py --inst instances/instance1.txt --state-file logs/shared_state.json --threads 1 --quiet
[ORCH 14:11:39] SAT cmd: /home/hungle/RCP_bench/.venv39/bin/python /home/hungle/RCP_bench/src/hybrid_sat_reuse_var_certifier_worker.py --inst instances/instance1.txt --state-file logs/shared_state.json --solver g42 --poll 0.5
[SAT-COUNT 14:11:39] built F1 | vars=2578 | clauses=5997
[MIP-CPLEX 14:11:39] start optimize | threads=1 | time_limit=3599.73s
[MIP-CPLEX 14:11:39] OPTIMAL by MIP | obj=550.000000 | solve=0.07s | total=0.12s
[ORCH 14:11:39] current global_ub=550 from MIP
[ORCH 14:11:39] OPTIMAL found: 550 by MIP

================================================================================
FINAL HYBRID STATE
================================================================================
best_source: MIP
deadline_ts: 1774944699.3902164
global_lb: None
global_ub: 550
instance: instances/instance1.txt
mip_objval: 550.0
mip_solve_time_sec: 0.06999839600007363
mip_status: OPTIMAL
mip_status_raw: integer optimal solution
mip_total_time_sec: 0.11537067000017487
optimal_cost: 550
sat_status: None
status: OPTIMAL
total_runtime_sec: 0.5150222560000657
updated_at: 1774941099.9020386
================================================================================

=== run1 instance2 ===
[ORCH 14:11:39] starting workers
[ORCH 14:11:39] MIP cmd: /home/hungle/RCP_bench/.venv39/bin/python /home/hungle/RCP_bench/src/hybrid_mip_cplex_worker.py --inst instances/instance2.txt --state-file logs/shared_state.json --threads 1 --quiet
[ORCH 14:11:39] SAT cmd: /home/hungle/RCP_bench/.venv39/bin/python /home/hungle/RCP_bench/src/hybrid_sat_reuse_var_certifier_worker.py --inst instances/instance2.txt --state-file logs/shared_state.json --solver g42 --poll 0.5
[MIP-CPLEX 14:11:40] start optimize | threads=1 | time_limit=3599.70s
[ORCH 14:11:42] current global_ub=1100 from MIP
[MIP-CPLEX 14:11:42] OPTIMAL by MIP | obj=1100.000000 | solve=1.64s | total=1.72s
[ORCH 14:11:42] current global_ub=1100 from MIP
[ORCH 14:11:42] OPTIMAL found: 1100 by MIP

================================================================================
FINAL HYBRID STATE
================================================================================
best_source: MIP
deadline_ts: 1774944699.984774
global_lb: None
global_ub: 1100
instance: instances/instance2.txt
mip_objval: 1100.0
mip_solve_time_sec: 1.6419686330000332
mip_status: OPTIMAL
mip_status_raw: integer optimal solution
mip_total_time_sec: 1.7200050989999909
optimal_cost: 1100
sat_status: None
status: OPTIMAL
total_runtime_sec: 2.5301109889999225
updated_at: 1774941102.5078309
================================================================================

=== run1 instance3 ===
[ORCH 14:11:42] starting workers
[ORCH 14:11:42] MIP cmd: /home/hungle/RCP_bench/.venv39/bin/python /home/hungle/RCP_bench/src/hybrid_mip_cplex_worker.py --inst instances/instance3.txt --state-file logs/shared_state.json --threads 1 --quiet
[ORCH 14:11:42] SAT cmd: /home/hungle/RCP_bench/.venv39/bin/python /home/hungle/RCP_bench/src/hybrid_sat_reuse_var_certifier_worker.py --inst instances/instance3.txt --state-file logs/shared_state.json --solver g42 --poll 0.5
[MIP-CPLEX 14:11:43] start optimize | threads=1 | time_limit=3599.56s
[MIP-CPLEX 14:11:46] OPTIMAL by MIP | obj=1200.000000 | solve=3.18s | total=3.41s
[ORCH 14:11:46] current global_ub=1200 from MIP
[ORCH 14:11:46] OPTIMAL found: 1200 by MIP

================================================================================
FINAL HYBRID STATE
================================================================================
best_source: MIP
deadline_ts: 1774944702.6365952
global_lb: None
global_ub: 1200
instance: instances/instance3.txt
mip_objval: 1200.0
mip_solve_time_sec: 3.1798042300001725
mip_status: OPTIMAL
mip_status_raw: integer optimal solution
mip_total_time_sec: 3.4104794720001337
optimal_cost: 1200
sat_status: None
status: OPTIMAL
total_runtime_sec: 4.0306675350000205
updated_at: 1774941106.6634824
================================================================================

=== run1 instance4 ===
[ORCH 14:11:46] starting workers
[ORCH 14:11:46] MIP cmd: /home/hungle/RCP_bench/.venv39/bin/python /home/hungle/RCP_bench/src/hybrid_mip_cplex_worker.py --inst instances/instance4.txt --state-file logs/shared_state.json --threads 1 --quiet
[ORCH 14:11:46] SAT cmd: /home/hungle/RCP_bench/.venv39/bin/python /home/hungle/RCP_bench/src/hybrid_sat_reuse_var_certifier_worker.py --inst instances/instance4.txt --state-file logs/shared_state.json --solver g42 --poll 0.5
[SAT-COUNT 14:11:47] built F1 | vars=21881 | clauses=52573
[MIP-CPLEX 14:11:47] start optimize | threads=1 | time_limit=3599.54s
[MIP-CPLEX 14:11:49] OPTIMAL by MIP | obj=1150.000000 | solve=1.86s | total=2.13s
[ORCH 14:11:49] current global_ub=1150 from MIP
[ORCH 14:11:49] OPTIMAL found: 1150 by MIP

================================================================================
FINAL HYBRID STATE
================================================================================
best_source: MIP
deadline_ts: 1774944706.815273
global_lb: None
global_ub: 1150
instance: instances/instance4.txt
mip_objval: 1150.0
mip_solve_time_sec: 1.8635547970000061
mip_status: OPTIMAL
mip_status_raw: integer optimal solution
mip_total_time_sec: 2.127614436000158
optimal_cost: 1150
sat_solver_time_sec: 0.0
sat_status: STOPPED_OPTIMAL
sat_total_time_sec: 2.3994016520000514
status: OPTIMAL
total_runtime_sec: 3.0362794099999064
updated_at: 1774941109.847052
================================================================================

=== run1 instance5 ===
[ORCH 14:11:49] starting workers
[ORCH 14:11:49] MIP cmd: /home/hungle/RCP_bench/.venv39/bin/python /home/hungle/RCP_bench/src/hybrid_mip_cplex_worker.py --inst instances/instance5.txt --state-file logs/shared_state.json --threads 1 --quiet
[ORCH 14:11:49] SAT cmd: /home/hungle/RCP_bench/.venv39/bin/python /home/hungle/RCP_bench/src/hybrid_sat_reuse_var_certifier_worker.py --inst instances/instance5.txt --state-file logs/shared_state.json --solver g42 --poll 0.5
[SAT-COUNT 14:11:50] built F1 | vars=5714 | clauses=13116
[MIP-CPLEX 14:11:50] start optimize | threads=1 | time_limit=3599.73s
[MIP-CPLEX 14:11:50] OPTIMAL by MIP | obj=700.000000 | solve=0.41s | total=0.50s
[ORCH 14:11:50] current global_ub=700 from MIP
[ORCH 14:11:50] OPTIMAL found: 700 by MIP

================================================================================
FINAL HYBRID STATE
================================================================================
best_source: MIP
deadline_ts: 1774944709.9133036
global_lb: None
global_ub: 700
instance: instances/instance5.txt
mip_objval: 700.0
mip_solve_time_sec: 0.4102642719999494
mip_status: OPTIMAL
mip_status_raw: integer optimal solution
mip_total_time_sec: 0.5016413180001109
optimal_cost: 700
sat_solver_time_sec: 0.0
sat_status: STOPPED_OPTIMAL
sat_total_time_sec: 0.6579023809999853
status: OPTIMAL
total_runtime_sec: 1.0158694090000608
updated_at: 1774941110.9276733
================================================================================

=== run1 instance6 ===
[ORCH 14:11:51] starting workers
[ORCH 14:11:51] MIP cmd: /home/hungle/RCP_bench/.venv39/bin/python /home/hungle/RCP_bench/src/hybrid_mip_cplex_worker.py --inst instances/instance6.txt --state-file logs/shared_state.json --threads 1 --quiet
[ORCH 14:11:51] SAT cmd: /home/hungle/RCP_bench/.venv39/bin/python /home/hungle/RCP_bench/src/hybrid_sat_reuse_var_certifier_worker.py --inst instances/instance6.txt --state-file logs/shared_state.json --solver g42 --poll 0.5
[SAT-COUNT 14:11:51] built F1 | vars=6527 | clauses=14941
[MIP-CPLEX 14:11:51] start optimize | threads=1 | time_limit=3599.74s
[MIP-CPLEX 14:11:51] OPTIMAL by MIP | obj=650.000000 | solve=0.25s | total=0.33s
[ORCH 14:11:52] current global_ub=650 from MIP
[ORCH 14:11:52] OPTIMAL found: 650 by MIP

================================================================================
FINAL HYBRID STATE
================================================================================
best_source: MIP
deadline_ts: 1774944711.0032895
global_lb: None
global_ub: 650
instance: instances/instance6.txt
mip_objval: 650.0
mip_solve_time_sec: 0.25474076499995135
mip_status: OPTIMAL
mip_status_raw: integer optimal solution
mip_total_time_sec: 0.333301345000109
optimal_cost: 650
sat_solver_time_sec: 0.0
sat_status: STOPPED_OPTIMAL
sat_total_time_sec: 0.6314815000000635
status: OPTIMAL
total_runtime_sec: 1.015903508000065
updated_at: 1774941112.0169652
================================================================================

=== run1 instance7 ===
[ORCH 14:11:52] starting workers
[ORCH 14:11:52] MIP cmd: /home/hungle/RCP_bench/.venv39/bin/python /home/hungle/RCP_bench/src/hybrid_mip_cplex_worker.py --inst instances/instance7.txt --state-file logs/shared_state.json --threads 1 --quiet
[ORCH 14:11:52] SAT cmd: /home/hungle/RCP_bench/.venv39/bin/python /home/hungle/RCP_bench/src/hybrid_sat_reuse_var_certifier_worker.py --inst instances/instance7.txt --state-file logs/shared_state.json --solver g42 --poll 0.5
[MIP-CPLEX 14:11:52] start optimize | threads=1 | time_limit=3599.58s
[MIP-CPLEX 14:11:53] OPTIMAL by MIP | obj=850.000000 | solve=0.84s | total=0.99s
[ORCH 14:11:53] current global_ub=850 from MIP
[ORCH 14:11:53] OPTIMAL found: 850 by MIP

================================================================================
FINAL HYBRID STATE
================================================================================
best_source: MIP
deadline_ts: 1774944712.0844562
global_lb: None
global_ub: 850
instance: instances/instance7.txt
mip_objval: 850.0
mip_solve_time_sec: 0.8437163800001599
mip_status: OPTIMAL
mip_status_raw: integer optimal solution
mip_total_time_sec: 0.9941860249998626
optimal_cost: 850
sat_status: None
status: OPTIMAL
total_runtime_sec: 1.5223367940000117
updated_at: 1774941113.604481
================================================================================

=== run1 instance8 ===
[ORCH 14:11:53] starting workers
[ORCH 14:11:53] MIP cmd: /home/hungle/RCP_bench/.venv39/bin/python /home/hungle/RCP_bench/src/hybrid_mip_cplex_worker.py --inst instances/instance8.txt --state-file logs/shared_state.json --threads 1 --quiet
[ORCH 14:11:53] SAT cmd: /home/hungle/RCP_bench/.venv39/bin/python /home/hungle/RCP_bench/src/hybrid_sat_reuse_var_certifier_worker.py --inst instances/instance8.txt --state-file logs/shared_state.json --solver g42 --poll 0.5
[MIP-CPLEX 14:11:54] start optimize | threads=1 | time_limit=3599.67s
[MIP-CPLEX 14:11:58] OPTIMAL by MIP | obj=900.000000 | solve=4.09s | total=4.27s
[ORCH 14:11:58] current global_ub=900 from MIP
[ORCH 14:11:58] OPTIMAL found: 900 by MIP

================================================================================
FINAL HYBRID STATE
================================================================================
best_source: MIP
deadline_ts: 1774944713.6850424
global_lb: None
global_ub: 900
instance: instances/instance8.txt
mip_objval: 900.0
mip_solve_time_sec: 4.093135564000022
mip_status: OPTIMAL
mip_status_raw: integer optimal solution
mip_total_time_sec: 4.268781389999958
optimal_cost: 900
sat_status: None
status: OPTIMAL
total_runtime_sec: 5.026404488000026
updated_at: 1774941118.708779
================================================================================

=== run1 instance9 ===
[ORCH 14:11:58] starting workers
[ORCH 14:11:58] MIP cmd: /home/hungle/RCP_bench/.venv39/bin/python /home/hungle/RCP_bench/src/hybrid_mip_cplex_worker.py --inst instances/instance9.txt --state-file logs/shared_state.json --threads 1 --quiet
[ORCH 14:11:58] SAT cmd: /home/hungle/RCP_bench/.venv39/bin/python /home/hungle/RCP_bench/src/hybrid_sat_reuse_var_certifier_worker.py --inst instances/instance9.txt --state-file logs/shared_state.json --solver g42 --poll 0.5
[SAT-COUNT 14:11:59] built F1 | vars=9791 | clauses=23005
[MIP-CPLEX 14:11:59] start optimize | threads=1 | time_limit=3599.70s
[MIP-CPLEX 14:11:59] OPTIMAL by MIP | obj=1000.000000 | solve=0.44s | total=0.54s
[ORCH 14:11:59] current global_ub=1000 from MIP
[ORCH 14:11:59] OPTIMAL found: 1000 by MIP

================================================================================
FINAL HYBRID STATE
================================================================================
best_source: MIP
deadline_ts: 1774944718.7753751
global_lb: None
global_ub: 1000
instance: instances/instance9.txt
mip_objval: 1000.0
mip_solve_time_sec: 0.44024050500001977
mip_status: OPTIMAL
mip_status_raw: integer optimal solution
mip_total_time_sec: 0.5354890319999868
optimal_cost: 1000
sat_status: None
status: OPTIMAL
total_runtime_sec: 1.0164162620001207
updated_at: 1774941119.7897263
================================================================================

=== run1 instance10 ===
[ORCH 14:11:59] starting workers
[ORCH 14:11:59] MIP cmd: /home/hungle/RCP_bench/.venv39/bin/python /home/hungle/RCP_bench/src/hybrid_mip_cplex_worker.py --inst instances/instance10.txt --state-file logs/shared_state.json --threads 1 --quiet
[ORCH 14:11:59] SAT cmd: /home/hungle/RCP_bench/.venv39/bin/python /home/hungle/RCP_bench/src/hybrid_sat_reuse_var_certifier_worker.py --inst instances/instance10.txt --state-file logs/shared_state.json --solver g42 --poll 0.5
[MIP-CPLEX 14:12:00] start optimize | threads=1 | time_limit=3599.75s
[MIP-CPLEX 14:12:04] OPTIMAL by MIP | obj=1650.000000 | solve=4.06s | total=4.23s
[ORCH 14:12:04] current global_ub=1650 from MIP
[ORCH 14:12:04] OPTIMAL found: 1650 by MIP

================================================================================
FINAL HYBRID STATE
================================================================================
best_source: MIP
deadline_ts: 1774944719.8522894
global_lb: None
global_ub: 1650
instance: instances/instance10.txt
mip_objval: 1650.0
mip_solve_time_sec: 4.055838524999899
mip_status: OPTIMAL
mip_status_raw: integer optimal solution
mip_total_time_sec: 4.226588552999829
optimal_cost: 1650
sat_status: None
status: OPTIMAL
total_runtime_sec: 4.52310973800013
updated_at: 1774941124.3739543
================================================================================

=== run1 instance11 ===
[ORCH 14:12:04] starting workers
[ORCH 14:12:04] MIP cmd: /home/hungle/RCP_bench/.venv39/bin/python /home/hungle/RCP_bench/src/hybrid_mip_cplex_worker.py --inst instances/instance11.txt --state-file logs/shared_state.json --threads 1 --quiet
[ORCH 14:12:04] SAT cmd: /home/hungle/RCP_bench/.venv39/bin/python /home/hungle/RCP_bench/src/hybrid_sat_reuse_var_certifier_worker.py --inst instances/instance11.txt --state-file logs/shared_state.json --solver g42 --poll 0.5
[MIP-CPLEX 14:12:05] start optimize | threads=1 | time_limit=3599.72s
[SAT-COUNT 14:12:15] built F1 | vars=68113 | clauses=171765
[MIP-CPLEX 14:13:22] OPTIMAL by MIP | obj=2250.000000 | solve=77.71s | total=78.03s
[ORCH 14:13:23] current global_ub=2250 from MIP
[ORCH 14:13:23] OPTIMAL found: 2250 by MIP

================================================================================
FINAL HYBRID STATE
================================================================================
best_source: MIP
deadline_ts: 1774944724.4565928
global_lb: None
global_ub: 2250
instance: instances/instance11.txt
mip_objval: 2250.0
mip_solve_time_sec: 77.71171747999983
mip_status: OPTIMAL
mip_status_raw: integer optimal solution
mip_total_time_sec: 78.02873562199989
optimal_cost: 2250
sat_solver_time_sec: 0.0
sat_status: STOPPED_OPTIMAL
sat_total_time_sec: 78.37112600799992
status: OPTIMAL
total_runtime_sec: 78.70919178700001
updated_at: 1774941203.163553
================================================================================

=== run1 instance12 ===
[ORCH 14:13:23] starting workers
[ORCH 14:13:23] MIP cmd: /home/hungle/RCP_bench/.venv39/bin/python /home/hungle/RCP_bench/src/hybrid_mip_cplex_worker.py --inst instances/instance12.txt --state-file logs/shared_state.json --threads 1 --quiet
[ORCH 14:13:23] SAT cmd: /home/hungle/RCP_bench/.venv39/bin/python /home/hungle/RCP_bench/src/hybrid_sat_reuse_var_certifier_worker.py --inst instances/instance12.txt --state-file logs/shared_state.json --solver g42 --poll 0.5
[MIP-CPLEX 14:13:23] start optimize | threads=1 | time_limit=3599.74s
[MIP-CPLEX 14:14:44] OPTIMAL by MIP | obj=2400.000000 | solve=80.94s | total=81.29s
[ORCH 14:14:44] current global_ub=2400 from MIP
[ORCH 14:14:44] OPTIMAL found: 2400 by MIP

================================================================================
FINAL HYBRID STATE
================================================================================
best_source: MIP
deadline_ts: 1774944803.2080011
global_lb: None
global_ub: 2400
instance: instances/instance12.txt
mip_objval: 2400.0
mip_solve_time_sec: 80.94356356399999
mip_status: OPTIMAL
mip_status_raw: integer optimal solution
mip_total_time_sec: 81.28864670400003
optimal_cost: 2400
sat_status: None
status: OPTIMAL
total_runtime_sec: 81.78102492499988
updated_at: 1774941284.9878542
================================================================================

