=== run4 instance1 ===
[ORCH 19:16:48] starting workers
[ORCH 19:16:48] MIP cmd: /home/hungle/RCP_bench/.venv39/bin/python /home/hungle/RCP_bench/src/hybrid_mip_gurobi_worker.py --inst instances/instance1.txt --state-file logs/shared_state.json --threads 1 --quiet
[ORCH 19:16:48] SAT cmd: /home/hungle/RCP_bench/.venv39/bin/python /home/hungle/RCP_bench/src/hybrid_sat_certifier_worker.py --inst instances/instance1.txt --state-file logs/shared_state.json --solver g42 --poll 0.5
Set parameter WLSAccessID
Set parameter WLSSecret
Set parameter LicenseID to value 2666563
Academic license 2666563 - for non-commercial use only - registered to 22___@vnu.edu.vn
Set parameter Threads to value 1
[MIP 19:16:49] start optimize | threads=1 | time_limit=3599.91s
[SAT 19:16:49] built F1 | vars=2578 | clauses=5997
[SAT 19:16:49] certifying current UB=700 by solving cost <= 699
[SAT 19:16:49] SAT improved UB: 700 -> 600
[SAT 19:16:49] certifying current UB=600 by solving cost <= 599
[SAT 19:16:49] SAT improved UB: 600 -> 550
[SAT 19:16:49] certifying current UB=550 by solving cost <= 549
[SAT 19:16:49] OPTIMAL by SAT certificate | no solution with cost <= 549
[MIP 19:16:49] INTERRUPTED | solve=0.14s | total=0.17s
[ORCH 19:16:49] current global_ub=550 from SAT
[ORCH 19:16:49] OPTIMAL found: 550 by SAT

================================================================================
FINAL HYBRID STATE
================================================================================
best_source: SAT
deadline_ts: 1774531008.9211774
global_lb: None
global_ub: 550
instance: instances/instance1.txt
mip_objbound: 300.0
mip_objval: 700.0
mip_solve_time_sec: 0.1436890099998891
mip_status: INTERRUPTED
mip_status_code: 11
mip_total_time_sec: 0.17204260100015745
optimal_cost: 550
sat_certified_against: 549
sat_last_improvement_from: 600
sat_solver_time_sec: 0.0043480190000000085
sat_status: OPTIMAL
sat_total_time_sec: 0.062260450000394485
status: OPTIMAL
total_runtime_sec: 0.5160748080002122
updated_at: 1774527409.4350116
================================================================================

=== run4 instance2 ===
[ORCH 19:16:49] starting workers
[ORCH 19:16:49] MIP cmd: /home/hungle/RCP_bench/.venv39/bin/python /home/hungle/RCP_bench/src/hybrid_mip_gurobi_worker.py --inst instances/instance2.txt --state-file logs/shared_state.json --threads 1 --quiet
[ORCH 19:16:49] SAT cmd: /home/hungle/RCP_bench/.venv39/bin/python /home/hungle/RCP_bench/src/hybrid_sat_certifier_worker.py --inst instances/instance2.txt --state-file logs/shared_state.json --solver g42 --poll 0.5
Set parameter WLSAccessID
Set parameter WLSSecret
Set parameter LicenseID to value 2666563
Academic license 2666563 - for non-commercial use only - registered to 22___@vnu.edu.vn
Set parameter Threads to value 1
[MIP 19:16:49] start optimize | threads=1 | time_limit=3599.90s
[SAT 19:16:52] built F1 | vars=15356 | clauses=36148
[ORCH 19:16:53] current global_ub=1600 from MIP
[SAT 19:16:53] certifying current UB=1200 by solving cost <= 1199
[SAT 19:16:53] SAT improved UB: 1200 -> 1150
[SAT 19:16:53] certifying current UB=1150 by solving cost <= 1149
[SAT 19:16:53] SAT improved UB: 1150 -> 1100
[SAT 19:16:53] certifying current UB=1100 by solving cost <= 1099
[ORCH 19:16:53] current global_ub=1100 from SAT
[ORCH 19:16:54] current global_ub=1100 from SAT
[ORCH 19:16:54] current global_ub=1100 from SAT
[MIP 19:16:54] OPTIMAL by MIP | obj=1100.000000 | solve=5.31s | total=5.37s
[ORCH 19:16:55] current global_ub=1100 from MIP
[ORCH 19:16:55] OPTIMAL found: 1100 by MIP

================================================================================
FINAL HYBRID STATE
================================================================================
best_source: MIP
deadline_ts: 1774531009.507319
global_lb: None
global_ub: 1100
instance: instances/instance2.txt
mip_objbound: 1100.0
mip_objval: 1100.0
mip_solve_time_sec: 5.3076651769997625
mip_status: RUNNING
mip_status_code: 2
mip_total_time_sec: 5.372497794000083
optimal_cost: 1100
sat_last_improvement_from: 1150
sat_solver_time_sec: 0.059754743000000055
sat_status: RUNNING
sat_total_time_sec: 3.7737047710002116
status: OPTIMAL
total_runtime_sec: 5.688983415000166
updated_at: 1774527415.1941473
================================================================================

=== run4 instance3 ===
[ORCH 19:16:55] starting workers
[ORCH 19:16:55] MIP cmd: /home/hungle/RCP_bench/.venv39/bin/python /home/hungle/RCP_bench/src/hybrid_mip_gurobi_worker.py --inst instances/instance3.txt --state-file logs/shared_state.json --threads 1 --quiet
[ORCH 19:16:55] SAT cmd: /home/hungle/RCP_bench/.venv39/bin/python /home/hungle/RCP_bench/src/hybrid_sat_certifier_worker.py --inst instances/instance3.txt --state-file logs/shared_state.json --solver g42 --poll 0.5
Set parameter WLSAccessID
Set parameter WLSSecret
Set parameter LicenseID to value 2666563
Academic license 2666563 - for non-commercial use only - registered to 22___@vnu.edu.vn
Set parameter Threads to value 1
[MIP 19:16:55] start optimize | threads=1 | time_limit=3599.91s
[ORCH 19:17:01] current global_ub=1350 from MIP
[ORCH 19:17:01] current global_ub=1350 from MIP
[ORCH 19:17:00] current global_ub=1350 from MIP
[ORCH 19:17:01] current global_ub=1200 from MIP
[SAT 19:17:01] built F1 | vars=29955 | clauses=69179
[SAT 19:17:01] certifying current UB=1200 by solving cost <= 1199
[ORCH 19:17:01] current global_ub=1200 from MIP
[ORCH 19:17:02] current global_ub=1200 from MIP
[ORCH 19:17:02] current global_ub=1200 from MIP
[ORCH 19:17:03] current global_ub=1200 from MIP
[ORCH 19:17:03] current global_ub=1200 from MIP
[ORCH 19:17:04] current global_ub=1200 from MIP
[ORCH 19:17:04] current global_ub=1200 from MIP
[MIP 19:17:04] OPTIMAL by MIP | obj=1200.000000 | solve=11.07s | total=11.17s
[ORCH 19:17:05] current global_ub=1200 from MIP
[ORCH 19:17:05] OPTIMAL found: 1200 by MIP

================================================================================
FINAL HYBRID STATE
================================================================================
best_source: MIP
deadline_ts: 1774531015.2775705
global_lb: None
global_ub: 1200
instance: instances/instance3.txt
mip_objbound: 1200.0
mip_objval: 1200.0
mip_solve_time_sec: 11.068364718999874
mip_status: RUNNING
mip_status_code: 2
mip_total_time_sec: 11.165583275000245
optimal_cost: 1200
sat_status: None
status: OPTIMAL
total_runtime_sec: 11.649194338999678
updated_at: 1774527425.3593621
================================================================================

=== run4 instance4 ===
[ORCH 19:17:05] starting workers
[ORCH 19:17:05] MIP cmd: /home/hungle/RCP_bench/.venv39/bin/python /home/hungle/RCP_bench/src/hybrid_mip_gurobi_worker.py --inst instances/instance4.txt --state-file logs/shared_state.json --threads 1 --quiet
[ORCH 19:17:05] SAT cmd: /home/hungle/RCP_bench/.venv39/bin/python /home/hungle/RCP_bench/src/hybrid_sat_certifier_worker.py --inst instances/instance4.txt --state-file logs/shared_state.json --solver g42 --poll 0.5
Set parameter WLSAccessID
Set parameter WLSSecret
Set parameter LicenseID to value 2666563
Academic license 2666563 - for non-commercial use only - registered to 22___@vnu.edu.vn
Set parameter Threads to value 1
[MIP 19:17:05] start optimize | threads=1 | time_limit=3599.92s
[SAT 19:17:05] built F1 | vars=21881 | clauses=52573
[SAT 19:17:06] certifying current UB=2600 by solving cost <= 2599
[SAT 19:17:06] SAT improved UB: 2600 -> 1250
[SAT 19:17:06] certifying current UB=1250 by solving cost <= 1249
[SAT 19:17:06] SAT improved UB: 1250 -> 1200
[SAT 19:17:06] certifying current UB=1200 by solving cost <= 1199
[SAT 19:17:06] SAT improved UB: 1200 -> 1150
[SAT 19:17:06] certifying current UB=1150 by solving cost <= 1149
[ORCH 19:17:06] current global_ub=1150 from SAT
[ORCH 19:17:06] current global_ub=1150 from SAT
[ORCH 19:17:07] current global_ub=1150 from SAT
[ORCH 19:17:07] current global_ub=1150 from SAT
[MIP 19:17:08] OPTIMAL by MIP | obj=1150.000000 | solve=2.73s | total=2.84s
[ORCH 19:17:08] current global_ub=1150 from MIP
[ORCH 19:17:08] OPTIMAL found: 1150 by MIP

================================================================================
FINAL HYBRID STATE
================================================================================
best_source: MIP
deadline_ts: 1774531025.429343
global_lb: None
global_ub: 1150
instance: instances/instance4.txt
mip_objbound: 1150.0
mip_objval: 1150.0
mip_solve_time_sec: 2.728714932999992
mip_status: RUNNING
mip_status_code: 2
mip_total_time_sec: 2.8364896630000658
optimal_cost: 1150
sat_last_improvement_from: 1200
sat_solver_time_sec: 0.044310738000000016
sat_status: RUNNING
sat_total_time_sec: 0.8067838270003449
status: OPTIMAL
total_runtime_sec: 3.0473224119996303
updated_at: 1774527428.4751494
================================================================================

=== run4 instance5 ===
[ORCH 19:17:08] starting workers
[ORCH 19:17:08] MIP cmd: /home/hungle/RCP_bench/.venv39/bin/python /home/hungle/RCP_bench/src/hybrid_mip_gurobi_worker.py --inst instances/instance5.txt --state-file logs/shared_state.json --threads 1 --quiet
[ORCH 19:17:08] SAT cmd: /home/hungle/RCP_bench/.venv39/bin/python /home/hungle/RCP_bench/src/hybrid_sat_certifier_worker.py --inst instances/instance5.txt --state-file logs/shared_state.json --solver g42 --poll 0.5
Set parameter WLSAccessID
Set parameter WLSSecret
Set parameter LicenseID to value 2666563
Academic license 2666563 - for non-commercial use only - registered to 22___@vnu.edu.vn
Set parameter Threads to value 1
[MIP 19:17:08] start optimize | threads=1 | time_limit=3599.91s
[SAT 19:17:08] built F1 | vars=5714 | clauses=13116
[SAT 19:17:08] certifying current UB=1000 by solving cost <= 999
[SAT 19:17:08] SAT improved UB: 1000 -> 750
[SAT 19:17:08] certifying current UB=750 by solving cost <= 749
[SAT 19:17:08] SAT improved UB: 750 -> 700
[SAT 19:17:08] certifying current UB=700 by solving cost <= 699
[ORCH 19:17:09] current global_ub=700 from SAT
[SAT 19:17:09] OPTIMAL by SAT certificate | no solution with cost <= 699
[MIP 19:17:09] INTERRUPTED | solve=0.60s | total=0.64s
[ORCH 19:17:09] current global_ub=700 from SAT
[ORCH 19:17:09] OPTIMAL found: 700 by SAT

================================================================================
FINAL HYBRID STATE
================================================================================
best_source: SAT
deadline_ts: 1774531028.558639
global_lb: None
global_ub: 700
instance: instances/instance5.txt
mip_objbound: 500.0
mip_objval: 700.0
mip_solve_time_sec: 0.6045323150001423
mip_status: INTERRUPTED
mip_status_code: 11
mip_total_time_sec: 0.6355163559996981
optimal_cost: 700
sat_certified_against: 699
sat_last_improvement_from: 750
sat_solver_time_sec: 0.326019279
sat_status: OPTIMAL
sat_total_time_sec: 0.5318255460001637
status: OPTIMAL
total_runtime_sec: 1.0222504529997423
updated_at: 1774527429.5763783
================================================================================

=== run4 instance6 ===
[ORCH 19:17:09] starting workers
[ORCH 19:17:09] MIP cmd: /home/hungle/RCP_bench/.venv39/bin/python /home/hungle/RCP_bench/src/hybrid_mip_gurobi_worker.py --inst instances/instance6.txt --state-file logs/shared_state.json --threads 1 --quiet
[ORCH 19:17:09] SAT cmd: /home/hungle/RCP_bench/.venv39/bin/python /home/hungle/RCP_bench/src/hybrid_sat_certifier_worker.py --inst instances/instance6.txt --state-file logs/shared_state.json --solver g42 --poll 0.5
Set parameter WLSAccessID
Set parameter WLSSecret
Set parameter LicenseID to value 2666563
Academic license 2666563 - for non-commercial use only - registered to 22___@vnu.edu.vn
Set parameter Threads to value 1
[MIP 19:17:09] start optimize | threads=1 | time_limit=3599.91s
[SAT 19:17:09] built F1 | vars=6527 | clauses=14941
[SAT 19:17:09] certifying current UB=800 by solving cost <= 799
[SAT 19:17:09] SAT improved UB: 800 -> 750
[SAT 19:17:09] certifying current UB=750 by solving cost <= 749
[SAT 19:17:09] SAT improved UB: 750 -> 700
[SAT 19:17:09] certifying current UB=700 by solving cost <= 699
[SAT 19:17:10] SAT improved UB: 700 -> 650
[SAT 19:17:10] certifying current UB=650 by solving cost <= 649
[SAT 19:17:10] OPTIMAL by SAT certificate | no solution with cost <= 649
[MIP 19:17:10] INTERRUPTED | solve=0.39s | total=0.42s
[ORCH 19:17:10] current global_ub=650 from SAT
[ORCH 19:17:10] OPTIMAL found: 650 by SAT

================================================================================
FINAL HYBRID STATE
================================================================================
best_source: SAT
deadline_ts: 1774531029.6510675
global_lb: None
global_ub: 650
instance: instances/instance6.txt
mip_objbound: 400.0
mip_objval: 800.0
mip_solve_time_sec: 0.3891824769998493
mip_status: INTERRUPTED
mip_status_code: 11
mip_total_time_sec: 0.4178900519996205
optimal_cost: 650
sat_certified_against: 649
sat_last_improvement_from: 700
sat_solver_time_sec: 0.18122761000000007
sat_status: OPTIMAL
sat_total_time_sec: 0.34418701300000976
status: OPTIMAL
total_runtime_sec: 0.5152852979999807
updated_at: 1774527430.1648226
================================================================================

=== run4 instance7 ===
[ORCH 19:17:10] starting workers
[ORCH 19:17:10] MIP cmd: /home/hungle/RCP_bench/.venv39/bin/python /home/hungle/RCP_bench/src/hybrid_mip_gurobi_worker.py --inst instances/instance7.txt --state-file logs/shared_state.json --threads 1 --quiet
[ORCH 19:17:10] SAT cmd: /home/hungle/RCP_bench/.venv39/bin/python /home/hungle/RCP_bench/src/hybrid_sat_certifier_worker.py --inst instances/instance7.txt --state-file logs/shared_state.json --solver g42 --poll 0.5
Set parameter WLSAccessID
Set parameter WLSSecret
Set parameter LicenseID to value 2666563
Academic license 2666563 - for non-commercial use only - registered to 22___@vnu.edu.vn
Set parameter Threads to value 1
[MIP 19:17:10] start optimize | threads=1 | time_limit=3599.90s
[ORCH 19:17:10] current global_ub=1000 from MIP
[ORCH 19:17:11] current global_ub=950 from MIP
[ORCH 19:17:11] current global_ub=950 from MIP
[ORCH 19:17:12] current global_ub=900 from MIP
[SAT 19:17:12] built F1 | vars=12719 | clauses=29208
[SAT 19:17:12] certifying current UB=900 by solving cost <= 899
[SAT 19:17:12] SAT improved UB: 900 -> 850
[SAT 19:17:12] certifying current UB=850 by solving cost <= 849
[MIP 19:17:12] OPTIMAL by MIP | obj=850.000000 | solve=2.27s | total=2.32s
[ORCH 19:17:12] current global_ub=850 from MIP
[ORCH 19:17:12] OPTIMAL found: 850 by MIP

================================================================================
FINAL HYBRID STATE
================================================================================
best_source: MIP
deadline_ts: 1774531030.2730122
global_lb: None
global_ub: 850
instance: instances/instance7.txt
mip_objbound: 850.0
mip_objval: 850.0
mip_solve_time_sec: 2.2676029109998126
mip_status: RUNNING
mip_status_code: 2
mip_total_time_sec: 2.323180092000257
optimal_cost: 850
sat_last_improvement_from: 900
sat_solver_time_sec: 0.006183184999999813
sat_status: RUNNING
sat_total_time_sec: 2.0893500169995605
status: OPTIMAL
total_runtime_sec: 2.549519677999797
updated_at: 1774527432.8193555
================================================================================

=== run4 instance8 ===
[ORCH 19:17:12] starting workers
[ORCH 19:17:12] MIP cmd: /home/hungle/RCP_bench/.venv39/bin/python /home/hungle/RCP_bench/src/hybrid_mip_gurobi_worker.py --inst instances/instance8.txt --state-file logs/shared_state.json --threads 1 --quiet
[ORCH 19:17:12] SAT cmd: /home/hungle/RCP_bench/.venv39/bin/python /home/hungle/RCP_bench/src/hybrid_sat_certifier_worker.py --inst instances/instance8.txt --state-file logs/shared_state.json --solver g42 --poll 0.5
Set parameter WLSAccessID
Set parameter WLSSecret
Set parameter LicenseID to value 2666563
Academic license 2666563 - for non-commercial use only - registered to 22___@vnu.edu.vn
Set parameter Threads to value 1
[MIP 19:17:13] start optimize | threads=1 | time_limit=3599.91s
[ORCH 19:17:13] current global_ub=1000 from MIP
[ORCH 19:17:14] current global_ub=1000 from MIP
[ORCH 19:17:14] current global_ub=950 from MIP
[ORCH 19:17:15] current global_ub=950 from MIP
[ORCH 19:17:15] current global_ub=950 from MIP
[ORCH 19:17:16] current global_ub=950 from MIP
[ORCH 19:17:16] current global_ub=950 from MIP
[ORCH 19:17:17] current global_ub=950 from MIP
[SAT 19:17:17] built F1 | vars=24036 | clauses=54607
[SAT 19:17:17] certifying current UB=900 by solving cost <= 899
[ORCH 19:17:18] current global_ub=900 from MIP
[ORCH 19:17:18] current global_ub=900 from MIP
[ORCH 19:17:19] current global_ub=900 from MIP
[ORCH 19:17:19] current global_ub=900 from MIP
[ORCH 19:17:20] current global_ub=900 from MIP
[MIP 19:17:20] OPTIMAL by MIP | obj=900.000000 | solve=7.10s | total=7.20s
[ORCH 19:17:20] current global_ub=900 from MIP
[ORCH 19:17:20] OPTIMAL found: 900 by MIP

================================================================================
FINAL HYBRID STATE
================================================================================
best_source: MIP
deadline_ts: 1774531032.8982444
global_lb: None
global_ub: 900
instance: instances/instance8.txt
mip_objbound: 900.0
mip_objval: 900.0
mip_solve_time_sec: 7.10362446299996
mip_status: RUNNING
mip_status_code: 2
mip_total_time_sec: 7.202770375
optimal_cost: 900
sat_status: None
status: OPTIMAL
total_runtime_sec: 7.749944049999613
updated_at: 1774527440.646403
================================================================================

=== run4 instance9 ===
[ORCH 19:17:20] starting workers
[ORCH 19:17:20] MIP cmd: /home/hungle/RCP_bench/.venv39/bin/python /home/hungle/RCP_bench/src/hybrid_mip_gurobi_worker.py --inst instances/instance9.txt --state-file logs/shared_state.json --threads 1 --quiet
[ORCH 19:17:20] SAT cmd: /home/hungle/RCP_bench/.venv39/bin/python /home/hungle/RCP_bench/src/hybrid_sat_certifier_worker.py --inst instances/instance9.txt --state-file logs/shared_state.json --solver g42 --poll 0.5
Set parameter WLSAccessID
Set parameter WLSSecret
Set parameter LicenseID to value 2666563
Academic license 2666563 - for non-commercial use only - registered to 22___@vnu.edu.vn
Set parameter Threads to value 1
[MIP 19:17:20] start optimize | threads=1 | time_limit=3599.91s
[SAT 19:17:20] built F1 | vars=9791 | clauses=23005
[ORCH 19:17:21] current global_ub=1200 from MIP
[SAT 19:17:21] certifying current UB=1100 by solving cost <= 1099
[SAT 19:17:21] SAT improved UB: 1100 -> 1050
[SAT 19:17:21] certifying current UB=1050 by solving cost <= 1049
[SAT 19:17:21] SAT improved UB: 1050 -> 1000
[SAT 19:17:21] certifying current UB=1000 by solving cost <= 999
[ORCH 19:17:21] current global_ub=1000 from SAT
[MIP 19:17:22] OPTIMAL by MIP | obj=1000.000000 | solve=1.20s | total=1.27s
[ORCH 19:17:22] current global_ub=1000 from MIP
[ORCH 19:17:22] OPTIMAL found: 1000 by MIP

================================================================================
FINAL HYBRID STATE
================================================================================
best_source: MIP
deadline_ts: 1774531040.717584
global_lb: None
global_ub: 1000
instance: instances/instance9.txt
mip_objbound: 1000.0
mip_objval: 1000.0
mip_solve_time_sec: 1.2039280369999688
mip_status: RUNNING
mip_status_code: 2
mip_total_time_sec: 1.268618965999849
optimal_cost: 1000
sat_last_improvement_from: 1050
sat_solver_time_sec: 0.017036685999999995
sat_status: RUNNING
sat_total_time_sec: 0.6221706989999802
status: OPTIMAL
total_runtime_sec: 1.5154881069997828
updated_at: 1774527442.231384
================================================================================

=== run4 instance10 ===
[ORCH 19:17:22] starting workers
[ORCH 19:17:22] MIP cmd: /home/hungle/RCP_bench/.venv39/bin/python /home/hungle/RCP_bench/src/hybrid_mip_gurobi_worker.py --inst instances/instance10.txt --state-file logs/shared_state.json --threads 1 --quiet
[ORCH 19:17:22] SAT cmd: /home/hungle/RCP_bench/.venv39/bin/python /home/hungle/RCP_bench/src/hybrid_sat_certifier_worker.py --inst instances/instance10.txt --state-file logs/shared_state.json --solver g42 --poll 0.5
Set parameter WLSAccessID
Set parameter WLSSecret
Set parameter LicenseID to value 2666563
Academic license 2666563 - for non-commercial use only - registered to 22___@vnu.edu.vn
Set parameter Threads to value 1
[MIP 19:17:22] start optimize | threads=1 | time_limit=3599.92s
[ORCH 19:17:35] current global_ub=2200 from MIP
[ORCH 19:17:36] current global_ub=2200 from MIP
[ORCH 19:17:36] current global_ub=1850 from MIP
[ORCH 19:17:37] current global_ub=1650 from MIP
[ORCH 19:17:37] current global_ub=1650 from MIP
[ORCH 19:17:38] current global_ub=1650 from MIP
[ORCH 19:17:38] current global_ub=1650 from MIP
[ORCH 19:17:39] current global_ub=1650 from MIP
[ORCH 19:17:39] current global_ub=1650 from MIP
[ORCH 19:17:40] current global_ub=1650 from MIP
[ORCH 19:17:41] current global_ub=1650 from MIP
[ORCH 19:17:41] current global_ub=1650 from MIP
[ORCH 19:17:42] current global_ub=1650 from MIP
[ORCH 19:17:42] current global_ub=1650 from MIP
[ORCH 19:17:43] current global_ub=1650 from MIP
[ORCH 19:17:43] current global_ub=1650 from MIP
[ORCH 19:17:44] current global_ub=1650 from MIP
[ORCH 19:17:44] current global_ub=1650 from MIP
[ORCH 19:17:45] current global_ub=1650 from MIP
[ORCH 19:17:45] current global_ub=1650 from MIP
[ORCH 19:17:46] current global_ub=1650 from MIP
[ORCH 19:17:46] current global_ub=1650 from MIP
[ORCH 19:17:47] current global_ub=1650 from MIP
[ORCH 19:17:47] current global_ub=1650 from MIP
[MIP 19:17:47] OPTIMAL by MIP | obj=1650.000000 | solve=26.86s | total=26.99s
[ORCH 19:17:48] current global_ub=1650 from MIP
[ORCH 19:17:48] OPTIMAL found: 1650 by MIP

================================================================================
FINAL HYBRID STATE
================================================================================
best_source: MIP
deadline_ts: 1774531042.3020637
global_lb: None
global_ub: 1650
instance: instances/instance10.txt
mip_objbound: 1650.0
mip_objval: 1650.0
mip_solve_time_sec: 26.86074089800013
mip_status: RUNNING
mip_status_code: 2
mip_total_time_sec: 26.989910666000014
optimal_cost: 1650
sat_status: None
status: OPTIMAL
total_runtime_sec: 27.314672728000005
updated_at: 1774527468.071569
================================================================================

=== run4 instance11 ===
[ORCH 19:17:48] starting workers
[ORCH 19:17:48] MIP cmd: /home/hungle/RCP_bench/.venv39/bin/python /home/hungle/RCP_bench/src/hybrid_mip_gurobi_worker.py --inst instances/instance11.txt --state-file logs/shared_state.json --threads 1 --quiet
[ORCH 19:17:48] SAT cmd: /home/hungle/RCP_bench/.venv39/bin/python /home/hungle/RCP_bench/src/hybrid_sat_certifier_worker.py --inst instances/instance11.txt --state-file logs/shared_state.json --solver g42 --poll 0.5
Set parameter WLSAccessID
Set parameter WLSSecret
Set parameter LicenseID to value 2666563
Academic license 2666563 - for non-commercial use only - registered to 22___@vnu.edu.vn
Set parameter Threads to value 1
[MIP 19:17:48] start optimize | threads=1 | time_limit=3599.93s
[SAT 19:17:57] built F1 | vars=68113 | clauses=171765
[ORCH 19:18:45] current global_ub=2700 from MIP
[SAT 19:18:45] certifying current UB=2700 by solving cost <= 2699
[SAT 19:18:45] SAT improved UB: 2700 -> 2550
[SAT 19:18:45] certifying current UB=2550 by solving cost <= 2549
[SAT 19:18:45] SAT improved UB: 2550 -> 2400
[SAT 19:18:45] certifying current UB=2400 by solving cost <= 2399
[SAT 19:18:46] SAT improved UB: 2400 -> 2350
[SAT 19:18:46] certifying current UB=2350 by solving cost <= 2349
[ORCH 19:18:46] current global_ub=2350 from SAT
[SAT 19:18:46] SAT improved UB: 2350 -> 2300
[SAT 19:18:46] certifying current UB=2300 by solving cost <= 2299
[ORCH 19:18:46] current global_ub=2300 from SAT
[ORCH 19:18:47] current global_ub=2300 from SAT
[ORCH 19:18:47] current global_ub=2300 from SAT
[ORCH 19:18:48] current global_ub=2300 from SAT
[ORCH 19:18:48] current global_ub=2300 from SAT
[ORCH 19:18:49] current global_ub=2300 from SAT
[ORCH 19:18:49] current global_ub=2300 from SAT
[ORCH 19:18:50] current global_ub=2300 from SAT
[ORCH 19:18:50] current global_ub=2300 from SAT
[ORCH 19:18:51] current global_ub=2300 from SAT
[ORCH 19:18:51] current global_ub=2300 from SAT
[ORCH 19:18:52] current global_ub=2300 from SAT
[ORCH 19:18:52] current global_ub=2300 from SAT
[ORCH 19:18:53] current global_ub=2300 from SAT
[ORCH 19:18:53] current global_ub=2300 from SAT
[SAT 19:18:53] SAT improved UB: 2300 -> 2250
[SAT 19:18:53] certifying current UB=2250 by solving cost <= 2249
[ORCH 19:18:54] current global_ub=2250 from SAT
[ORCH 19:18:54] current global_ub=2250 from SAT
[ORCH 19:18:55] current global_ub=2250 from SAT
[ORCH 19:18:55] current global_ub=2250 from SAT
[ORCH 19:18:56] current global_ub=2250 from SAT
[ORCH 19:18:56] current global_ub=2250 from SAT
[ORCH 19:18:57] current global_ub=2250 from SAT
[ORCH 19:18:57] current global_ub=2250 from SAT
[ORCH 19:18:58] current global_ub=2250 from SAT
[ORCH 19:18:58] current global_ub=2250 from SAT
[ORCH 19:18:59] current global_ub=2250 from SAT
[ORCH 19:18:59] current global_ub=2250 from SAT
[ORCH 19:19:00] current global_ub=2250 from SAT
[ORCH 19:19:00] current global_ub=2250 from SAT
[ORCH 19:19:01] current global_ub=2250 from SAT
[ORCH 19:19:01] current global_ub=2250 from SAT
[ORCH 19:19:02] current global_ub=2250 from SAT
[ORCH 19:19:02] current global_ub=2250 from SAT
[ORCH 19:19:03] current global_ub=2250 from SAT
[ORCH 19:19:03] current global_ub=2250 from SAT
[ORCH 19:19:04] current global_ub=2250 from SAT
[ORCH 19:19:04] current global_ub=2250 from SAT
[ORCH 19:19:05] current global_ub=2250 from SAT
[ORCH 19:19:05] current global_ub=2250 from SAT
[ORCH 19:19:04] current global_ub=2250 from SAT
[ORCH 19:19:05] current global_ub=2250 from SAT
[ORCH 19:19:05] current global_ub=2250 from SAT
[ORCH 19:19:06] current global_ub=2250 from SAT
[ORCH 19:19:06] current global_ub=2250 from SAT
[ORCH 19:19:07] current global_ub=2250 from SAT
[ORCH 19:19:07] current global_ub=2250 from SAT
[ORCH 19:19:08] current global_ub=2250 from SAT
[ORCH 19:19:08] current global_ub=2250 from SAT
[ORCH 19:19:09] current global_ub=2250 from SAT
[ORCH 19:19:09] current global_ub=2250 from SAT
[ORCH 19:19:10] current global_ub=2250 from SAT
[ORCH 19:19:10] current global_ub=2250 from SAT
[ORCH 19:19:11] current global_ub=2250 from SAT
[ORCH 19:19:11] current global_ub=2250 from SAT
[ORCH 19:19:12] current global_ub=2250 from SAT
[ORCH 19:19:12] current global_ub=2250 from SAT
[ORCH 19:19:13] current global_ub=2250 from SAT
[ORCH 19:19:13] current global_ub=2250 from SAT
[ORCH 19:19:14] current global_ub=2250 from SAT
[ORCH 19:19:14] current global_ub=2250 from SAT
[ORCH 19:19:15] current global_ub=2250 from SAT
[ORCH 19:19:15] current global_ub=2250 from SAT
[ORCH 19:19:16] current global_ub=2250 from SAT
[ORCH 19:19:16] current global_ub=2250 from SAT
[ORCH 19:19:17] current global_ub=2250 from SAT
[ORCH 19:19:17] current global_ub=2250 from SAT
[ORCH 19:19:18] current global_ub=2250 from SAT
[ORCH 19:19:18] current global_ub=2250 from SAT
[ORCH 19:19:19] current global_ub=2250 from SAT
[ORCH 19:19:19] current global_ub=2250 from SAT
[ORCH 19:19:20] current global_ub=2250 from SAT
[ORCH 19:19:20] current global_ub=2250 from SAT
[ORCH 19:19:21] current global_ub=2250 from SAT
[ORCH 19:19:21] current global_ub=2250 from SAT
[ORCH 19:19:22] current global_ub=2250 from SAT
[ORCH 19:19:22] current global_ub=2250 from SAT
[ORCH 19:19:23] current global_ub=2250 from SAT
[ORCH 19:19:23] current global_ub=2250 from SAT
[ORCH 19:19:24] current global_ub=2250 from SAT
[ORCH 19:19:24] current global_ub=2250 from SAT
[ORCH 19:19:25] current global_ub=2250 from SAT
[ORCH 19:19:25] current global_ub=2250 from SAT
[ORCH 19:19:26] current global_ub=2250 from SAT
[ORCH 19:19:27] current global_ub=2250 from SAT
[ORCH 19:19:27] current global_ub=2250 from SAT
[ORCH 19:19:28] current global_ub=2250 from SAT
[ORCH 19:19:28] current global_ub=2250 from SAT
[ORCH 19:19:29] current global_ub=2250 from SAT
[ORCH 19:19:29] current global_ub=2250 from SAT
[ORCH 19:19:30] current global_ub=2250 from SAT
[ORCH 19:19:30] current global_ub=2250 from SAT
[ORCH 19:19:31] current global_ub=2250 from SAT
[ORCH 19:19:31] current global_ub=2250 from SAT
[ORCH 19:19:32] current global_ub=2250 from SAT
[ORCH 19:19:32] current global_ub=2250 from SAT
[ORCH 19:19:33] current global_ub=2250 from SAT
[ORCH 19:19:33] current global_ub=2250 from SAT
[ORCH 19:19:34] current global_ub=2250 from SAT
[ORCH 19:19:34] current global_ub=2250 from SAT
[ORCH 19:19:35] current global_ub=2250 from SAT
[ORCH 19:19:35] current global_ub=2250 from SAT
[ORCH 19:19:36] current global_ub=2250 from SAT
[ORCH 19:19:36] current global_ub=2250 from SAT
[ORCH 19:19:35] current global_ub=2250 from SAT
[ORCH 19:19:36] current global_ub=2250 from SAT
[ORCH 19:19:36] current global_ub=2250 from SAT
[ORCH 19:19:37] current global_ub=2250 from SAT
[ORCH 19:19:37] current global_ub=2250 from SAT
[ORCH 19:19:38] current global_ub=2250 from SAT
[ORCH 19:19:38] current global_ub=2250 from SAT
[ORCH 19:19:39] current global_ub=2250 from SAT
[ORCH 19:19:39] current global_ub=2250 from SAT
[ORCH 19:19:40] current global_ub=2250 from SAT
[ORCH 19:19:40] current global_ub=2250 from SAT
[ORCH 19:19:41] current global_ub=2250 from SAT
[ORCH 19:19:41] current global_ub=2250 from SAT
[ORCH 19:19:42] current global_ub=2250 from SAT
[ORCH 19:19:42] current global_ub=2250 from SAT
[ORCH 19:19:43] current global_ub=2250 from SAT
[ORCH 19:19:43] current global_ub=2250 from SAT
[ORCH 19:19:44] current global_ub=2250 from SAT
[ORCH 19:19:44] current global_ub=2250 from SAT
[ORCH 19:19:45] current global_ub=2250 from SAT
[ORCH 19:19:45] current global_ub=2250 from SAT
[ORCH 19:19:46] current global_ub=2250 from SAT
[ORCH 19:19:46] current global_ub=2250 from SAT
[ORCH 19:19:47] current global_ub=2250 from SAT
[ORCH 19:19:47] current global_ub=2250 from SAT
[ORCH 19:19:48] current global_ub=2250 from SAT
[ORCH 19:19:48] current global_ub=2250 from SAT
[ORCH 19:19:49] current global_ub=2250 from SAT
[ORCH 19:19:49] current global_ub=2250 from SAT
[ORCH 19:19:50] current global_ub=2250 from SAT
[ORCH 19:19:50] current global_ub=2250 from SAT
[ORCH 19:19:51] current global_ub=2250 from SAT
[ORCH 19:19:51] current global_ub=2250 from SAT
[ORCH 19:19:52] current global_ub=2250 from SAT
[ORCH 19:19:52] current global_ub=2250 from SAT
[ORCH 19:19:53] current global_ub=2250 from SAT
[ORCH 19:19:53] current global_ub=2250 from SAT
[ORCH 19:19:54] current global_ub=2250 from SAT
[ORCH 19:19:54] current global_ub=2250 from SAT
[ORCH 19:19:55] current global_ub=2250 from SAT
[ORCH 19:19:55] current global_ub=2250 from SAT
[ORCH 19:19:56] current global_ub=2250 from SAT
[ORCH 19:19:56] current global_ub=2250 from SAT
[ORCH 19:19:57] current global_ub=2250 from SAT
[ORCH 19:19:57] current global_ub=2250 from SAT
[ORCH 19:19:58] current global_ub=2250 from SAT
[ORCH 19:19:58] current global_ub=2250 from SAT
[ORCH 19:19:59] current global_ub=2250 from SAT
[ORCH 19:19:59] current global_ub=2250 from SAT
[ORCH 19:20:00] current global_ub=2250 from SAT
[ORCH 19:20:00] current global_ub=2250 from SAT
[ORCH 19:20:01] current global_ub=2250 from SAT
[ORCH 19:20:01] current global_ub=2250 from SAT
[ORCH 19:20:02] current global_ub=2250 from SAT
[ORCH 19:20:02] current global_ub=2250 from SAT
[ORCH 19:20:03] current global_ub=2250 from SAT
[ORCH 19:20:03] current global_ub=2250 from SAT
[ORCH 19:20:04] current global_ub=2250 from SAT
[ORCH 19:20:04] current global_ub=2250 from SAT
[ORCH 19:20:05] current global_ub=2250 from SAT
[ORCH 19:20:05] current global_ub=2250 from SAT
[ORCH 19:20:06] current global_ub=2250 from SAT
[ORCH 19:20:06] current global_ub=2250 from SAT
[ORCH 19:20:07] current global_ub=2250 from SAT
[ORCH 19:20:06] current global_ub=2250 from SAT
[ORCH 19:20:06] current global_ub=2250 from SAT
[ORCH 19:20:07] current global_ub=2250 from SAT
[ORCH 19:20:07] current global_ub=2250 from SAT
[ORCH 19:20:08] current global_ub=2250 from SAT
[ORCH 19:20:08] current global_ub=2250 from SAT
[ORCH 19:20:09] current global_ub=2250 from SAT
[ORCH 19:20:09] current global_ub=2250 from SAT
[ORCH 19:20:10] current global_ub=2250 from SAT
[ORCH 19:20:10] current global_ub=2250 from SAT
[ORCH 19:20:11] current global_ub=2250 from SAT
[ORCH 19:20:11] current global_ub=2250 from SAT
[ORCH 19:20:12] current global_ub=2250 from SAT
[ORCH 19:20:12] current global_ub=2250 from SAT
[ORCH 19:20:13] current global_ub=2250 from SAT
[ORCH 19:20:13] current global_ub=2250 from SAT
[ORCH 19:20:14] current global_ub=2250 from SAT
[ORCH 19:20:14] current global_ub=2250 from SAT
[ORCH 19:20:15] current global_ub=2250 from SAT
[ORCH 19:20:15] current global_ub=2250 from SAT
[ORCH 19:20:16] current global_ub=2250 from SAT
[ORCH 19:20:16] current global_ub=2250 from SAT
[ORCH 19:20:17] current global_ub=2250 from SAT
[ORCH 19:20:17] current global_ub=2250 from SAT
[ORCH 19:20:18] current global_ub=2250 from SAT
[ORCH 19:20:18] current global_ub=2250 from SAT
[ORCH 19:20:19] current global_ub=2250 from SAT
[ORCH 19:20:19] current global_ub=2250 from SAT
[ORCH 19:20:20] current global_ub=2250 from SAT
[ORCH 19:20:21] current global_ub=2250 from SAT
[ORCH 19:20:21] current global_ub=2250 from SAT
[ORCH 19:20:22] current global_ub=2250 from SAT
[ORCH 19:20:22] current global_ub=2250 from SAT
[ORCH 19:20:23] current global_ub=2250 from SAT
[ORCH 19:20:23] current global_ub=2250 from SAT
[ORCH 19:20:24] current global_ub=2250 from SAT
[ORCH 19:20:24] current global_ub=2250 from SAT
[ORCH 19:20:25] current global_ub=2250 from SAT
[ORCH 19:20:25] current global_ub=2250 from SAT
[ORCH 19:20:26] current global_ub=2250 from SAT
[ORCH 19:20:26] current global_ub=2250 from SAT
[ORCH 19:20:27] current global_ub=2250 from SAT
[ORCH 19:20:27] current global_ub=2250 from SAT
[ORCH 19:20:28] current global_ub=2250 from SAT
[ORCH 19:20:28] current global_ub=2250 from SAT
[ORCH 19:20:29] current global_ub=2250 from SAT
[ORCH 19:20:29] current global_ub=2250 from SAT
[ORCH 19:20:30] current global_ub=2250 from SAT
[ORCH 19:20:30] current global_ub=2250 from SAT
[ORCH 19:20:31] current global_ub=2250 from SAT
[ORCH 19:20:31] current global_ub=2250 from SAT
[ORCH 19:20:32] current global_ub=2250 from SAT
[ORCH 19:20:32] current global_ub=2250 from SAT
[ORCH 19:20:33] current global_ub=2250 from SAT
[ORCH 19:20:33] current global_ub=2250 from SAT
[ORCH 19:20:34] current global_ub=2250 from SAT
[ORCH 19:20:34] current global_ub=2250 from SAT
[ORCH 19:20:35] current global_ub=2250 from SAT
[ORCH 19:20:35] current global_ub=2250 from SAT
[ORCH 19:20:36] current global_ub=2250 from SAT
[ORCH 19:20:36] current global_ub=2250 from SAT
[ORCH 19:20:37] current global_ub=2250 from SAT
[ORCH 19:20:37] current global_ub=2250 from SAT
[ORCH 19:20:38] current global_ub=2250 from SAT
[ORCH 19:20:38] current global_ub=2250 from SAT
[ORCH 19:20:37] current global_ub=2250 from SAT
[ORCH 19:20:38] current global_ub=2250 from SAT
[ORCH 19:20:38] current global_ub=2250 from SAT
[ORCH 19:20:39] current global_ub=2250 from SAT
[ORCH 19:20:39] current global_ub=2250 from SAT
[ORCH 19:20:40] current global_ub=2250 from SAT
[ORCH 19:20:40] current global_ub=2250 from SAT
[ORCH 19:20:41] current global_ub=2250 from SAT
[ORCH 19:20:41] current global_ub=2250 from SAT
[ORCH 19:20:42] current global_ub=2250 from SAT
[ORCH 19:20:42] current global_ub=2250 from SAT
[ORCH 19:20:43] current global_ub=2250 from SAT
[ORCH 19:20:43] current global_ub=2250 from SAT
[ORCH 19:20:44] current global_ub=2250 from SAT
[ORCH 19:20:44] current global_ub=2250 from SAT
[ORCH 19:20:45] current global_ub=2250 from SAT
[ORCH 19:20:45] current global_ub=2250 from SAT
[ORCH 19:20:46] current global_ub=2250 from SAT
[ORCH 19:20:46] current global_ub=2250 from SAT
[ORCH 19:20:47] current global_ub=2250 from SAT
[ORCH 19:20:47] current global_ub=2250 from SAT
[ORCH 19:20:48] current global_ub=2250 from SAT
[ORCH 19:20:48] current global_ub=2250 from SAT
[ORCH 19:20:49] current global_ub=2250 from SAT
[ORCH 19:20:49] current global_ub=2250 from SAT
[ORCH 19:20:50] current global_ub=2250 from SAT
[ORCH 19:20:50] current global_ub=2250 from SAT
[ORCH 19:20:51] current global_ub=2250 from SAT
[ORCH 19:20:51] current global_ub=2250 from SAT
[ORCH 19:20:52] current global_ub=2250 from SAT
[ORCH 19:20:52] current global_ub=2250 from SAT
[ORCH 19:20:53] current global_ub=2250 from SAT
[ORCH 19:20:53] current global_ub=2250 from SAT
[ORCH 19:20:54] current global_ub=2250 from SAT
[ORCH 19:20:54] current global_ub=2250 from SAT
[ORCH 19:20:55] current global_ub=2250 from SAT
[ORCH 19:20:55] current global_ub=2250 from SAT
[ORCH 19:20:56] current global_ub=2250 from SAT
[ORCH 19:20:56] current global_ub=2250 from SAT
[ORCH 19:20:57] current global_ub=2250 from SAT
[ORCH 19:20:57] current global_ub=2250 from SAT
[ORCH 19:20:58] current global_ub=2250 from SAT
[ORCH 19:20:58] current global_ub=2250 from SAT
[ORCH 19:20:59] current global_ub=2250 from SAT
[ORCH 19:20:59] current global_ub=2250 from SAT
[ORCH 19:21:00] current global_ub=2250 from SAT
[ORCH 19:21:00] current global_ub=2250 from SAT
[ORCH 19:21:01] current global_ub=2250 from SAT
[ORCH 19:21:01] current global_ub=2250 from SAT
[ORCH 19:21:02] current global_ub=2250 from SAT
[ORCH 19:21:02] current global_ub=2250 from SAT
[ORCH 19:21:03] current global_ub=2250 from SAT
[ORCH 19:21:03] current global_ub=2250 from SAT
[ORCH 19:21:04] current global_ub=2250 from SAT
[ORCH 19:21:04] current global_ub=2250 from SAT
[ORCH 19:21:05] current global_ub=2250 from SAT
[ORCH 19:21:05] current global_ub=2250 from SAT
[ORCH 19:21:06] current global_ub=2250 from SAT
[ORCH 19:21:06] current global_ub=2250 from SAT
[ORCH 19:21:07] current global_ub=2250 from SAT
[ORCH 19:21:07] current global_ub=2250 from SAT
[ORCH 19:21:08] current global_ub=2250 from SAT
[ORCH 19:21:08] current global_ub=2250 from SAT
[ORCH 19:21:09] current global_ub=2250 from SAT
[ORCH 19:21:08] current global_ub=2250 from SAT
[ORCH 19:21:08] current global_ub=2250 from SAT
[ORCH 19:21:09] current global_ub=2250 from SAT
[ORCH 19:21:09] current global_ub=2250 from SAT
[ORCH 19:21:10] current global_ub=2250 from SAT
[ORCH 19:21:10] current global_ub=2250 from SAT
[ORCH 19:21:11] current global_ub=2250 from SAT
[ORCH 19:21:11] current global_ub=2250 from SAT
[ORCH 19:21:12] current global_ub=2250 from SAT
[ORCH 19:21:12] current global_ub=2250 from SAT
[ORCH 19:21:13] current global_ub=2250 from SAT
[ORCH 19:21:14] current global_ub=2250 from SAT
[ORCH 19:21:14] current global_ub=2250 from SAT
[ORCH 19:21:15] current global_ub=2250 from SAT
[ORCH 19:21:15] current global_ub=2250 from SAT
[ORCH 19:21:16] current global_ub=2250 from SAT
[ORCH 19:21:16] current global_ub=2250 from SAT
[ORCH 19:21:17] current global_ub=2250 from SAT
[ORCH 19:21:17] current global_ub=2250 from SAT
[ORCH 19:21:18] current global_ub=2250 from SAT
[ORCH 19:21:18] current global_ub=2250 from SAT
[ORCH 19:21:19] current global_ub=2250 from SAT
[ORCH 19:21:19] current global_ub=2250 from SAT
[ORCH 19:21:20] current global_ub=2250 from SAT
[ORCH 19:21:20] current global_ub=2250 from SAT
[ORCH 19:21:21] current global_ub=2250 from SAT
[ORCH 19:21:21] current global_ub=2250 from SAT
[ORCH 19:21:22] current global_ub=2250 from SAT
[ORCH 19:21:22] current global_ub=2250 from SAT
[ORCH 19:21:23] current global_ub=2250 from SAT
[ORCH 19:21:23] current global_ub=2250 from SAT
[ORCH 19:21:24] current global_ub=2250 from SAT
[ORCH 19:21:24] current global_ub=2250 from SAT
[ORCH 19:21:25] current global_ub=2250 from SAT
[ORCH 19:21:25] current global_ub=2250 from SAT
[ORCH 19:21:26] current global_ub=2250 from SAT
[ORCH 19:21:26] current global_ub=2250 from SAT
[ORCH 19:21:27] current global_ub=2250 from SAT
[ORCH 19:21:27] current global_ub=2250 from SAT
[ORCH 19:21:28] current global_ub=2250 from SAT
[ORCH 19:21:28] current global_ub=2250 from SAT
[ORCH 19:21:29] current global_ub=2250 from SAT
[ORCH 19:21:29] current global_ub=2250 from SAT
[ORCH 19:21:30] current global_ub=2250 from SAT
[ORCH 19:21:30] current global_ub=2250 from SAT
[ORCH 19:21:31] current global_ub=2250 from SAT
[ORCH 19:21:31] current global_ub=2250 from SAT
[ORCH 19:21:32] current global_ub=2250 from SAT
[ORCH 19:21:32] current global_ub=2250 from SAT
[ORCH 19:21:33] current global_ub=2250 from SAT
[ORCH 19:21:33] current global_ub=2250 from SAT
[ORCH 19:21:34] current global_ub=2250 from SAT
[ORCH 19:21:34] current global_ub=2250 from SAT
[ORCH 19:21:35] current global_ub=2250 from SAT
[ORCH 19:21:35] current global_ub=2250 from SAT
[ORCH 19:21:36] current global_ub=2250 from SAT
[ORCH 19:21:36] current global_ub=2250 from SAT
[ORCH 19:21:37] current global_ub=2250 from SAT
[ORCH 19:21:37] current global_ub=2250 from SAT
[ORCH 19:21:38] current global_ub=2250 from SAT
[ORCH 19:21:38] current global_ub=2250 from SAT
[ORCH 19:21:39] current global_ub=2250 from SAT
[ORCH 19:21:39] current global_ub=2250 from SAT
[ORCH 19:21:40] current global_ub=2250 from SAT
[ORCH 19:21:39] current global_ub=2250 from SAT
[ORCH 19:21:39] current global_ub=2250 from SAT
[ORCH 19:21:40] current global_ub=2250 from SAT
[ORCH 19:21:40] current global_ub=2250 from SAT
[ORCH 19:21:41] current global_ub=2250 from SAT
[ORCH 19:21:41] current global_ub=2250 from SAT
[ORCH 19:21:42] current global_ub=2250 from SAT
[ORCH 19:21:42] current global_ub=2250 from SAT
[ORCH 19:21:43] current global_ub=2250 from SAT
[ORCH 19:21:43] current global_ub=2250 from SAT
[MIP 19:21:43] OPTIMAL by MIP | obj=2250.000000 | solve=247.94s | total=248.19s
[ORCH 19:21:44] current global_ub=2250 from MIP
[ORCH 19:21:44] OPTIMAL found: 2250 by MIP

================================================================================
FINAL HYBRID STATE
================================================================================
best_source: MIP
deadline_ts: 1774531068.1449633
global_lb: None
global_ub: 2250
instance: instances/instance11.txt
mip_objbound: 2250.0
mip_objval: 2250.0
mip_solve_time_sec: 247.9435612340003
mip_status: RUNNING
mip_status_code: 2
mip_total_time_sec: 248.1912469089998
optimal_cost: 2250
sat_last_improvement_from: 2300
sat_solver_time_sec: 7.747048720999999
sat_status: RUNNING
sat_total_time_sec: 68.86432640199973
status: OPTIMAL
total_runtime_sec: 248.62332655
updated_at: 1774527704.2456284
================================================================================

=== run4 instance12 ===
[ORCH 19:21:44] starting workers
[ORCH 19:21:44] MIP cmd: /home/hungle/RCP_bench/.venv39/bin/python /home/hungle/RCP_bench/src/hybrid_mip_gurobi_worker.py --inst instances/instance12.txt --state-file logs/shared_state.json --threads 1 --quiet
[ORCH 19:21:44] SAT cmd: /home/hungle/RCP_bench/.venv39/bin/python /home/hungle/RCP_bench/src/hybrid_sat_certifier_worker.py --inst instances/instance12.txt --state-file logs/shared_state.json --solver g42 --poll 0.5
Set parameter WLSAccessID
Set parameter WLSSecret
Set parameter LicenseID to value 2666563
Academic license 2666563 - for non-commercial use only - registered to 22___@vnu.edu.vn
Set parameter Threads to value 1
[MIP 19:21:44] start optimize | threads=1 | time_limit=3599.90s
[ORCH 19:24:37] current global_ub=2700 from MIP
[ORCH 19:24:38] current global_ub=2700 from MIP
[ORCH 19:24:38] current global_ub=2700 from MIP
[ORCH 19:24:39] current global_ub=2700 from MIP
[ORCH 19:24:40] current global_ub=2700 from MIP
[ORCH 19:24:40] current global_ub=2700 from MIP
[ORCH 19:24:41] current global_ub=2700 from MIP
[ORCH 19:24:41] current global_ub=2700 from MIP
[ORCH 19:24:42] current global_ub=2400 from MIP
[ORCH 19:24:42] current global_ub=2400 from MIP
[ORCH 19:24:43] current global_ub=2400 from MIP
[ORCH 19:24:43] current global_ub=2400 from MIP
[ORCH 19:24:44] current global_ub=2400 from MIP
[ORCH 19:24:44] current global_ub=2400 from MIP
[ORCH 19:24:45] current global_ub=2400 from MIP
[ORCH 19:24:45] current global_ub=2400 from MIP
[ORCH 19:24:46] current global_ub=2400 from MIP
[ORCH 19:24:45] current global_ub=2400 from MIP
[ORCH 19:24:45] current global_ub=2400 from MIP
[ORCH 19:24:46] current global_ub=2400 from MIP
[ORCH 19:24:46] current global_ub=2400 from MIP
[ORCH 19:24:47] current global_ub=2400 from MIP
[ORCH 19:24:47] current global_ub=2400 from MIP
[ORCH 19:24:48] current global_ub=2400 from MIP
[ORCH 19:24:48] current global_ub=2400 from MIP
[ORCH 19:24:49] current global_ub=2400 from MIP
[ORCH 19:24:49] current global_ub=2400 from MIP
[ORCH 19:24:50] current global_ub=2400 from MIP
[ORCH 19:24:50] current global_ub=2400 from MIP
[ORCH 19:24:51] current global_ub=2400 from MIP
[ORCH 19:24:51] current global_ub=2400 from MIP
[ORCH 19:24:52] current global_ub=2400 from MIP
[ORCH 19:24:52] current global_ub=2400 from MIP
[ORCH 19:24:53] current global_ub=2400 from MIP
[ORCH 19:24:53] current global_ub=2400 from MIP
[ORCH 19:24:54] current global_ub=2400 from MIP
[ORCH 19:24:54] current global_ub=2400 from MIP
[ORCH 19:24:55] current global_ub=2400 from MIP
[ORCH 19:24:55] current global_ub=2400 from MIP
[ORCH 19:24:56] current global_ub=2400 from MIP
[ORCH 19:24:56] current global_ub=2400 from MIP
[ORCH 19:24:57] current global_ub=2400 from MIP
[ORCH 19:24:57] current global_ub=2400 from MIP
[ORCH 19:24:58] current global_ub=2400 from MIP
[ORCH 19:24:58] current global_ub=2400 from MIP
[ORCH 19:24:59] current global_ub=2400 from MIP
[ORCH 19:24:59] current global_ub=2400 from MIP
[ORCH 19:25:00] current global_ub=2400 from MIP
[ORCH 19:25:00] current global_ub=2400 from MIP
[ORCH 19:25:01] current global_ub=2400 from MIP
[ORCH 19:25:01] current global_ub=2400 from MIP
[ORCH 19:25:02] current global_ub=2400 from MIP
[ORCH 19:25:02] current global_ub=2400 from MIP
[ORCH 19:25:03] current global_ub=2400 from MIP
[ORCH 19:25:03] current global_ub=2400 from MIP
[ORCH 19:25:04] current global_ub=2400 from MIP
[ORCH 19:25:04] current global_ub=2400 from MIP
[ORCH 19:25:05] current global_ub=2400 from MIP
[ORCH 19:25:05] current global_ub=2400 from MIP
[ORCH 19:25:06] current global_ub=2400 from MIP
[ORCH 19:25:06] current global_ub=2400 from MIP
[ORCH 19:25:07] current global_ub=2400 from MIP
[ORCH 19:25:07] current global_ub=2400 from MIP
[ORCH 19:25:08] current global_ub=2400 from MIP
[ORCH 19:25:09] current global_ub=2400 from MIP
[ORCH 19:25:09] current global_ub=2400 from MIP
[ORCH 19:25:10] current global_ub=2400 from MIP
[ORCH 19:25:10] current global_ub=2400 from MIP
[ORCH 19:25:11] current global_ub=2400 from MIP
[ORCH 19:25:11] current global_ub=2400 from MIP
[ORCH 19:25:12] current global_ub=2400 from MIP
[ORCH 19:25:12] current global_ub=2400 from MIP
[ORCH 19:25:13] current global_ub=2400 from MIP
[ORCH 19:25:13] current global_ub=2400 from MIP
[ORCH 19:25:14] current global_ub=2400 from MIP
[ORCH 19:25:14] current global_ub=2400 from MIP
[ORCH 19:25:15] current global_ub=2400 from MIP
[ORCH 19:25:15] current global_ub=2400 from MIP
[ORCH 19:25:16] current global_ub=2400 from MIP
[ORCH 19:25:16] current global_ub=2400 from MIP
[ORCH 19:25:15] current global_ub=2400 from MIP
[ORCH 19:25:16] current global_ub=2400 from MIP
[ORCH 19:25:16] current global_ub=2400 from MIP
[ORCH 19:25:17] current global_ub=2400 from MIP
[ORCH 19:25:17] current global_ub=2400 from MIP
[ORCH 19:25:18] current global_ub=2400 from MIP
[ORCH 19:25:18] current global_ub=2400 from MIP
[ORCH 19:25:19] current global_ub=2400 from MIP
[ORCH 19:25:19] current global_ub=2400 from MIP
[ORCH 19:25:20] current global_ub=2400 from MIP
[ORCH 19:25:20] current global_ub=2400 from MIP
[ORCH 19:25:21] current global_ub=2400 from MIP
[ORCH 19:25:21] current global_ub=2400 from MIP
[ORCH 19:25:22] current global_ub=2400 from MIP
[ORCH 19:25:22] current global_ub=2400 from MIP
[ORCH 19:25:23] current global_ub=2400 from MIP
[ORCH 19:25:23] current global_ub=2400 from MIP
[ORCH 19:25:24] current global_ub=2400 from MIP
[ORCH 19:25:24] current global_ub=2400 from MIP
[ORCH 19:25:25] current global_ub=2400 from MIP
[ORCH 19:25:25] current global_ub=2400 from MIP
[ORCH 19:25:26] current global_ub=2400 from MIP
[ORCH 19:25:26] current global_ub=2400 from MIP
[ORCH 19:25:27] current global_ub=2400 from MIP
[ORCH 19:25:27] current global_ub=2400 from MIP
[ORCH 19:25:28] current global_ub=2400 from MIP
[ORCH 19:25:28] current global_ub=2400 from MIP
[ORCH 19:25:29] current global_ub=2400 from MIP
[ORCH 19:25:29] current global_ub=2400 from MIP
[ORCH 19:25:30] current global_ub=2400 from MIP
[ORCH 19:25:30] current global_ub=2400 from MIP
[ORCH 19:25:31] current global_ub=2400 from MIP
[ORCH 19:25:31] current global_ub=2400 from MIP
[ORCH 19:25:32] current global_ub=2400 from MIP
[ORCH 19:25:32] current global_ub=2400 from MIP
[ORCH 19:25:33] current global_ub=2400 from MIP
[ORCH 19:25:33] current global_ub=2400 from MIP
[ORCH 19:25:34] current global_ub=2400 from MIP
[ORCH 19:25:35] current global_ub=2400 from MIP
[ORCH 19:25:35] current global_ub=2400 from MIP
[ORCH 19:25:36] current global_ub=2400 from MIP
[ORCH 19:25:36] current global_ub=2400 from MIP
[ORCH 19:25:37] current global_ub=2400 from MIP
[ORCH 19:25:37] current global_ub=2400 from MIP
[ORCH 19:25:38] current global_ub=2400 from MIP
[ORCH 19:25:38] current global_ub=2400 from MIP
[ORCH 19:25:39] current global_ub=2400 from MIP
[ORCH 19:25:39] current global_ub=2400 from MIP
[ORCH 19:25:40] current global_ub=2400 from MIP
[ORCH 19:25:40] current global_ub=2400 from MIP
[ORCH 19:25:41] current global_ub=2400 from MIP
[ORCH 19:25:41] current global_ub=2400 from MIP
[ORCH 19:25:42] current global_ub=2400 from MIP
[ORCH 19:25:42] current global_ub=2400 from MIP
[ORCH 19:25:43] current global_ub=2400 from MIP
[ORCH 19:25:43] current global_ub=2400 from MIP
[ORCH 19:25:44] current global_ub=2400 from MIP
[ORCH 19:25:44] current global_ub=2400 from MIP
[ORCH 19:25:45] current global_ub=2400 from MIP
[ORCH 19:25:45] current global_ub=2400 from MIP
[ORCH 19:25:46] current global_ub=2400 from MIP
[ORCH 19:25:46] current global_ub=2400 from MIP
[ORCH 19:25:47] current global_ub=2400 from MIP
[ORCH 19:25:47] current global_ub=2400 from MIP
[ORCH 19:25:46] current global_ub=2400 from MIP
[ORCH 19:25:47] current global_ub=2400 from MIP
[ORCH 19:25:47] current global_ub=2400 from MIP
[ORCH 19:25:48] current global_ub=2400 from MIP
[ORCH 19:25:48] current global_ub=2400 from MIP
[ORCH 19:25:49] current global_ub=2400 from MIP
[ORCH 19:25:49] current global_ub=2400 from MIP
[ORCH 19:25:50] current global_ub=2400 from MIP
[ORCH 19:25:50] current global_ub=2400 from MIP
[ORCH 19:25:51] current global_ub=2400 from MIP
[ORCH 19:25:51] current global_ub=2400 from MIP
[ORCH 19:25:52] current global_ub=2400 from MIP
[ORCH 19:25:52] current global_ub=2400 from MIP
[ORCH 19:25:53] current global_ub=2400 from MIP
[ORCH 19:25:53] current global_ub=2400 from MIP
[ORCH 19:25:54] current global_ub=2400 from MIP
[ORCH 19:25:54] current global_ub=2400 from MIP
[ORCH 19:25:55] current global_ub=2400 from MIP
[ORCH 19:25:55] current global_ub=2400 from MIP
[ORCH 19:25:56] current global_ub=2400 from MIP
[ORCH 19:25:56] current global_ub=2400 from MIP
[ORCH 19:25:57] current global_ub=2400 from MIP
[ORCH 19:25:57] current global_ub=2400 from MIP
[ORCH 19:25:58] current global_ub=2400 from MIP
[ORCH 19:25:58] current global_ub=2400 from MIP
[ORCH 19:25:59] current global_ub=2400 from MIP
[ORCH 19:25:59] current global_ub=2400 from MIP
[ORCH 19:26:00] current global_ub=2400 from MIP
[ORCH 19:26:00] current global_ub=2400 from MIP
[ORCH 19:26:01] current global_ub=2400 from MIP
[ORCH 19:26:01] current global_ub=2400 from MIP
[ORCH 19:26:02] current global_ub=2400 from MIP
[ORCH 19:26:02] current global_ub=2400 from MIP
[ORCH 19:26:03] current global_ub=2400 from MIP
[ORCH 19:26:03] current global_ub=2400 from MIP
[ORCH 19:26:04] current global_ub=2400 from MIP
[ORCH 19:26:04] current global_ub=2400 from MIP
[ORCH 19:26:05] current global_ub=2400 from MIP
[ORCH 19:26:05] current global_ub=2400 from MIP
[ORCH 19:26:06] current global_ub=2400 from MIP
[ORCH 19:26:06] current global_ub=2400 from MIP
[ORCH 19:26:07] current global_ub=2400 from MIP
[ORCH 19:26:07] current global_ub=2400 from MIP
[ORCH 19:26:08] current global_ub=2400 from MIP
[ORCH 19:26:08] current global_ub=2400 from MIP
[ORCH 19:26:09] current global_ub=2400 from MIP
[ORCH 19:26:09] current global_ub=2400 from MIP
[ORCH 19:26:10] current global_ub=2400 from MIP
[ORCH 19:26:10] current global_ub=2400 from MIP
[ORCH 19:26:11] current global_ub=2400 from MIP
[ORCH 19:26:11] current global_ub=2400 from MIP
[ORCH 19:26:12] current global_ub=2400 from MIP
[ORCH 19:26:12] current global_ub=2400 from MIP
[ORCH 19:26:13] current global_ub=2400 from MIP
[ORCH 19:26:13] current global_ub=2400 from MIP
[ORCH 19:26:14] current global_ub=2400 from MIP
[ORCH 19:26:14] current global_ub=2400 from MIP
[ORCH 19:26:15] current global_ub=2400 from MIP
[ORCH 19:26:15] current global_ub=2400 from MIP
[ORCH 19:26:16] current global_ub=2400 from MIP
[ORCH 19:26:16] current global_ub=2400 from MIP
[ORCH 19:26:17] current global_ub=2400 from MIP
[ORCH 19:26:17] current global_ub=2400 from MIP
[ORCH 19:26:18] current global_ub=2400 from MIP
[ORCH 19:26:18] current global_ub=2400 from MIP
[ORCH 19:26:17] current global_ub=2400 from MIP
[ORCH 19:26:18] current global_ub=2400 from MIP
[ORCH 19:26:18] current global_ub=2400 from MIP
[ORCH 19:26:19] current global_ub=2400 from MIP
[ORCH 19:26:19] current global_ub=2400 from MIP
[ORCH 19:26:20] current global_ub=2400 from MIP
[ORCH 19:26:20] current global_ub=2400 from MIP
[ORCH 19:26:21] current global_ub=2400 from MIP
[ORCH 19:26:21] current global_ub=2400 from MIP
[ORCH 19:26:22] current global_ub=2400 from MIP
[ORCH 19:26:22] current global_ub=2400 from MIP
[ORCH 19:26:23] current global_ub=2400 from MIP
[ORCH 19:26:23] current global_ub=2400 from MIP
[ORCH 19:26:24] current global_ub=2400 from MIP
[ORCH 19:26:24] current global_ub=2400 from MIP
[ORCH 19:26:25] current global_ub=2400 from MIP
[ORCH 19:26:25] current global_ub=2400 from MIP
[ORCH 19:26:26] current global_ub=2400 from MIP
[ORCH 19:26:26] current global_ub=2400 from MIP
[ORCH 19:26:27] current global_ub=2400 from MIP
[ORCH 19:26:27] current global_ub=2400 from MIP
[ORCH 19:26:28] current global_ub=2400 from MIP
[ORCH 19:26:28] current global_ub=2400 from MIP
[ORCH 19:26:29] current global_ub=2400 from MIP
[ORCH 19:26:29] current global_ub=2400 from MIP
[ORCH 19:26:30] current global_ub=2400 from MIP
[ORCH 19:26:30] current global_ub=2400 from MIP
[ORCH 19:26:31] current global_ub=2400 from MIP
[ORCH 19:26:31] current global_ub=2400 from MIP
[ORCH 19:26:32] current global_ub=2400 from MIP
[ORCH 19:26:33] current global_ub=2400 from MIP
[ORCH 19:26:33] current global_ub=2400 from MIP
[ORCH 19:26:34] current global_ub=2400 from MIP
[ORCH 19:26:34] current global_ub=2400 from MIP
[ORCH 19:26:35] current global_ub=2400 from MIP
[ORCH 19:26:35] current global_ub=2400 from MIP
[ORCH 19:26:36] current global_ub=2400 from MIP
[ORCH 19:26:36] current global_ub=2400 from MIP
[ORCH 19:26:37] current global_ub=2400 from MIP
[ORCH 19:26:37] current global_ub=2400 from MIP
[ORCH 19:26:38] current global_ub=2400 from MIP
[ORCH 19:26:38] current global_ub=2400 from MIP
[ORCH 19:26:39] current global_ub=2400 from MIP
[ORCH 19:26:39] current global_ub=2400 from MIP
[ORCH 19:26:40] current global_ub=2400 from MIP
[ORCH 19:26:40] current global_ub=2400 from MIP
[ORCH 19:26:41] current global_ub=2400 from MIP
[ORCH 19:26:41] current global_ub=2400 from MIP
[ORCH 19:26:42] current global_ub=2400 from MIP
[ORCH 19:26:42] current global_ub=2400 from MIP
[ORCH 19:26:43] current global_ub=2400 from MIP
[ORCH 19:26:43] current global_ub=2400 from MIP
[ORCH 19:26:44] current global_ub=2400 from MIP
[ORCH 19:26:44] current global_ub=2400 from MIP
[ORCH 19:26:45] current global_ub=2400 from MIP
[ORCH 19:26:45] current global_ub=2400 from MIP
[ORCH 19:26:46] current global_ub=2400 from MIP
[ORCH 19:26:46] current global_ub=2400 from MIP
[ORCH 19:26:47] current global_ub=2400 from MIP
[ORCH 19:26:47] current global_ub=2400 from MIP
[ORCH 19:26:48] current global_ub=2400 from MIP
[ORCH 19:26:48] current global_ub=2400 from MIP
[ORCH 19:26:49] current global_ub=2400 from MIP
[ORCH 19:26:49] current global_ub=2400 from MIP
[ORCH 19:26:48] current global_ub=2400 from MIP
[ORCH 19:26:49] current global_ub=2400 from MIP
[ORCH 19:26:49] current global_ub=2400 from MIP
[ORCH 19:26:50] current global_ub=2400 from MIP
[ORCH 19:26:50] current global_ub=2400 from MIP
[ORCH 19:26:51] current global_ub=2400 from MIP
[ORCH 19:26:51] current global_ub=2400 from MIP
[ORCH 19:26:52] current global_ub=2400 from MIP
[ORCH 19:26:52] current global_ub=2400 from MIP
[ORCH 19:26:53] current global_ub=2400 from MIP
[ORCH 19:26:53] current global_ub=2400 from MIP
[ORCH 19:26:54] current global_ub=2400 from MIP
[ORCH 19:26:54] current global_ub=2400 from MIP
[ORCH 19:26:55] current global_ub=2400 from MIP
[ORCH 19:26:55] current global_ub=2400 from MIP
[ORCH 19:26:56] current global_ub=2400 from MIP
[ORCH 19:26:56] current global_ub=2400 from MIP
[ORCH 19:26:57] current global_ub=2400 from MIP
[ORCH 19:26:57] current global_ub=2400 from MIP
[ORCH 19:26:58] current global_ub=2400 from MIP
[ORCH 19:26:58] current global_ub=2400 from MIP
[ORCH 19:26:59] current global_ub=2400 from MIP
[ORCH 19:26:59] current global_ub=2400 from MIP
[ORCH 19:27:00] current global_ub=2400 from MIP
[ORCH 19:27:00] current global_ub=2400 from MIP
[ORCH 19:27:01] current global_ub=2400 from MIP
[ORCH 19:27:01] current global_ub=2400 from MIP
[ORCH 19:27:02] current global_ub=2400 from MIP
[ORCH 19:27:02] current global_ub=2400 from MIP
[ORCH 19:27:03] current global_ub=2400 from MIP
[ORCH 19:27:03] current global_ub=2400 from MIP
[ORCH 19:27:04] current global_ub=2400 from MIP
[ORCH 19:27:04] current global_ub=2400 from MIP
[ORCH 19:27:05] current global_ub=2400 from MIP
[ORCH 19:27:05] current global_ub=2400 from MIP
[ORCH 19:27:06] current global_ub=2400 from MIP
[ORCH 19:27:06] current global_ub=2400 from MIP
[ORCH 19:27:07] current global_ub=2400 from MIP
[ORCH 19:27:07] current global_ub=2400 from MIP
[ORCH 19:27:08] current global_ub=2400 from MIP
[ORCH 19:27:08] current global_ub=2400 from MIP
[ORCH 19:27:09] current global_ub=2400 from MIP
[ORCH 19:27:09] current global_ub=2400 from MIP
[ORCH 19:27:10] current global_ub=2400 from MIP
[ORCH 19:27:10] current global_ub=2400 from MIP
[ORCH 19:27:11] current global_ub=2400 from MIP
[ORCH 19:27:11] current global_ub=2400 from MIP
[ORCH 19:27:12] current global_ub=2400 from MIP
[ORCH 19:27:12] current global_ub=2400 from MIP
[ORCH 19:27:13] current global_ub=2400 from MIP
[ORCH 19:27:13] current global_ub=2400 from MIP
[ORCH 19:27:14] current global_ub=2400 from MIP
[ORCH 19:27:14] current global_ub=2400 from MIP
[ORCH 19:27:15] current global_ub=2400 from MIP
[ORCH 19:27:15] current global_ub=2400 from MIP
[ORCH 19:27:16] current global_ub=2400 from MIP
[ORCH 19:27:16] current global_ub=2400 from MIP
[ORCH 19:27:17] current global_ub=2400 from MIP
[ORCH 19:27:17] current global_ub=2400 from MIP
[ORCH 19:27:18] current global_ub=2400 from MIP
[ORCH 19:27:19] current global_ub=2400 from MIP
[ORCH 19:27:19] current global_ub=2400 from MIP
[ORCH 19:27:20] current global_ub=2400 from MIP
[ORCH 19:27:20] current global_ub=2400 from MIP
[ORCH 19:27:19] current global_ub=2400 from MIP
[ORCH 19:27:20] current global_ub=2400 from MIP
[ORCH 19:27:20] current global_ub=2400 from MIP
[ORCH 19:27:21] current global_ub=2400 from MIP
[ORCH 19:27:21] current global_ub=2400 from MIP
[ORCH 19:27:22] current global_ub=2400 from MIP
[ORCH 19:27:22] current global_ub=2400 from MIP
[ORCH 19:27:23] current global_ub=2400 from MIP
[ORCH 19:27:23] current global_ub=2400 from MIP
[ORCH 19:27:24] current global_ub=2400 from MIP
[ORCH 19:27:24] current global_ub=2400 from MIP
[ORCH 19:27:25] current global_ub=2400 from MIP
[ORCH 19:27:25] current global_ub=2400 from MIP
[ORCH 19:27:26] current global_ub=2400 from MIP
[ORCH 19:27:26] current global_ub=2400 from MIP
[ORCH 19:27:27] current global_ub=2400 from MIP
[ORCH 19:27:27] current global_ub=2400 from MIP
[ORCH 19:27:28] current global_ub=2400 from MIP
[ORCH 19:27:28] current global_ub=2400 from MIP
[ORCH 19:27:29] current global_ub=2400 from MIP
[ORCH 19:27:29] current global_ub=2400 from MIP
[ORCH 19:27:30] current global_ub=2400 from MIP
[ORCH 19:27:30] current global_ub=2400 from MIP
[ORCH 19:27:31] current global_ub=2400 from MIP
[ORCH 19:27:31] current global_ub=2400 from MIP
[ORCH 19:27:32] current global_ub=2400 from MIP
[ORCH 19:27:32] current global_ub=2400 from MIP
[ORCH 19:27:33] current global_ub=2400 from MIP
[ORCH 19:27:33] current global_ub=2400 from MIP
[ORCH 19:27:34] current global_ub=2400 from MIP
[ORCH 19:27:34] current global_ub=2400 from MIP
[ORCH 19:27:35] current global_ub=2400 from MIP
[ORCH 19:27:35] current global_ub=2400 from MIP
[ORCH 19:27:36] current global_ub=2400 from MIP
[ORCH 19:27:36] current global_ub=2400 from MIP
[ORCH 19:27:37] current global_ub=2400 from MIP
[ORCH 19:27:37] current global_ub=2400 from MIP
[ORCH 19:27:38] current global_ub=2400 from MIP
[ORCH 19:27:38] current global_ub=2400 from MIP
[ORCH 19:27:39] current global_ub=2400 from MIP
[ORCH 19:27:39] current global_ub=2400 from MIP
[ORCH 19:27:40] current global_ub=2400 from MIP
[ORCH 19:27:40] current global_ub=2400 from MIP
[ORCH 19:27:41] current global_ub=2400 from MIP
[ORCH 19:27:41] current global_ub=2400 from MIP
[ORCH 19:27:42] current global_ub=2400 from MIP
[ORCH 19:27:42] current global_ub=2400 from MIP
[ORCH 19:27:43] current global_ub=2400 from MIP
[ORCH 19:27:43] current global_ub=2400 from MIP
[ORCH 19:27:44] current global_ub=2400 from MIP
[ORCH 19:27:44] current global_ub=2400 from MIP
[ORCH 19:27:45] current global_ub=2400 from MIP
[ORCH 19:27:45] current global_ub=2400 from MIP
[ORCH 19:27:46] current global_ub=2400 from MIP
[ORCH 19:27:46] current global_ub=2400 from MIP
[ORCH 19:27:47] current global_ub=2400 from MIP
[ORCH 19:27:47] current global_ub=2400 from MIP
[ORCH 19:27:48] current global_ub=2400 from MIP
[ORCH 19:27:48] current global_ub=2400 from MIP
[ORCH 19:27:49] current global_ub=2400 from MIP
[ORCH 19:27:49] current global_ub=2400 from MIP
[ORCH 19:27:50] current global_ub=2400 from MIP
[ORCH 19:27:50] current global_ub=2400 from MIP
[ORCH 19:27:51] current global_ub=2400 from MIP
[ORCH 19:27:50] current global_ub=2400 from MIP
[ORCH 19:27:50] current global_ub=2400 from MIP
[ORCH 19:27:51] current global_ub=2400 from MIP
[ORCH 19:27:51] current global_ub=2400 from MIP
[ORCH 19:27:52] current global_ub=2400 from MIP
[ORCH 19:27:52] current global_ub=2400 from MIP
[ORCH 19:27:53] current global_ub=2400 from MIP
[ORCH 19:27:53] current global_ub=2400 from MIP
[ORCH 19:27:54] current global_ub=2400 from MIP
[ORCH 19:27:54] current global_ub=2400 from MIP
[ORCH 19:27:55] current global_ub=2400 from MIP
[ORCH 19:27:55] current global_ub=2400 from MIP
[ORCH 19:27:56] current global_ub=2400 from MIP
[ORCH 19:27:56] current global_ub=2400 from MIP
[ORCH 19:27:57] current global_ub=2400 from MIP
[ORCH 19:27:57] current global_ub=2400 from MIP
[ORCH 19:27:58] current global_ub=2400 from MIP
[ORCH 19:27:58] current global_ub=2400 from MIP
[ORCH 19:27:59] current global_ub=2400 from MIP
[ORCH 19:27:59] current global_ub=2400 from MIP
[ORCH 19:28:00] current global_ub=2400 from MIP
[ORCH 19:28:00] current global_ub=2400 from MIP
[ORCH 19:28:01] current global_ub=2400 from MIP
[ORCH 19:28:01] current global_ub=2400 from MIP
[ORCH 19:28:02] current global_ub=2400 from MIP
[ORCH 19:28:03] current global_ub=2400 from MIP
[ORCH 19:28:03] current global_ub=2400 from MIP
[ORCH 19:28:04] current global_ub=2400 from MIP
[ORCH 19:28:04] current global_ub=2400 from MIP
[ORCH 19:28:05] current global_ub=2400 from MIP
[ORCH 19:28:05] current global_ub=2400 from MIP
[ORCH 19:28:06] current global_ub=2400 from MIP
[ORCH 19:28:06] current global_ub=2400 from MIP
[ORCH 19:28:07] current global_ub=2400 from MIP
[ORCH 19:28:07] current global_ub=2400 from MIP
[ORCH 19:28:08] current global_ub=2400 from MIP
[ORCH 19:28:08] current global_ub=2400 from MIP
[ORCH 19:28:09] current global_ub=2400 from MIP
[ORCH 19:28:09] current global_ub=2400 from MIP
[ORCH 19:28:10] current global_ub=2400 from MIP
[ORCH 19:28:10] current global_ub=2400 from MIP
[ORCH 19:28:11] current global_ub=2400 from MIP
[ORCH 19:28:11] current global_ub=2400 from MIP
[ORCH 19:28:12] current global_ub=2400 from MIP
[ORCH 19:28:12] current global_ub=2400 from MIP
[ORCH 19:28:13] current global_ub=2400 from MIP
[ORCH 19:28:13] current global_ub=2400 from MIP
[ORCH 19:28:14] current global_ub=2400 from MIP
[ORCH 19:28:14] current global_ub=2400 from MIP
[ORCH 19:28:15] current global_ub=2400 from MIP
[ORCH 19:28:15] current global_ub=2400 from MIP
[ORCH 19:28:16] current global_ub=2400 from MIP
[ORCH 19:28:16] current global_ub=2400 from MIP
[ORCH 19:28:17] current global_ub=2400 from MIP
[ORCH 19:28:17] current global_ub=2400 from MIP
[ORCH 19:28:18] current global_ub=2400 from MIP
[ORCH 19:28:18] current global_ub=2400 from MIP
[ORCH 19:28:19] current global_ub=2400 from MIP
[ORCH 19:28:19] current global_ub=2400 from MIP
[ORCH 19:28:20] current global_ub=2400 from MIP
[ORCH 19:28:20] current global_ub=2400 from MIP
[ORCH 19:28:21] current global_ub=2400 from MIP
[ORCH 19:28:21] current global_ub=2400 from MIP
[ORCH 19:28:22] current global_ub=2400 from MIP
[ORCH 19:28:22] current global_ub=2400 from MIP
[ORCH 19:28:21] current global_ub=2400 from MIP
[ORCH 19:28:22] current global_ub=2400 from MIP
[ORCH 19:28:22] current global_ub=2400 from MIP
[ORCH 19:28:23] current global_ub=2400 from MIP
[ORCH 19:28:23] current global_ub=2400 from MIP
[ORCH 19:28:24] current global_ub=2400 from MIP
[ORCH 19:28:24] current global_ub=2400 from MIP
[ORCH 19:28:25] current global_ub=2400 from MIP
[ORCH 19:28:25] current global_ub=2400 from MIP
[ORCH 19:28:26] current global_ub=2400 from MIP
[ORCH 19:28:26] current global_ub=2400 from MIP
[ORCH 19:28:27] current global_ub=2400 from MIP
[ORCH 19:28:27] current global_ub=2400 from MIP
[ORCH 19:28:28] current global_ub=2400 from MIP
[ORCH 19:28:28] current global_ub=2400 from MIP
[ORCH 19:28:29] current global_ub=2400 from MIP
[ORCH 19:28:29] current global_ub=2400 from MIP
[ORCH 19:28:30] current global_ub=2400 from MIP
[ORCH 19:28:30] current global_ub=2400 from MIP
[ORCH 19:28:31] current global_ub=2400 from MIP
[ORCH 19:28:31] current global_ub=2400 from MIP
[ORCH 19:28:32] current global_ub=2400 from MIP
[ORCH 19:28:32] current global_ub=2400 from MIP
[ORCH 19:28:33] current global_ub=2400 from MIP
[ORCH 19:28:33] current global_ub=2400 from MIP
[ORCH 19:28:34] current global_ub=2400 from MIP
[ORCH 19:28:34] current global_ub=2400 from MIP
[ORCH 19:28:35] current global_ub=2400 from MIP
[ORCH 19:28:35] current global_ub=2400 from MIP
[ORCH 19:28:36] current global_ub=2400 from MIP
[ORCH 19:28:36] current global_ub=2400 from MIP
[ORCH 19:28:37] current global_ub=2400 from MIP
[ORCH 19:28:37] current global_ub=2400 from MIP
[ORCH 19:28:38] current global_ub=2400 from MIP
[ORCH 19:28:38] current global_ub=2400 from MIP
[ORCH 19:28:39] current global_ub=2400 from MIP
[ORCH 19:28:39] current global_ub=2400 from MIP
[ORCH 19:28:40] current global_ub=2400 from MIP
[ORCH 19:28:40] current global_ub=2400 from MIP
[ORCH 19:28:41] current global_ub=2400 from MIP
[ORCH 19:28:41] current global_ub=2400 from MIP
[ORCH 19:28:42] current global_ub=2400 from MIP
[ORCH 19:28:42] current global_ub=2400 from MIP
[ORCH 19:28:43] current global_ub=2400 from MIP
[ORCH 19:28:43] current global_ub=2400 from MIP
[ORCH 19:28:44] current global_ub=2400 from MIP
[ORCH 19:28:44] current global_ub=2400 from MIP
[ORCH 19:28:45] current global_ub=2400 from MIP
[ORCH 19:28:45] current global_ub=2400 from MIP
[ORCH 19:28:46] current global_ub=2400 from MIP
[ORCH 19:28:46] current global_ub=2400 from MIP
[ORCH 19:28:47] current global_ub=2400 from MIP
[ORCH 19:28:47] current global_ub=2400 from MIP
[ORCH 19:28:48] current global_ub=2400 from MIP
[ORCH 19:28:48] current global_ub=2400 from MIP
[ORCH 19:28:49] current global_ub=2400 from MIP
[ORCH 19:28:50] current global_ub=2400 from MIP
[ORCH 19:28:50] current global_ub=2400 from MIP
[ORCH 19:28:51] current global_ub=2400 from MIP
[ORCH 19:28:51] current global_ub=2400 from MIP
[ORCH 19:28:52] current global_ub=2400 from MIP
[ORCH 19:28:52] current global_ub=2400 from MIP
[ORCH 19:28:53] current global_ub=2400 from MIP
[ORCH 19:28:53] current global_ub=2400 from MIP
[ORCH 19:28:52] current global_ub=2400 from MIP
[ORCH 19:28:52] current global_ub=2400 from MIP
[ORCH 19:28:53] current global_ub=2400 from MIP
[ORCH 19:28:53] current global_ub=2400 from MIP
[ORCH 19:28:54] current global_ub=2400 from MIP
[ORCH 19:28:55] current global_ub=2400 from MIP
[ORCH 19:28:55] current global_ub=2400 from MIP
[ORCH 19:28:56] current global_ub=2400 from MIP
[ORCH 19:28:56] current global_ub=2400 from MIP
[ORCH 19:28:57] current global_ub=2400 from MIP
[ORCH 19:28:57] current global_ub=2400 from MIP
[ORCH 19:28:58] current global_ub=2400 from MIP
[ORCH 19:28:58] current global_ub=2400 from MIP
[ORCH 19:28:59] current global_ub=2400 from MIP
[ORCH 19:28:59] current global_ub=2400 from MIP
[ORCH 19:29:00] current global_ub=2400 from MIP
[ORCH 19:29:00] current global_ub=2400 from MIP
[ORCH 19:29:01] current global_ub=2400 from MIP
[ORCH 19:29:01] current global_ub=2400 from MIP
[ORCH 19:29:02] current global_ub=2400 from MIP
[ORCH 19:29:02] current global_ub=2400 from MIP
[ORCH 19:29:03] current global_ub=2400 from MIP
[ORCH 19:29:03] current global_ub=2400 from MIP
[ORCH 19:29:04] current global_ub=2400 from MIP
[ORCH 19:29:04] current global_ub=2400 from MIP
[ORCH 19:29:05] current global_ub=2400 from MIP
[ORCH 19:29:05] current global_ub=2400 from MIP
[ORCH 19:29:06] current global_ub=2400 from MIP
[ORCH 19:29:06] current global_ub=2400 from MIP
[ORCH 19:29:07] current global_ub=2400 from MIP
[ORCH 19:29:07] current global_ub=2400 from MIP
[ORCH 19:29:08] current global_ub=2400 from MIP
[ORCH 19:29:08] current global_ub=2400 from MIP
[ORCH 19:29:09] current global_ub=2400 from MIP
[ORCH 19:29:09] current global_ub=2400 from MIP
[ORCH 19:29:10] current global_ub=2400 from MIP
[ORCH 19:29:10] current global_ub=2400 from MIP
[ORCH 19:29:11] current global_ub=2400 from MIP
[ORCH 19:29:11] current global_ub=2400 from MIP
[ORCH 19:29:12] current global_ub=2400 from MIP
[ORCH 19:29:12] current global_ub=2400 from MIP
[ORCH 19:29:13] current global_ub=2400 from MIP
[ORCH 19:29:13] current global_ub=2400 from MIP
[ORCH 19:29:14] current global_ub=2400 from MIP
[ORCH 19:29:14] current global_ub=2400 from MIP
[ORCH 19:29:15] current global_ub=2400 from MIP
[ORCH 19:29:15] current global_ub=2400 from MIP
[ORCH 19:29:16] current global_ub=2400 from MIP
[ORCH 19:29:16] current global_ub=2400 from MIP
[ORCH 19:29:17] current global_ub=2400 from MIP
[ORCH 19:29:17] current global_ub=2400 from MIP
[ORCH 19:29:18] current global_ub=2400 from MIP
[ORCH 19:29:18] current global_ub=2400 from MIP
[ORCH 19:29:19] current global_ub=2400 from MIP
[ORCH 19:29:19] current global_ub=2400 from MIP
[ORCH 19:29:20] current global_ub=2400 from MIP
[ORCH 19:29:20] current global_ub=2400 from MIP
[ORCH 19:29:21] current global_ub=2400 from MIP
[ORCH 19:29:22] current global_ub=2400 from MIP
[ORCH 19:29:22] current global_ub=2400 from MIP
[ORCH 19:29:23] current global_ub=2400 from MIP
[ORCH 19:29:23] current global_ub=2400 from MIP
[ORCH 19:29:24] current global_ub=2400 from MIP
[ORCH 19:29:24] current global_ub=2400 from MIP
[ORCH 19:29:23] current global_ub=2400 from MIP
[ORCH 19:29:24] current global_ub=2400 from MIP
[ORCH 19:29:24] current global_ub=2400 from MIP
[ORCH 19:29:25] current global_ub=2400 from MIP
[ORCH 19:29:25] current global_ub=2400 from MIP
[ORCH 19:29:26] current global_ub=2400 from MIP
[ORCH 19:29:26] current global_ub=2400 from MIP
[ORCH 19:29:27] current global_ub=2400 from MIP
[ORCH 19:29:27] current global_ub=2400 from MIP
[ORCH 19:29:28] current global_ub=2400 from MIP
[ORCH 19:29:28] current global_ub=2400 from MIP
[ORCH 19:29:29] current global_ub=2400 from MIP
[ORCH 19:29:29] current global_ub=2400 from MIP
[ORCH 19:29:30] current global_ub=2400 from MIP
[ORCH 19:29:30] current global_ub=2400 from MIP
[ORCH 19:29:31] current global_ub=2400 from MIP
[ORCH 19:29:31] current global_ub=2400 from MIP
[ORCH 19:29:32] current global_ub=2400 from MIP
[ORCH 19:29:32] current global_ub=2400 from MIP
[ORCH 19:29:33] current global_ub=2400 from MIP
[ORCH 19:29:33] current global_ub=2400 from MIP
[ORCH 19:29:34] current global_ub=2400 from MIP
[ORCH 19:29:34] current global_ub=2400 from MIP
[ORCH 19:29:35] current global_ub=2400 from MIP
[ORCH 19:29:35] current global_ub=2400 from MIP
[ORCH 19:29:36] current global_ub=2400 from MIP
[ORCH 19:29:36] current global_ub=2400 from MIP
[ORCH 19:29:37] current global_ub=2400 from MIP
[ORCH 19:29:37] current global_ub=2400 from MIP
[ORCH 19:29:38] current global_ub=2400 from MIP
[ORCH 19:29:38] current global_ub=2400 from MIP
[ORCH 19:29:39] current global_ub=2400 from MIP
[ORCH 19:29:40] current global_ub=2400 from MIP
[ORCH 19:29:40] current global_ub=2400 from MIP
[ORCH 19:29:41] current global_ub=2400 from MIP
[ORCH 19:29:41] current global_ub=2400 from MIP
[ORCH 19:29:42] current global_ub=2400 from MIP
[ORCH 19:29:42] current global_ub=2400 from MIP
[ORCH 19:29:43] current global_ub=2400 from MIP
[ORCH 19:29:43] current global_ub=2400 from MIP
[ORCH 19:29:44] current global_ub=2400 from MIP
[ORCH 19:29:44] current global_ub=2400 from MIP
[ORCH 19:29:45] current global_ub=2400 from MIP
[ORCH 19:29:45] current global_ub=2400 from MIP
[ORCH 19:29:46] current global_ub=2400 from MIP
[ORCH 19:29:46] current global_ub=2400 from MIP
[ORCH 19:29:47] current global_ub=2400 from MIP
[ORCH 19:29:47] current global_ub=2400 from MIP
[ORCH 19:29:48] current global_ub=2400 from MIP
[ORCH 19:29:48] current global_ub=2400 from MIP
[ORCH 19:29:49] current global_ub=2400 from MIP
[ORCH 19:29:49] current global_ub=2400 from MIP
[ORCH 19:29:50] current global_ub=2400 from MIP
[ORCH 19:29:50] current global_ub=2400 from MIP
[ORCH 19:29:51] current global_ub=2400 from MIP
[ORCH 19:29:51] current global_ub=2400 from MIP
[ORCH 19:29:52] current global_ub=2400 from MIP
[ORCH 19:29:52] current global_ub=2400 from MIP
[ORCH 19:29:53] current global_ub=2400 from MIP
[ORCH 19:29:53] current global_ub=2400 from MIP
[ORCH 19:29:54] current global_ub=2400 from MIP
[ORCH 19:29:54] current global_ub=2400 from MIP
[ORCH 19:29:55] current global_ub=2400 from MIP
[ORCH 19:29:54] current global_ub=2400 from MIP
[ORCH 19:29:55] current global_ub=2400 from MIP
[ORCH 19:29:55] current global_ub=2400 from MIP
[ORCH 19:29:56] current global_ub=2400 from MIP
[ORCH 19:29:56] current global_ub=2400 from MIP
[ORCH 19:29:57] current global_ub=2400 from MIP
[ORCH 19:29:57] current global_ub=2400 from MIP
[ORCH 19:29:58] current global_ub=2400 from MIP
[ORCH 19:29:58] current global_ub=2400 from MIP
[ORCH 19:29:59] current global_ub=2400 from MIP
[SAT 19:29:59] built F1 | vars=119655 | clauses=298739
[ORCH 19:29:59] current global_ub=2400 from MIP
[SAT 19:29:59] certifying current UB=2400 by solving cost <= 2399
[ORCH 19:30:00] current global_ub=2400 from MIP
[ORCH 19:30:00] current global_ub=2400 from MIP
[ORCH 19:30:01] current global_ub=2400 from MIP
[ORCH 19:30:01] current global_ub=2400 from MIP
[ORCH 19:30:02] current global_ub=2400 from MIP
[ORCH 19:30:02] current global_ub=2400 from MIP
[ORCH 19:30:03] current global_ub=2400 from MIP
[ORCH 19:30:03] current global_ub=2400 from MIP
[ORCH 19:30:04] current global_ub=2400 from MIP
[ORCH 19:30:04] current global_ub=2400 from MIP
[ORCH 19:30:05] current global_ub=2400 from MIP
[ORCH 19:30:05] current global_ub=2400 from MIP
[ORCH 19:30:06] current global_ub=2400 from MIP
[ORCH 19:30:06] current global_ub=2400 from MIP
[ORCH 19:30:07] current global_ub=2400 from MIP
[ORCH 19:30:07] current global_ub=2400 from MIP
[ORCH 19:30:08] current global_ub=2400 from MIP
[ORCH 19:30:08] current global_ub=2400 from MIP
[ORCH 19:30:09] current global_ub=2400 from MIP
[ORCH 19:30:09] current global_ub=2400 from MIP
[ORCH 19:30:10] current global_ub=2400 from MIP
[ORCH 19:30:10] current global_ub=2400 from MIP
[ORCH 19:30:11] current global_ub=2400 from MIP
[ORCH 19:30:11] current global_ub=2400 from MIP
[ORCH 19:30:12] current global_ub=2400 from MIP
[ORCH 19:30:12] current global_ub=2400 from MIP
[ORCH 19:30:13] current global_ub=2400 from MIP
[ORCH 19:30:13] current global_ub=2400 from MIP
[ORCH 19:30:14] current global_ub=2400 from MIP
[ORCH 19:30:14] current global_ub=2400 from MIP
[ORCH 19:30:15] current global_ub=2400 from MIP
[ORCH 19:30:15] current global_ub=2400 from MIP
[ORCH 19:30:16] current global_ub=2400 from MIP
[ORCH 19:30:16] current global_ub=2400 from MIP
[ORCH 19:30:17] current global_ub=2400 from MIP
[ORCH 19:30:17] current global_ub=2400 from MIP
[ORCH 19:30:18] current global_ub=2400 from MIP
[ORCH 19:30:18] current global_ub=2400 from MIP
[ORCH 19:30:19] current global_ub=2400 from MIP
[ORCH 19:30:19] current global_ub=2400 from MIP
[ORCH 19:30:20] current global_ub=2400 from MIP
[ORCH 19:30:20] current global_ub=2400 from MIP
[ORCH 19:30:21] current global_ub=2400 from MIP
[ORCH 19:30:21] current global_ub=2400 from MIP
[ORCH 19:30:22] current global_ub=2400 from MIP
[ORCH 19:30:22] current global_ub=2400 from MIP
[ORCH 19:30:23] current global_ub=2400 from MIP
[ORCH 19:30:23] current global_ub=2400 from MIP
[ORCH 19:30:24] current global_ub=2400 from MIP
[ORCH 19:30:24] current global_ub=2400 from MIP
[ORCH 19:30:25] current global_ub=2400 from MIP
[ORCH 19:30:25] current global_ub=2400 from MIP
[ORCH 19:30:26] current global_ub=2400 from MIP
[ORCH 19:30:25] current global_ub=2400 from MIP
[ORCH 19:30:25] current global_ub=2400 from MIP
[ORCH 19:30:26] current global_ub=2400 from MIP
[ORCH 19:30:26] current global_ub=2400 from MIP
[ORCH 19:30:27] current global_ub=2400 from MIP
[ORCH 19:30:27] current global_ub=2400 from MIP
[ORCH 19:30:28] current global_ub=2400 from MIP
[ORCH 19:30:28] current global_ub=2400 from MIP
[ORCH 19:30:29] current global_ub=2400 from MIP
[ORCH 19:30:29] current global_ub=2400 from MIP
[ORCH 19:30:30] current global_ub=2400 from MIP
[ORCH 19:30:30] current global_ub=2400 from MIP
[ORCH 19:30:31] current global_ub=2400 from MIP
[ORCH 19:30:31] current global_ub=2400 from MIP
[ORCH 19:30:32] current global_ub=2400 from MIP
[ORCH 19:30:32] current global_ub=2400 from MIP
[ORCH 19:30:33] current global_ub=2400 from MIP
[ORCH 19:30:33] current global_ub=2400 from MIP
[ORCH 19:30:34] current global_ub=2400 from MIP
[ORCH 19:30:34] current global_ub=2400 from MIP
[ORCH 19:30:35] current global_ub=2400 from MIP
[ORCH 19:30:35] current global_ub=2400 from MIP
[ORCH 19:30:36] current global_ub=2400 from MIP
[ORCH 19:30:36] current global_ub=2400 from MIP
[ORCH 19:30:37] current global_ub=2400 from MIP
[ORCH 19:30:37] current global_ub=2400 from MIP
[ORCH 19:30:38] current global_ub=2400 from MIP
[ORCH 19:30:38] current global_ub=2400 from MIP
[ORCH 19:30:39] current global_ub=2400 from MIP
[ORCH 19:30:39] current global_ub=2400 from MIP
[ORCH 19:30:40] current global_ub=2400 from MIP
[ORCH 19:30:40] current global_ub=2400 from MIP
[ORCH 19:30:41] current global_ub=2400 from MIP
[ORCH 19:30:41] current global_ub=2400 from MIP
[ORCH 19:30:42] current global_ub=2400 from MIP
[ORCH 19:30:42] current global_ub=2400 from MIP
[ORCH 19:30:43] current global_ub=2400 from MIP
[ORCH 19:30:43] current global_ub=2400 from MIP
[ORCH 19:30:44] current global_ub=2400 from MIP
[ORCH 19:30:44] current global_ub=2400 from MIP
[ORCH 19:30:45] current global_ub=2400 from MIP
[ORCH 19:30:45] current global_ub=2400 from MIP
[ORCH 19:30:46] current global_ub=2400 from MIP
[ORCH 19:30:46] current global_ub=2400 from MIP
[ORCH 19:30:47] current global_ub=2400 from MIP
[ORCH 19:30:48] current global_ub=2400 from MIP
[ORCH 19:30:48] current global_ub=2400 from MIP
[ORCH 19:30:49] current global_ub=2400 from MIP
[ORCH 19:30:49] current global_ub=2400 from MIP
[ORCH 19:30:50] current global_ub=2400 from MIP
[ORCH 19:30:50] current global_ub=2400 from MIP
[ORCH 19:30:51] current global_ub=2400 from MIP
[ORCH 19:30:51] current global_ub=2400 from MIP
[ORCH 19:30:52] current global_ub=2400 from MIP
[ORCH 19:30:52] current global_ub=2400 from MIP
[ORCH 19:30:53] current global_ub=2400 from MIP
[ORCH 19:30:53] current global_ub=2400 from MIP
[ORCH 19:30:54] current global_ub=2400 from MIP
[ORCH 19:30:54] current global_ub=2400 from MIP
[ORCH 19:30:55] current global_ub=2400 from MIP
[ORCH 19:30:55] current global_ub=2400 from MIP
[ORCH 19:30:56] current global_ub=2400 from MIP
[ORCH 19:30:56] current global_ub=2400 from MIP
[ORCH 19:30:57] current global_ub=2400 from MIP
[ORCH 19:30:56] current global_ub=2400 from MIP
[ORCH 19:30:56] current global_ub=2400 from MIP
[ORCH 19:30:57] current global_ub=2400 from MIP
[ORCH 19:30:57] current global_ub=2400 from MIP
[ORCH 19:30:58] current global_ub=2400 from MIP
[ORCH 19:30:58] current global_ub=2400 from MIP
[ORCH 19:30:59] current global_ub=2400 from MIP
[ORCH 19:30:59] current global_ub=2400 from MIP
[ORCH 19:31:00] current global_ub=2400 from MIP
[ORCH 19:31:00] current global_ub=2400 from MIP
[ORCH 19:31:01] current global_ub=2400 from MIP
[ORCH 19:31:01] current global_ub=2400 from MIP
[ORCH 19:31:02] current global_ub=2400 from MIP
[ORCH 19:31:02] current global_ub=2400 from MIP
[ORCH 19:31:03] current global_ub=2400 from MIP
[ORCH 19:31:03] current global_ub=2400 from MIP
[ORCH 19:31:04] current global_ub=2400 from MIP
[ORCH 19:31:04] current global_ub=2400 from MIP
[ORCH 19:31:05] current global_ub=2400 from MIP
[ORCH 19:31:05] current global_ub=2400 from MIP
[ORCH 19:31:06] current global_ub=2400 from MIP
[ORCH 19:31:06] current global_ub=2400 from MIP
[ORCH 19:31:07] current global_ub=2400 from MIP
[ORCH 19:31:07] current global_ub=2400 from MIP
[ORCH 19:31:08] current global_ub=2400 from MIP
[ORCH 19:31:08] current global_ub=2400 from MIP
[ORCH 19:31:09] current global_ub=2400 from MIP
[ORCH 19:31:09] current global_ub=2400 from MIP
[ORCH 19:31:10] current global_ub=2400 from MIP
[ORCH 19:31:10] current global_ub=2400 from MIP
[ORCH 19:31:11] current global_ub=2400 from MIP
[ORCH 19:31:11] current global_ub=2400 from MIP
[ORCH 19:31:12] current global_ub=2400 from MIP
[ORCH 19:31:12] current global_ub=2400 from MIP
[ORCH 19:31:13] current global_ub=2400 from MIP
[ORCH 19:31:13] current global_ub=2400 from MIP
[ORCH 19:31:14] current global_ub=2400 from MIP
[ORCH 19:31:14] current global_ub=2400 from MIP
[ORCH 19:31:15] current global_ub=2400 from MIP
[ORCH 19:31:15] current global_ub=2400 from MIP
[ORCH 19:31:16] current global_ub=2400 from MIP
[ORCH 19:31:16] current global_ub=2400 from MIP
[ORCH 19:31:17] current global_ub=2400 from MIP
[ORCH 19:31:17] current global_ub=2400 from MIP
[ORCH 19:31:18] current global_ub=2400 from MIP
[ORCH 19:31:18] current global_ub=2400 from MIP
[ORCH 19:31:19] current global_ub=2400 from MIP
[ORCH 19:31:19] current global_ub=2400 from MIP
[ORCH 19:31:20] current global_ub=2400 from MIP
[ORCH 19:31:20] current global_ub=2400 from MIP
[ORCH 19:31:21] current global_ub=2400 from MIP
[ORCH 19:31:21] current global_ub=2400 from MIP
[ORCH 19:31:22] current global_ub=2400 from MIP
[ORCH 19:31:22] current global_ub=2400 from MIP
[ORCH 19:31:23] current global_ub=2400 from MIP
[ORCH 19:31:24] current global_ub=2400 from MIP
[ORCH 19:31:24] current global_ub=2400 from MIP
[ORCH 19:31:25] current global_ub=2400 from MIP
[ORCH 19:31:25] current global_ub=2400 from MIP
[ORCH 19:31:26] current global_ub=2400 from MIP
[ORCH 19:31:26] current global_ub=2400 from MIP
[ORCH 19:31:27] current global_ub=2400 from MIP
[ORCH 19:31:27] current global_ub=2400 from MIP
[ORCH 19:31:28] current global_ub=2400 from MIP
[ORCH 19:31:27] current global_ub=2400 from MIP
[ORCH 19:31:27] current global_ub=2400 from MIP
[ORCH 19:31:28] current global_ub=2400 from MIP
[ORCH 19:31:28] current global_ub=2400 from MIP
[ORCH 19:31:29] current global_ub=2400 from MIP
[ORCH 19:31:29] current global_ub=2400 from MIP
[ORCH 19:31:30] current global_ub=2400 from MIP
[ORCH 19:31:30] current global_ub=2400 from MIP
[ORCH 19:31:31] current global_ub=2400 from MIP
[ORCH 19:31:31] current global_ub=2400 from MIP
[ORCH 19:31:32] current global_ub=2400 from MIP
[ORCH 19:31:32] current global_ub=2400 from MIP
[ORCH 19:31:33] current global_ub=2400 from MIP
[ORCH 19:31:33] current global_ub=2400 from MIP
[ORCH 19:31:34] current global_ub=2400 from MIP
[ORCH 19:31:34] current global_ub=2400 from MIP
[ORCH 19:31:35] current global_ub=2400 from MIP
[ORCH 19:31:35] current global_ub=2400 from MIP
[ORCH 19:31:36] current global_ub=2400 from MIP
[ORCH 19:31:36] current global_ub=2400 from MIP
[ORCH 19:31:37] current global_ub=2400 from MIP
[ORCH 19:31:37] current global_ub=2400 from MIP
[ORCH 19:31:38] current global_ub=2400 from MIP
[ORCH 19:31:38] current global_ub=2400 from MIP
[ORCH 19:31:39] current global_ub=2400 from MIP
[ORCH 19:31:39] current global_ub=2400 from MIP
[ORCH 19:31:40] current global_ub=2400 from MIP
[ORCH 19:31:40] current global_ub=2400 from MIP
[ORCH 19:31:41] current global_ub=2400 from MIP
[ORCH 19:31:41] current global_ub=2400 from MIP
[ORCH 19:31:42] current global_ub=2400 from MIP
[ORCH 19:31:42] current global_ub=2400 from MIP
[ORCH 19:31:43] current global_ub=2400 from MIP
[ORCH 19:31:43] current global_ub=2400 from MIP
[ORCH 19:31:44] current global_ub=2400 from MIP
[ORCH 19:31:44] current global_ub=2400 from MIP
[ORCH 19:31:45] current global_ub=2400 from MIP
[ORCH 19:31:45] current global_ub=2400 from MIP
[ORCH 19:31:46] current global_ub=2400 from MIP
[ORCH 19:31:46] current global_ub=2400 from MIP
[ORCH 19:31:47] current global_ub=2400 from MIP
[ORCH 19:31:47] current global_ub=2400 from MIP
[ORCH 19:31:48] current global_ub=2400 from MIP
[ORCH 19:31:48] current global_ub=2400 from MIP
[ORCH 19:31:49] current global_ub=2400 from MIP
[ORCH 19:31:49] current global_ub=2400 from MIP
[ORCH 19:31:50] current global_ub=2400 from MIP
[ORCH 19:31:50] current global_ub=2400 from MIP
[ORCH 19:31:51] current global_ub=2400 from MIP
[ORCH 19:31:51] current global_ub=2400 from MIP
[ORCH 19:31:52] current global_ub=2400 from MIP
[ORCH 19:31:52] current global_ub=2400 from MIP
[ORCH 19:31:53] current global_ub=2400 from MIP
[ORCH 19:31:53] current global_ub=2400 from MIP
[ORCH 19:31:54] current global_ub=2400 from MIP
[ORCH 19:31:54] current global_ub=2400 from MIP
[ORCH 19:31:55] current global_ub=2400 from MIP
[ORCH 19:31:55] current global_ub=2400 from MIP
[ORCH 19:31:56] current global_ub=2400 from MIP
[ORCH 19:31:56] current global_ub=2400 from MIP
[ORCH 19:31:57] current global_ub=2400 from MIP
[ORCH 19:31:57] current global_ub=2400 from MIP
[ORCH 19:31:58] current global_ub=2400 from MIP
[ORCH 19:31:58] current global_ub=2400 from MIP
[ORCH 19:31:59] current global_ub=2400 from MIP
[ORCH 19:31:58] current global_ub=2400 from MIP
[ORCH 19:31:58] current global_ub=2400 from MIP
[ORCH 19:31:59] current global_ub=2400 from MIP
[ORCH 19:31:59] current global_ub=2400 from MIP
[ORCH 19:32:00] current global_ub=2400 from MIP
[ORCH 19:32:00] current global_ub=2400 from MIP
[ORCH 19:32:01] current global_ub=2400 from MIP
[ORCH 19:32:01] current global_ub=2400 from MIP
[MIP 19:32:02] OPTIMAL by MIP | obj=2400.000000 | solve=648.63s | total=649.09s
[ORCH 19:32:02] current global_ub=2400 from MIP
[ORCH 19:32:02] OPTIMAL found: 2400 by MIP

================================================================================
FINAL HYBRID STATE
================================================================================
best_source: MIP
deadline_ts: 1774531304.3639946
global_lb: None
global_ub: 2400
instance: instances/instance12.txt
mip_objbound: 2400.0
mip_objval: 2400.0
mip_solve_time_sec: 648.6325090280002
mip_status: RUNNING
mip_status_code: 2
mip_total_time_sec: 649.0922067310003
optimal_cost: 2400
sat_status: None
status: OPTIMAL
total_runtime_sec: 649.2343344999995
updated_at: 1774528322.387997
================================================================================

