=== run1 instance1 ===
[ORCH 18:23:26] starting workers
[ORCH 18:23:26] MIP cmd: /home/hungle/RCP_bench/.venv39/bin/python /home/hungle/RCP_bench/src/hybrid_mip_cplex_worker.py --inst instances/instance1.txt --state-file logs/shared_state.json --threads 1 --quiet
[ORCH 18:23:26] SAT cmd: /home/hungle/RCP_bench/.venv39/bin/python /home/hungle/RCP_bench/src/hybrid_sat_certifier_worker.py --inst instances/instance1.txt --state-file logs/shared_state.json --solver g42 --poll 0.5
[SAT 18:23:27] built F1 | vars=2578 | clauses=5997
[MIP-CPLEX 18:23:27] start optimize | threads=1 | time_limit=3599.26s
[MIP-CPLEX 18:23:27] OPTIMAL by MIP | obj=550.000000 | solve=0.18s | total=0.30s
[SAT 18:23:27] stop because global status=OPTIMAL
[ORCH 18:23:28] current global_ub=550 from MIP
[ORCH 18:23:28] OPTIMAL found: 550 by MIP

================================================================================
FINAL HYBRID STATE
================================================================================
best_source: MIP
deadline_ts: 1774527806.5682898
global_lb: None
global_ub: 550
instance: instances/instance1.txt
mip_objval: 550.0
mip_solve_time_sec: 0.1791366410000137
mip_status: OPTIMAL
mip_status_raw: integer optimal solution
mip_total_time_sec: 0.2983149930000195
optimal_cost: 550
sat_solver_time_sec: 0.0
sat_status: STOPPED_OPTIMAL
sat_total_time_sec: 0.5930700659999957
status: OPTIMAL
total_runtime_sec: 1.5292295010000316
updated_at: 1774524208.0916076
================================================================================

=== run1 instance2 ===
[ORCH 18:23:28] starting workers
[ORCH 18:23:28] MIP cmd: /home/hungle/RCP_bench/.venv39/bin/python /home/hungle/RCP_bench/src/hybrid_mip_cplex_worker.py --inst instances/instance2.txt --state-file logs/shared_state.json --threads 1 --quiet
[ORCH 18:23:28] SAT cmd: /home/hungle/RCP_bench/.venv39/bin/python /home/hungle/RCP_bench/src/hybrid_sat_certifier_worker.py --inst instances/instance2.txt --state-file logs/shared_state.json --solver g42 --poll 0.5
[MIP-CPLEX 18:23:28] start optimize | threads=1 | time_limit=3599.63s
[MIP-CPLEX 18:23:28] OPTIMAL by MIP | obj=1100.000000 | solve=1.54s | total=1.68s
[ORCH 18:23:29] current global_ub=1100 from MIP
[ORCH 18:23:29] OPTIMAL found: 1100 by MIP

================================================================================
FINAL HYBRID STATE
================================================================================
best_source: MIP
deadline_ts: 1774527808.212824
global_lb: None
global_ub: 1100
instance: instances/instance2.txt
mip_objval: 1100.0
mip_solve_time_sec: 1.5444566029999578
mip_status: OPTIMAL
mip_status_raw: integer optimal solution
mip_total_time_sec: 1.6777627499999994
optimal_cost: 1100
sat_status: None
status: OPTIMAL
total_runtime_sec: 2.523712432000025
updated_at: 1774524209.089835
================================================================================

=== run1 instance3 ===
[ORCH 18:23:29] starting workers
[ORCH 18:23:29] MIP cmd: /home/hungle/RCP_bench/.venv39/bin/python /home/hungle/RCP_bench/src/hybrid_mip_cplex_worker.py --inst instances/instance3.txt --state-file logs/shared_state.json --threads 1 --quiet
[ORCH 18:23:29] SAT cmd: /home/hungle/RCP_bench/.venv39/bin/python /home/hungle/RCP_bench/src/hybrid_sat_certifier_worker.py --inst instances/instance3.txt --state-file logs/shared_state.json --solver g42 --poll 0.5
[MIP-CPLEX 18:23:29] start optimize | threads=1 | time_limit=3599.67s
[MIP-CPLEX 18:23:33] OPTIMAL by MIP | obj=1200.000000 | solve=3.35s | total=3.51s
[ORCH 18:23:33] current global_ub=1200 from MIP
[ORCH 18:23:33] OPTIMAL found: 1200 by MIP

================================================================================
FINAL HYBRID STATE
================================================================================
best_source: MIP
deadline_ts: 1774527809.2715645
global_lb: None
global_ub: 1200
instance: instances/instance3.txt
mip_objval: 1200.0
mip_solve_time_sec: 3.3482030509999845
mip_status: OPTIMAL
mip_status_raw: integer optimal solution
mip_total_time_sec: 3.51155346500002
optimal_cost: 1200
sat_status: None
status: OPTIMAL
total_runtime_sec: 4.061683270999993
updated_at: 1774524213.3241827
================================================================================

=== run1 instance4 ===
[ORCH 18:23:33] starting workers
[ORCH 18:23:33] MIP cmd: /home/hungle/RCP_bench/.venv39/bin/python /home/hungle/RCP_bench/src/hybrid_mip_cplex_worker.py --inst instances/instance4.txt --state-file logs/shared_state.json --threads 1 --quiet
[ORCH 18:23:33] SAT cmd: /home/hungle/RCP_bench/.venv39/bin/python /home/hungle/RCP_bench/src/hybrid_sat_certifier_worker.py --inst instances/instance4.txt --state-file logs/shared_state.json --solver g42 --poll 0.5
[SAT 18:23:34] built F1 | vars=21881 | clauses=52573
[MIP-CPLEX 18:23:34] start optimize | threads=1 | time_limit=3599.58s
[MIP-CPLEX 18:23:36] OPTIMAL by MIP | obj=1150.000000 | solve=1.94s | total=2.27s
[ORCH 18:23:36] current global_ub=1150 from MIP
[ORCH 18:23:36] OPTIMAL found: 1150 by MIP

================================================================================
FINAL HYBRID STATE
================================================================================
best_source: MIP
deadline_ts: 1774527813.4563727
global_lb: None
global_ub: 1150
instance: instances/instance4.txt
mip_objval: 1150.0
mip_solve_time_sec: 1.9407665840000163
mip_status: OPTIMAL
mip_status_raw: integer optimal solution
mip_total_time_sec: 2.265182826
optimal_cost: 1150
sat_status: None
status: OPTIMAL
total_runtime_sec: 3.088619332999997
updated_at: 1774524216.5392773
================================================================================

=== run1 instance5 ===
[ORCH 18:23:36] starting workers
[ORCH 18:23:36] MIP cmd: /home/hungle/RCP_bench/.venv39/bin/python /home/hungle/RCP_bench/src/hybrid_mip_cplex_worker.py --inst instances/instance5.txt --state-file logs/shared_state.json --threads 1 --quiet
[ORCH 18:23:36] SAT cmd: /home/hungle/RCP_bench/.venv39/bin/python /home/hungle/RCP_bench/src/hybrid_sat_certifier_worker.py --inst instances/instance5.txt --state-file logs/shared_state.json --solver g42 --poll 0.5
[SAT 18:23:36] built F1 | vars=5714 | clauses=13116
[MIP-CPLEX 18:23:37] start optimize | threads=1 | time_limit=3599.66s
[MIP-CPLEX 18:23:37] OPTIMAL by MIP | obj=700.000000 | solve=0.29s | total=0.38s
[SAT 18:23:37] stop because global status=OPTIMAL
[ORCH 18:23:37] current global_ub=700 from MIP
[ORCH 18:23:37] OPTIMAL found: 700 by MIP

================================================================================
FINAL HYBRID STATE
================================================================================
best_source: MIP
deadline_ts: 1774527816.6387646
global_lb: None
global_ub: 700
instance: instances/instance5.txt
mip_objval: 700.0
mip_solve_time_sec: 0.289325711999993
mip_status: OPTIMAL
mip_status_raw: integer optimal solution
mip_total_time_sec: 0.38283241999999973
optimal_cost: 700
sat_solver_time_sec: 0.0
sat_status: STOPPED_OPTIMAL
sat_total_time_sec: 0.6810606860000235
status: OPTIMAL
total_runtime_sec: 1.0167074530000377
updated_at: 1774524217.6528568
================================================================================

=== run1 instance6 ===
[ORCH 18:23:37] starting workers
[ORCH 18:23:37] MIP cmd: /home/hungle/RCP_bench/.venv39/bin/python /home/hungle/RCP_bench/src/hybrid_mip_cplex_worker.py --inst instances/instance6.txt --state-file logs/shared_state.json --threads 1 --quiet
[ORCH 18:23:37] SAT cmd: /home/hungle/RCP_bench/.venv39/bin/python /home/hungle/RCP_bench/src/hybrid_sat_certifier_worker.py --inst instances/instance6.txt --state-file logs/shared_state.json --solver g42 --poll 0.5
[SAT 18:23:38] built F1 | vars=6527 | clauses=14941
[MIP-CPLEX 18:23:38] start optimize | threads=1 | time_limit=3599.72s
[MIP-CPLEX 18:23:38] OPTIMAL by MIP | obj=650.000000 | solve=0.25s | total=0.35s
[SAT 18:23:38] stop because global status=OPTIMAL
[ORCH 18:23:38] current global_ub=650 from MIP
[ORCH 18:23:38] OPTIMAL found: 650 by MIP

================================================================================
FINAL HYBRID STATE
================================================================================
best_source: MIP
deadline_ts: 1774527817.7364063
global_lb: None
global_ub: 650
instance: instances/instance6.txt
mip_objval: 650.0
mip_solve_time_sec: 0.2512559900000042
mip_status: OPTIMAL
mip_status_raw: integer optimal solution
mip_total_time_sec: 0.35222428800000216
optimal_cost: 650
sat_solver_time_sec: 0.0
sat_status: STOPPED_OPTIMAL
sat_total_time_sec: 0.6120465060000129
status: OPTIMAL
total_runtime_sec: 1.0173584570000003
updated_at: 1774524218.7521064
================================================================================

=== run1 instance7 ===
[ORCH 18:23:38] starting workers
[ORCH 18:23:38] MIP cmd: /home/hungle/RCP_bench/.venv39/bin/python /home/hungle/RCP_bench/src/hybrid_mip_cplex_worker.py --inst instances/instance7.txt --state-file logs/shared_state.json --threads 1 --quiet
[ORCH 18:23:38] SAT cmd: /home/hungle/RCP_bench/.venv39/bin/python /home/hungle/RCP_bench/src/hybrid_sat_certifier_worker.py --inst instances/instance7.txt --state-file logs/shared_state.json --solver g42 --poll 0.5
[MIP-CPLEX 18:23:39] start optimize | threads=1 | time_limit=3599.65s
[MIP-CPLEX 18:23:40] OPTIMAL by MIP | obj=850.000000 | solve=0.69s | total=0.81s
[ORCH 18:23:40] current global_ub=850 from MIP
[ORCH 18:23:40] OPTIMAL found: 850 by MIP

================================================================================
FINAL HYBRID STATE
================================================================================
best_source: MIP
deadline_ts: 1774527818.8504834
global_lb: None
global_ub: 850
instance: instances/instance7.txt
mip_objval: 850.0
mip_solve_time_sec: 0.6874569870000187
mip_status: OPTIMAL
mip_status_raw: integer optimal solution
mip_total_time_sec: 0.8077073099999552
optimal_cost: 850
sat_status: None
status: OPTIMAL
total_runtime_sec: 1.5231727190000015
updated_at: 1774524220.3718958
================================================================================

=== run1 instance8 ===
[ORCH 18:23:40] starting workers
[ORCH 18:23:40] MIP cmd: /home/hungle/RCP_bench/.venv39/bin/python /home/hungle/RCP_bench/src/hybrid_mip_cplex_worker.py --inst instances/instance8.txt --state-file logs/shared_state.json --threads 1 --quiet
[ORCH 18:23:40] SAT cmd: /home/hungle/RCP_bench/.venv39/bin/python /home/hungle/RCP_bench/src/hybrid_sat_certifier_worker.py --inst instances/instance8.txt --state-file logs/shared_state.json --solver g42 --poll 0.5
[MIP-CPLEX 18:23:40] start optimize | threads=1 | time_limit=3599.67s
[MIP-CPLEX 18:23:45] OPTIMAL by MIP | obj=900.000000 | solve=4.89s | total=5.05s
[ORCH 18:23:46] current global_ub=900 from MIP
[ORCH 18:23:46] OPTIMAL found: 900 by MIP

================================================================================
FINAL HYBRID STATE
================================================================================
best_source: MIP
deadline_ts: 1774527820.4665122
global_lb: None
global_ub: 900
instance: instances/instance8.txt
mip_objval: 900.0
mip_solve_time_sec: 4.888623309999957
mip_status: OPTIMAL
mip_status_raw: integer optimal solution
mip_total_time_sec: 5.045844008000017
optimal_cost: 900
sat_status: None
status: OPTIMAL
total_runtime_sec: 5.704692867000006
updated_at: 1774524226.1691937
================================================================================

=== run1 instance9 ===
[ORCH 18:23:46] starting workers
[ORCH 18:23:46] MIP cmd: /home/hungle/RCP_bench/.venv39/bin/python /home/hungle/RCP_bench/src/hybrid_mip_cplex_worker.py --inst instances/instance9.txt --state-file logs/shared_state.json --threads 1 --quiet
[ORCH 18:23:46] SAT cmd: /home/hungle/RCP_bench/.venv39/bin/python /home/hungle/RCP_bench/src/hybrid_sat_certifier_worker.py --inst instances/instance9.txt --state-file logs/shared_state.json --solver g42 --poll 0.5
[SAT 18:23:46] built F1 | vars=9791 | clauses=23005
[MIP-CPLEX 18:23:46] start optimize | threads=1 | time_limit=3599.68s
[MIP-CPLEX 18:23:47] OPTIMAL by MIP | obj=1000.000000 | solve=0.63s | total=0.78s
[SAT 18:23:47] stop because global status=OPTIMAL
[ORCH 18:23:47] current global_ub=1000 from MIP
[ORCH 18:23:47] OPTIMAL found: 1000 by MIP

================================================================================
FINAL HYBRID STATE
================================================================================
best_source: MIP
deadline_ts: 1774527826.259633
global_lb: None
global_ub: 1000
instance: instances/instance9.txt
mip_objval: 1000.0
mip_solve_time_sec: 0.6293226010000126
mip_status: OPTIMAL
mip_status_raw: integer optimal solution
mip_total_time_sec: 0.7837914890000093
optimal_cost: 1000
sat_solver_time_sec: 0.0
sat_status: STOPPED_OPTIMAL
sat_total_time_sec: 1.1109078799999565
status: OPTIMAL
total_runtime_sec: 1.5253665820000037
updated_at: 1774524227.7789726
================================================================================

=== run1 instance10 ===
[ORCH 18:23:47] starting workers
[ORCH 18:23:47] MIP cmd: /home/hungle/RCP_bench/.venv39/bin/python /home/hungle/RCP_bench/src/hybrid_mip_cplex_worker.py --inst instances/instance10.txt --state-file logs/shared_state.json --threads 1 --quiet
[ORCH 18:23:47] SAT cmd: /home/hungle/RCP_bench/.venv39/bin/python /home/hungle/RCP_bench/src/hybrid_sat_certifier_worker.py --inst instances/instance10.txt --state-file logs/shared_state.json --solver g42 --poll 0.5
[MIP-CPLEX 18:23:48] start optimize | threads=1 | time_limit=3599.58s
[MIP-CPLEX 18:23:53] OPTIMAL by MIP | obj=1650.000000 | solve=5.40s | total=5.66s
[ORCH 18:23:54] current global_ub=1650 from MIP
[ORCH 18:23:54] OPTIMAL found: 1650 by MIP

================================================================================
FINAL HYBRID STATE
================================================================================
best_source: MIP
deadline_ts: 1774527827.872373
global_lb: None
global_ub: 1650
instance: instances/instance10.txt
mip_objval: 1650.0
mip_solve_time_sec: 5.4019968310000195
mip_status: OPTIMAL
mip_status_raw: integer optimal solution
mip_total_time_sec: 5.6550017619999835
optimal_cost: 1650
sat_status: None
status: OPTIMAL
total_runtime_sec: 6.134899435999955
updated_at: 1774524234.004752
================================================================================

=== run1 instance11 ===
[ORCH 18:23:54] starting workers
[ORCH 18:23:54] MIP cmd: /home/hungle/RCP_bench/.venv39/bin/python /home/hungle/RCP_bench/src/hybrid_mip_cplex_worker.py --inst instances/instance11.txt --state-file logs/shared_state.json --threads 1 --quiet
[ORCH 18:23:54] SAT cmd: /home/hungle/RCP_bench/.venv39/bin/python /home/hungle/RCP_bench/src/hybrid_sat_certifier_worker.py --inst instances/instance11.txt --state-file logs/shared_state.json --solver g42 --poll 0.5
[MIP-CPLEX 18:23:55] start optimize | threads=1 | time_limit=3599.53s
[SAT 18:24:06] built F1 | vars=68113 | clauses=171765
[MIP-CPLEX 18:25:58] OPTIMAL by MIP | obj=2250.000000 | solve=130.15s | total=130.69s
[ORCH 18:25:58] current global_ub=2250 from MIP
[ORCH 18:25:58] OPTIMAL found: 2250 by MIP

================================================================================
FINAL HYBRID STATE
================================================================================
best_source: MIP
deadline_ts: 1774527834.1178308
global_lb: None
global_ub: 2250
instance: instances/instance11.txt
mip_objval: 2250.0
mip_solve_time_sec: 130.151288342
mip_status: OPTIMAL
mip_status_raw: integer optimal solution
mip_total_time_sec: 130.69017541700003
optimal_cost: 2250
sat_status: None
status: OPTIMAL
total_runtime_sec: 131.251107419
updated_at: 1774524358.4891021
================================================================================

=== run1 instance12 ===
[ORCH 18:25:58] starting workers
[ORCH 18:25:58] MIP cmd: /home/hungle/RCP_bench/.venv39/bin/python /home/hungle/RCP_bench/src/hybrid_mip_cplex_worker.py --inst instances/instance12.txt --state-file logs/shared_state.json --threads 1 --quiet
[ORCH 18:25:58] SAT cmd: /home/hungle/RCP_bench/.venv39/bin/python /home/hungle/RCP_bench/src/hybrid_sat_certifier_worker.py --inst instances/instance12.txt --state-file logs/shared_state.json --solver g42 --poll 0.5
[MIP-CPLEX 18:25:59] start optimize | threads=1 | time_limit=3599.64s
[MIP-CPLEX 18:28:00] OPTIMAL by MIP | obj=2400.000000 | solve=127.89s | total=128.60s
[ORCH 18:28:00] current global_ub=2400 from MIP
[ORCH 18:28:00] OPTIMAL found: 2400 by MIP

================================================================================
FINAL HYBRID STATE
================================================================================
best_source: MIP
deadline_ts: 1774527958.6208408
global_lb: None
global_ub: 2400
instance: instances/instance12.txt
mip_objval: 2400.0
mip_solve_time_sec: 127.89239999300003
mip_status: OPTIMAL
mip_status_raw: integer optimal solution
mip_total_time_sec: 128.60032321900007
optimal_cost: 2400
sat_status: None
status: OPTIMAL
total_runtime_sec: 128.972640943
updated_at: 1774524480.7607465
================================================================================

