=== run5 instance1 ===
[ORCH 14:24:26] starting workers
[ORCH 14:24:26] MIP cmd: /home/hungle/RCP_bench/.venv39/bin/python /home/hungle/RCP_bench/src/hybrid_mip_cplex_worker.py --inst instances/instance1.txt --state-file logs/shared_state.json --threads 1 --quiet
[ORCH 14:24:26] SAT cmd: /home/hungle/RCP_bench/.venv39/bin/python /home/hungle/RCP_bench/src/hybrid_sat_reuse_var_certifier_worker.py --inst instances/instance1.txt --state-file logs/shared_state.json --solver g42 --poll 0.5
[SAT-COUNT 14:24:26] built F1 | vars=2578 | clauses=5997
[MIP-CPLEX 14:24:26] start optimize | threads=1 | time_limit=3599.73s
[MIP-CPLEX 14:24:26] OPTIMAL by MIP | obj=550.000000 | solve=0.13s | total=0.20s
[ORCH 14:24:26] current global_ub=550 from MIP
[ORCH 14:24:26] OPTIMAL found: 550 by MIP

================================================================================
FINAL HYBRID STATE
================================================================================
best_source: MIP
deadline_ts: 1774945466.2864332
global_lb: None
global_ub: 550
instance: instances/instance1.txt
mip_objval: 550.0
mip_solve_time_sec: 0.1298521440003242
mip_status: OPTIMAL
mip_status_raw: integer optimal solution
mip_total_time_sec: 0.20185857000024043
optimal_cost: 550
sat_status: None
status: OPTIMAL
total_runtime_sec: 0.5134099980000428
updated_at: 1774941866.7978761
================================================================================

=== run5 instance2 ===
[ORCH 14:24:26] starting workers
[ORCH 14:24:26] MIP cmd: /home/hungle/RCP_bench/.venv39/bin/python /home/hungle/RCP_bench/src/hybrid_mip_cplex_worker.py --inst instances/instance2.txt --state-file logs/shared_state.json --threads 1 --quiet
[ORCH 14:24:26] SAT cmd: /home/hungle/RCP_bench/.venv39/bin/python /home/hungle/RCP_bench/src/hybrid_sat_reuse_var_certifier_worker.py --inst instances/instance2.txt --state-file logs/shared_state.json --solver g42 --poll 0.5
[MIP-CPLEX 14:24:27] start optimize | threads=1 | time_limit=3599.69s
[MIP-CPLEX 14:24:28] OPTIMAL by MIP | obj=1100.000000 | solve=1.51s | total=1.62s
[ORCH 14:24:28] current global_ub=1100 from MIP
[ORCH 14:24:28] OPTIMAL found: 1100 by MIP

================================================================================
FINAL HYBRID STATE
================================================================================
best_source: MIP
deadline_ts: 1774945466.8834245
global_lb: None
global_ub: 1100
instance: instances/instance2.txt
mip_objval: 1100.0
mip_solve_time_sec: 1.5125884409999344
mip_status: OPTIMAL
mip_status_raw: integer optimal solution
mip_total_time_sec: 1.6172519039996587
optimal_cost: 1100
sat_status: None
status: OPTIMAL
total_runtime_sec: 2.048225590000129
updated_at: 1774941868.927754
================================================================================

=== run5 instance3 ===
[ORCH 14:24:29] starting workers
[ORCH 14:24:29] MIP cmd: /home/hungle/RCP_bench/.venv39/bin/python /home/hungle/RCP_bench/src/hybrid_mip_cplex_worker.py --inst instances/instance3.txt --state-file logs/shared_state.json --threads 1 --quiet
[ORCH 14:24:29] SAT cmd: /home/hungle/RCP_bench/.venv39/bin/python /home/hungle/RCP_bench/src/hybrid_sat_reuse_var_certifier_worker.py --inst instances/instance3.txt --state-file logs/shared_state.json --solver g42 --poll 0.5
[MIP-CPLEX 14:24:29] start optimize | threads=1 | time_limit=3599.67s
[MIP-CPLEX 14:24:32] OPTIMAL by MIP | obj=1200.000000 | solve=2.79s | total=3.18s
[ORCH 14:24:32] current global_ub=1200 from MIP
[ORCH 14:24:32] OPTIMAL found: 1200 by MIP

================================================================================
FINAL HYBRID STATE
================================================================================
best_source: MIP
deadline_ts: 1774945469.003861
global_lb: None
global_ub: 1200
instance: instances/instance3.txt
mip_objval: 1200.0
mip_solve_time_sec: 2.7850378040002397
mip_status: OPTIMAL
mip_status_raw: integer optimal solution
mip_total_time_sec: 3.182242130999839
optimal_cost: 1200
sat_status: None
status: OPTIMAL
total_runtime_sec: 3.52825989799976
updated_at: 1774941872.529949
================================================================================

=== run5 instance4 ===
[ORCH 14:24:32] starting workers
[ORCH 14:24:32] MIP cmd: /home/hungle/RCP_bench/.venv39/bin/python /home/hungle/RCP_bench/src/hybrid_mip_cplex_worker.py --inst instances/instance4.txt --state-file logs/shared_state.json --threads 1 --quiet
[ORCH 14:24:32] SAT cmd: /home/hungle/RCP_bench/.venv39/bin/python /home/hungle/RCP_bench/src/hybrid_sat_reuse_var_certifier_worker.py --inst instances/instance4.txt --state-file logs/shared_state.json --solver g42 --poll 0.5
[SAT-COUNT 14:24:33] built F1 | vars=21881 | clauses=52573
[MIP-CPLEX 14:24:33] start optimize | threads=1 | time_limit=3599.65s
[MIP-CPLEX 14:24:34] OPTIMAL by MIP | obj=1150.000000 | solve=1.56s | total=1.75s
[ORCH 14:24:35] current global_ub=1150 from MIP
[ORCH 14:24:35] OPTIMAL found: 1150 by MIP

================================================================================
FINAL HYBRID STATE
================================================================================
best_source: MIP
deadline_ts: 1774945472.6205778
global_lb: None
global_ub: 1150
instance: instances/instance4.txt
mip_objval: 1150.0
mip_solve_time_sec: 1.5648383839998132
mip_status: OPTIMAL
mip_status_raw: integer optimal solution
mip_total_time_sec: 1.751091180000003
optimal_cost: 1150
sat_solver_time_sec: 0.0
sat_status: STOPPED_OPTIMAL
sat_total_time_sec: 2.286286411999754
status: OPTIMAL
total_runtime_sec: 2.5506449539998357
updated_at: 1774941875.1689537
================================================================================

=== run5 instance5 ===
[ORCH 14:24:35] starting workers
[ORCH 14:24:35] MIP cmd: /home/hungle/RCP_bench/.venv39/bin/python /home/hungle/RCP_bench/src/hybrid_mip_cplex_worker.py --inst instances/instance5.txt --state-file logs/shared_state.json --threads 1 --quiet
[ORCH 14:24:35] SAT cmd: /home/hungle/RCP_bench/.venv39/bin/python /home/hungle/RCP_bench/src/hybrid_sat_reuse_var_certifier_worker.py --inst instances/instance5.txt --state-file logs/shared_state.json --solver g42 --poll 0.5
[MIP-CPLEX 14:24:35] start optimize | threads=1 | time_limit=3599.79s
[SAT-COUNT 14:24:35] built F1 | vars=5714 | clauses=13116
[MIP-CPLEX 14:24:35] OPTIMAL by MIP | obj=700.000000 | solve=0.25s | total=0.31s
[ORCH 14:24:36] current global_ub=700 from MIP
[ORCH 14:24:36] OPTIMAL found: 700 by MIP

================================================================================
FINAL HYBRID STATE
================================================================================
best_source: MIP
deadline_ts: 1774945475.2203412
global_lb: None
global_ub: 700
instance: instances/instance5.txt
mip_objval: 700.0
mip_solve_time_sec: 0.24630394999985583
mip_status: OPTIMAL
mip_status_raw: integer optimal solution
mip_total_time_sec: 0.30765964900001563
optimal_cost: 700
sat_solver_time_sec: 0.0
sat_status: STOPPED_OPTIMAL
sat_total_time_sec: 0.6359275499999058
status: OPTIMAL
total_runtime_sec: 1.0117710610002177
updated_at: 1774941876.2307572
================================================================================

=== run5 instance6 ===
[ORCH 14:24:36] starting workers
[ORCH 14:24:36] MIP cmd: /home/hungle/RCP_bench/.venv39/bin/python /home/hungle/RCP_bench/src/hybrid_mip_cplex_worker.py --inst instances/instance6.txt --state-file logs/shared_state.json --threads 1 --quiet
[ORCH 14:24:36] SAT cmd: /home/hungle/RCP_bench/.venv39/bin/python /home/hungle/RCP_bench/src/hybrid_sat_reuse_var_certifier_worker.py --inst instances/instance6.txt --state-file logs/shared_state.json --solver g42 --poll 0.5
[SAT-COUNT 14:24:36] built F1 | vars=6527 | clauses=14941
[MIP-CPLEX 14:24:36] start optimize | threads=1 | time_limit=3599.77s
[MIP-CPLEX 14:24:36] OPTIMAL by MIP | obj=650.000000 | solve=0.24s | total=0.32s
[ORCH 14:24:37] current global_ub=650 from MIP
[ORCH 14:24:37] OPTIMAL found: 650 by MIP

================================================================================
FINAL HYBRID STATE
================================================================================
best_source: MIP
deadline_ts: 1774945476.2799165
global_lb: None
global_ub: 650
instance: instances/instance6.txt
mip_objval: 650.0
mip_solve_time_sec: 0.2445785429999887
mip_status: OPTIMAL
mip_status_raw: integer optimal solution
mip_total_time_sec: 0.3248330490000626
optimal_cost: 650
sat_solver_time_sec: 0.0
sat_status: STOPPED_OPTIMAL
sat_total_time_sec: 0.6229794070000025
status: OPTIMAL
total_runtime_sec: 1.011852252999688
updated_at: 1774941877.2904944
================================================================================

=== run5 instance7 ===
[ORCH 14:24:37] starting workers
[ORCH 14:24:37] MIP cmd: /home/hungle/RCP_bench/.venv39/bin/python /home/hungle/RCP_bench/src/hybrid_mip_cplex_worker.py --inst instances/instance7.txt --state-file logs/shared_state.json --threads 1 --quiet
[ORCH 14:24:37] SAT cmd: /home/hungle/RCP_bench/.venv39/bin/python /home/hungle/RCP_bench/src/hybrid_sat_reuse_var_certifier_worker.py --inst instances/instance7.txt --state-file logs/shared_state.json --solver g42 --poll 0.5
[MIP-CPLEX 14:24:37] start optimize | threads=1 | time_limit=3599.69s
[MIP-CPLEX 14:24:38] OPTIMAL by MIP | obj=850.000000 | solve=0.73s | total=0.82s
[ORCH 14:24:38] current global_ub=850 from MIP
[ORCH 14:24:38] OPTIMAL found: 850 by MIP

================================================================================
FINAL HYBRID STATE
================================================================================
best_source: MIP
deadline_ts: 1774945477.3562863
global_lb: None
global_ub: 850
instance: instances/instance7.txt
mip_objval: 850.0
mip_solve_time_sec: 0.7288417099998696
mip_status: OPTIMAL
mip_status_raw: integer optimal solution
mip_total_time_sec: 0.82336958399992
optimal_cost: 850
sat_status: None
status: OPTIMAL
total_runtime_sec: 1.5163746329999412
updated_at: 1774941878.8709848
================================================================================

=== run5 instance8 ===
[ORCH 14:24:39] starting workers
[ORCH 14:24:39] MIP cmd: /home/hungle/RCP_bench/.venv39/bin/python /home/hungle/RCP_bench/src/hybrid_mip_cplex_worker.py --inst instances/instance8.txt --state-file logs/shared_state.json --threads 1 --quiet
[ORCH 14:24:39] SAT cmd: /home/hungle/RCP_bench/.venv39/bin/python /home/hungle/RCP_bench/src/hybrid_sat_reuse_var_certifier_worker.py --inst instances/instance8.txt --state-file logs/shared_state.json --solver g42 --poll 0.5
[MIP-CPLEX 14:24:39] start optimize | threads=1 | time_limit=3599.58s
[MIP-CPLEX 14:24:45] OPTIMAL by MIP | obj=900.000000 | solve=5.80s | total=6.05s
[ORCH 14:24:45] current global_ub=900 from MIP
[ORCH 14:24:45] OPTIMAL found: 900 by MIP

================================================================================
FINAL HYBRID STATE
================================================================================
best_source: MIP
deadline_ts: 1774945478.9997854
global_lb: None
global_ub: 900
instance: instances/instance8.txt
mip_objval: 900.0
mip_solve_time_sec: 5.801343801000257
mip_status: OPTIMAL
mip_status_raw: integer optimal solution
mip_total_time_sec: 6.052926803999981
optimal_cost: 900
sat_status: None
status: OPTIMAL
total_runtime_sec: 6.538069551999797
updated_at: 1774941885.5341036
================================================================================

=== run5 instance9 ===
[ORCH 14:24:45] starting workers
[ORCH 14:24:45] MIP cmd: /home/hungle/RCP_bench/.venv39/bin/python /home/hungle/RCP_bench/src/hybrid_mip_cplex_worker.py --inst instances/instance9.txt --state-file logs/shared_state.json --threads 1 --quiet
[ORCH 14:24:45] SAT cmd: /home/hungle/RCP_bench/.venv39/bin/python /home/hungle/RCP_bench/src/hybrid_sat_reuse_var_certifier_worker.py --inst instances/instance9.txt --state-file logs/shared_state.json --solver g42 --poll 0.5
[SAT-COUNT 14:24:46] built F1 | vars=9791 | clauses=23005
[MIP-CPLEX 14:24:46] start optimize | threads=1 | time_limit=3599.49s
[MIP-CPLEX 14:24:47] OPTIMAL by MIP | obj=1000.000000 | solve=0.81s | total=0.99s
[ORCH 14:24:47] current global_ub=1000 from MIP
[ORCH 14:24:47] OPTIMAL found: 1000 by MIP

================================================================================
FINAL HYBRID STATE
================================================================================
best_source: MIP
deadline_ts: 1774945485.7013679
global_lb: None
global_ub: 1000
instance: instances/instance9.txt
mip_objval: 1000.0
mip_solve_time_sec: 0.814500740999847
mip_status: OPTIMAL
mip_status_raw: integer optimal solution
mip_total_time_sec: 0.9889496350001536
optimal_cost: 1000
sat_status: None
status: OPTIMAL
total_runtime_sec: 1.5267115360002208
updated_at: 1774941887.2235403
================================================================================

=== run5 instance10 ===
[ORCH 14:24:47] starting workers
[ORCH 14:24:47] MIP cmd: /home/hungle/RCP_bench/.venv39/bin/python /home/hungle/RCP_bench/src/hybrid_mip_cplex_worker.py --inst instances/instance10.txt --state-file logs/shared_state.json --threads 1 --quiet
[ORCH 14:24:47] SAT cmd: /home/hungle/RCP_bench/.venv39/bin/python /home/hungle/RCP_bench/src/hybrid_sat_reuse_var_certifier_worker.py --inst instances/instance10.txt --state-file logs/shared_state.json --solver g42 --poll 0.5
[MIP-CPLEX 14:24:48] start optimize | threads=1 | time_limit=3599.55s
[MIP-CPLEX 14:24:53] OPTIMAL by MIP | obj=1650.000000 | solve=5.61s | total=5.96s
[ORCH 14:24:53] current global_ub=1650 from MIP
[ORCH 14:24:53] OPTIMAL found: 1650 by MIP

================================================================================
FINAL HYBRID STATE
================================================================================
best_source: MIP
deadline_ts: 1774945487.34095
global_lb: None
global_ub: 1650
instance: instances/instance10.txt
mip_objval: 1650.0
mip_solve_time_sec: 5.609226458000194
mip_status: OPTIMAL
mip_status_raw: integer optimal solution
mip_total_time_sec: 5.959344620000138
optimal_cost: 1650
sat_status: None
status: OPTIMAL
total_runtime_sec: 6.5339583330001005
updated_at: 1774941893.8717003
================================================================================

=== run5 instance11 ===
[ORCH 14:24:53] starting workers
[ORCH 14:24:53] MIP cmd: /home/hungle/RCP_bench/.venv39/bin/python /home/hungle/RCP_bench/src/hybrid_mip_cplex_worker.py --inst instances/instance11.txt --state-file logs/shared_state.json --threads 1 --quiet
[ORCH 14:24:53] SAT cmd: /home/hungle/RCP_bench/.venv39/bin/python /home/hungle/RCP_bench/src/hybrid_sat_reuse_var_certifier_worker.py --inst instances/instance11.txt --state-file logs/shared_state.json --solver g42 --poll 0.5
[MIP-CPLEX 14:24:54] start optimize | threads=1 | time_limit=3599.69s
[SAT-COUNT 14:25:04] built F1 | vars=68113 | clauses=171765
[MIP-CPLEX 14:26:08] OPTIMAL by MIP | obj=2250.000000 | solve=74.06s | total=74.39s
[ORCH 14:26:08] current global_ub=2250 from MIP
[ORCH 14:26:08] OPTIMAL found: 2250 by MIP

================================================================================
FINAL HYBRID STATE
================================================================================
best_source: MIP
deadline_ts: 1774945493.9614031
global_lb: None
global_ub: 2250
instance: instances/instance11.txt
mip_objval: 2250.0
mip_solve_time_sec: 74.06365796299997
mip_status: OPTIMAL
mip_status_raw: integer optimal solution
mip_total_time_sec: 74.39141400900007
optimal_cost: 2250
sat_status: None
status: OPTIMAL
total_runtime_sec: 74.75718465699993
updated_at: 1774941968.7154708
================================================================================

=== run5 instance12 ===
[ORCH 14:26:08] starting workers
[ORCH 14:26:08] MIP cmd: /home/hungle/RCP_bench/.venv39/bin/python /home/hungle/RCP_bench/src/hybrid_mip_cplex_worker.py --inst instances/instance12.txt --state-file logs/shared_state.json --threads 1 --quiet
[ORCH 14:26:08] SAT cmd: /home/hungle/RCP_bench/.venv39/bin/python /home/hungle/RCP_bench/src/hybrid_sat_reuse_var_certifier_worker.py --inst instances/instance12.txt --state-file logs/shared_state.json --solver g42 --poll 0.5
[MIP-CPLEX 14:26:09] start optimize | threads=1 | time_limit=3599.78s
[MIP-CPLEX 14:27:36] OPTIMAL by MIP | obj=2400.000000 | solve=86.96s | total=87.32s
[ORCH 14:27:36] current global_ub=2400 from MIP
[ORCH 14:27:36] OPTIMAL found: 2400 by MIP

================================================================================
FINAL HYBRID STATE
================================================================================
best_source: MIP
deadline_ts: 1774945568.775794
global_lb: None
global_ub: 2400
instance: instances/instance12.txt
mip_objval: 2400.0
mip_solve_time_sec: 86.95871236199991
mip_status: OPTIMAL
mip_status_raw: integer optimal solution
mip_total_time_sec: 87.31818718199975
optimal_cost: 2400
sat_status: None
status: OPTIMAL
total_runtime_sec: 87.71879642800013
updated_at: 1774942056.4931257
================================================================================

